running egg_info
creating ../../build/learm_ros2_moveit_config/learm_ros2_moveit_config.egg-info
writing ../../build/learm_ros2_moveit_config/learm_ros2_moveit_config.egg-info/PKG-INFO
writing dependency_links to ../../build/learm_ros2_moveit_config/learm_ros2_moveit_config.egg-info/dependency_links.txt
writing entry points to ../../build/learm_ros2_moveit_config/learm_ros2_moveit_config.egg-info/entry_points.txt
writing requirements to ../../build/learm_ros2_moveit_config/learm_ros2_moveit_config.egg-info/requires.txt
writing top-level names to ../../build/learm_ros2_moveit_config/learm_ros2_moveit_config.egg-info/top_level.txt
writing manifest file '../../build/learm_ros2_moveit_config/learm_ros2_moveit_config.egg-info/SOURCES.txt'
reading manifest file '../../build/learm_ros2_moveit_config/learm_ros2_moveit_config.egg-info/SOURCES.txt'
writing manifest file '../../build/learm_ros2_moveit_config/learm_ros2_moveit_config.egg-info/SOURCES.txt'
running build
running build_py
creating /home/lk/learm_ws/build/learm_ros2_moveit_config/build
creating /home/lk/learm_ws/build/learm_ros2_moveit_config/build/lib
creating /home/lk/learm_ws/build/learm_ros2_moveit_config/build/lib/learm_ros2_moveit_config
copying learm_ros2_moveit_config/__init__.py -> /home/lk/learm_ws/build/learm_ros2_moveit_config/build/lib/learm_ros2_moveit_config
running install
running install_lib
creating /home/lk/learm_ws/install/learm_ros2_moveit_config/lib/python3.10/site-packages/learm_ros2_moveit_config
copying /home/lk/learm_ws/build/learm_ros2_moveit_config/build/lib/learm_ros2_moveit_config/__init__.py -> /home/lk/learm_ws/install/learm_ros2_moveit_config/lib/python3.10/site-packages/learm_ros2_moveit_config
byte-compiling /home/lk/learm_ws/install/learm_ros2_moveit_config/lib/python3.10/site-packages/learm_ros2_moveit_config/__init__.py to __init__.cpython-310.pyc
running install_data
creating /home/lk/learm_ws/install/learm_ros2_moveit_config/share/ament_index
creating /home/lk/learm_ws/install/learm_ros2_moveit_config/share/ament_index/resource_index
creating /home/lk/learm_ws/install/learm_ros2_moveit_config/share/ament_index/resource_index/packages
copying resource/learm_ros2_moveit_config -> /home/lk/learm_ws/install/learm_ros2_moveit_config/share/ament_index/resource_index/packages
copying package.xml -> /home/lk/learm_ws/install/learm_ros2_moveit_config/share/learm_ros2_moveit_config
creating /home/lk/learm_ws/install/learm_ros2_moveit_config/share/learm_ros2_moveit_config/launch
copying launch/demo_gazebo.launch -> /home/lk/learm_ws/install/learm_ros2_moveit_config/share/learm_ros2_moveit_config/launch
copying launch/simple_moveit_controller_manager.launch.xml -> /home/lk/learm_ws/install/learm_ros2_moveit_config/share/learm_ros2_moveit_config/launch
copying launch/planning_pipeline.launch.xml -> /home/lk/learm_ws/install/learm_ros2_moveit_config/share/learm_ros2_moveit_config/launch
copying launch/joystick_control.launch -> /home/lk/learm_ws/install/learm_ros2_moveit_config/share/learm_ros2_moveit_config/launch
copying launch/setup_assistant.launch -> /home/lk/learm_ws/install/learm_ros2_moveit_config/share/learm_ros2_moveit_config/launch
copying launch/gazebo.launch -> /home/lk/learm_ws/install/learm_ros2_moveit_config/share/learm_ros2_moveit_config/launch
copying launch/ompl_planning_pipeline.launch.xml -> /home/lk/learm_ws/install/learm_ros2_moveit_config/share/learm_ros2_moveit_config/launch
copying launch/ros_controllers.launch -> /home/lk/learm_ws/install/learm_ros2_moveit_config/share/learm_ros2_moveit_config/launch
copying launch/sensor_manager.launch.xml -> /home/lk/learm_ws/install/learm_ros2_moveit_config/share/learm_ros2_moveit_config/launch
copying launch/demo2.launch -> /home/lk/learm_ws/install/learm_ros2_moveit_config/share/learm_ros2_moveit_config/launch
copying launch/demo.launch -> /home/lk/learm_ws/install/learm_ros2_moveit_config/share/learm_ros2_moveit_config/launch
copying launch/ros_control_moveit_controller_manager.launch.xml -> /home/lk/learm_ws/install/learm_ros2_moveit_config/share/learm_ros2_moveit_config/launch
copying launch/demo2.launch.py -> /home/lk/learm_ws/install/learm_ros2_moveit_config/share/learm_ros2_moveit_config/launch
copying launch/LeArm_moveit_sensor_manager.launch.xml -> /home/lk/learm_ws/install/learm_ros2_moveit_config/share/learm_ros2_moveit_config/launch
copying launch/ompl-chomp_planning_pipeline.launch.xml -> /home/lk/learm_ws/install/learm_ros2_moveit_config/share/learm_ros2_moveit_config/launch
copying launch/moveit.rviz -> /home/lk/learm_ws/install/learm_ros2_moveit_config/share/learm_ros2_moveit_config/launch
copying launch/warehouse.launch -> /home/lk/learm_ws/install/learm_ros2_moveit_config/share/learm_ros2_moveit_config/launch
copying launch/pilz_industrial_motion_planner_planning_pipeline.launch.xml -> /home/lk/learm_ws/install/learm_ros2_moveit_config/share/learm_ros2_moveit_config/launch
copying launch/trajectory_execution.launch.xml -> /home/lk/learm_ws/install/learm_ros2_moveit_config/share/learm_ros2_moveit_config/launch
copying launch/run_benchmark_ompl.launch -> /home/lk/learm_ws/install/learm_ros2_moveit_config/share/learm_ros2_moveit_config/launch
copying launch/default_warehouse_db.launch -> /home/lk/learm_ws/install/learm_ros2_moveit_config/share/learm_ros2_moveit_config/launch
copying launch/move_group.launch -> /home/lk/learm_ws/install/learm_ros2_moveit_config/share/learm_ros2_moveit_config/launch
copying launch/stomp_planning_pipeline.launch.xml -> /home/lk/learm_ws/install/learm_ros2_moveit_config/share/learm_ros2_moveit_config/launch
copying launch/warehouse_settings.launch.xml -> /home/lk/learm_ws/install/learm_ros2_moveit_config/share/learm_ros2_moveit_config/launch
copying launch/moveit_rviz.launch -> /home/lk/learm_ws/install/learm_ros2_moveit_config/share/learm_ros2_moveit_config/launch
copying launch/chomp_planning_pipeline.launch.xml -> /home/lk/learm_ws/install/learm_ros2_moveit_config/share/learm_ros2_moveit_config/launch
copying launch/planning_context.launch -> /home/lk/learm_ws/install/learm_ros2_moveit_config/share/learm_ros2_moveit_config/launch
copying launch/fake_moveit_controller_manager.launch.xml -> /home/lk/learm_ws/install/learm_ros2_moveit_config/share/learm_ros2_moveit_config/launch
creating /home/lk/learm_ws/install/learm_ros2_moveit_config/share/learm_ros2_moveit_config/config
copying config/chomp_planning.yaml -> /home/lk/learm_ws/install/learm_ros2_moveit_config/share/learm_ros2_moveit_config/config
copying config/sensors_3d.yaml -> /home/lk/learm_ws/install/learm_ros2_moveit_config/share/learm_ros2_moveit_config/config
copying config/LeArm.srdf -> /home/lk/learm_ws/install/learm_ros2_moveit_config/share/learm_ros2_moveit_config/config
copying config/cartesian_limits.yaml -> /home/lk/learm_ws/install/learm_ros2_moveit_config/share/learm_ros2_moveit_config/config
copying config/simple_moveit_controllers.yaml -> /home/lk/learm_ws/install/learm_ros2_moveit_config/share/learm_ros2_moveit_config/config
copying config/gazebo_controllers.yaml -> /home/lk/learm_ws/install/learm_ros2_moveit_config/share/learm_ros2_moveit_config/config
copying config/stomp_planning.yaml -> /home/lk/learm_ws/install/learm_ros2_moveit_config/share/learm_ros2_moveit_config/config
running install_egg_info
Copying ../../build/learm_ros2_moveit_config/learm_ros2_moveit_config.egg-info to /home/lk/learm_ws/install/learm_ros2_moveit_config/lib/python3.10/site-packages/learm_ros2_moveit_config-0.0.0-py3.10.egg-info
running install_scripts
writing list of installed files to '/home/lk/learm_ws/build/learm_ros2_moveit_config/install.log'
