[0.659s] Invoking command in '/home/lk/learm_ws/src/learm_ros2_moveit_config': AMENT_PREFIX_PATH=/home/lk/learm_ws/install/learm_ros2:${AMENT_PREFIX_PATH} PYTHONPATH=/home/lk/learm_ws/build/learm_ros2_moveit_config/prefix_override:/home/lk/learm_ws/install/learm_ros2_moveit_config/lib/python3.10/site-packages:/home/lk/learm_ws/install/learm_ros2/lib/python3.10/site-packages:${PYTHONPATH} /usr/bin/python3 setup.py egg_info --egg-base ../../build/learm_ros2_moveit_config build --build-base /home/lk/learm_ws/build/learm_ros2_moveit_config/build install --record /home/lk/learm_ws/build/learm_ros2_moveit_config/install.log --single-version-externally-managed
[0.865s] running egg_info
[0.865s] creating ../../build/learm_ros2_moveit_config/learm_ros2_moveit_config.egg-info
[0.865s] writing ../../build/learm_ros2_moveit_config/learm_ros2_moveit_config.egg-info/PKG-INFO
[0.866s] writing dependency_links to ../../build/learm_ros2_moveit_config/learm_ros2_moveit_config.egg-info/dependency_links.txt
[0.866s] writing entry points to ../../build/learm_ros2_moveit_config/learm_ros2_moveit_config.egg-info/entry_points.txt
[0.866s] writing requirements to ../../build/learm_ros2_moveit_config/learm_ros2_moveit_config.egg-info/requires.txt
[0.866s] writing top-level names to ../../build/learm_ros2_moveit_config/learm_ros2_moveit_config.egg-info/top_level.txt
[0.866s] writing manifest file '../../build/learm_ros2_moveit_config/learm_ros2_moveit_config.egg-info/SOURCES.txt'
[0.868s] reading manifest file '../../build/learm_ros2_moveit_config/learm_ros2_moveit_config.egg-info/SOURCES.txt'
[0.868s] writing manifest file '../../build/learm_ros2_moveit_config/learm_ros2_moveit_config.egg-info/SOURCES.txt'
[0.869s] running build
[0.869s] running build_py
[0.869s] creating /home/lk/learm_ws/build/learm_ros2_moveit_config/build
[0.869s] creating /home/lk/learm_ws/build/learm_ros2_moveit_config/build/lib
[0.869s] creating /home/lk/learm_ws/build/learm_ros2_moveit_config/build/lib/learm_ros2_moveit_config
[0.869s] copying learm_ros2_moveit_config/__init__.py -> /home/lk/learm_ws/build/learm_ros2_moveit_config/build/lib/learm_ros2_moveit_config
[0.869s] running install
[0.869s] /usr/lib/python3/dist-packages/setuptools/command/install.py:34: SetuptoolsDeprecationWarning: setup.py install is deprecated. Use build and pip and other standards-based tools.
[0.870s]   warnings.warn(
[0.870s] running install_lib
[0.870s] creating /home/lk/learm_ws/install/learm_ros2_moveit_config/lib/python3.10/site-packages/learm_ros2_moveit_config
[0.870s] copying /home/lk/learm_ws/build/learm_ros2_moveit_config/build/lib/learm_ros2_moveit_config/__init__.py -> /home/lk/learm_ws/install/learm_ros2_moveit_config/lib/python3.10/site-packages/learm_ros2_moveit_config
[0.870s] byte-compiling /home/lk/learm_ws/install/learm_ros2_moveit_config/lib/python3.10/site-packages/learm_ros2_moveit_config/__init__.py to __init__.cpython-310.pyc
[0.871s] running install_data
[0.871s] creating /home/lk/learm_ws/install/learm_ros2_moveit_config/share/ament_index
[0.871s] creating /home/lk/learm_ws/install/learm_ros2_moveit_config/share/ament_index/resource_index
[0.871s] creating /home/lk/learm_ws/install/learm_ros2_moveit_config/share/ament_index/resource_index/packages
[0.872s] copying resource/learm_ros2_moveit_config -> /home/lk/learm_ws/install/learm_ros2_moveit_config/share/ament_index/resource_index/packages
[0.872s] copying package.xml -> /home/lk/learm_ws/install/learm_ros2_moveit_config/share/learm_ros2_moveit_config
[0.872s] creating /home/lk/learm_ws/install/learm_ros2_moveit_config/share/learm_ros2_moveit_config/launch
[0.872s] copying launch/demo_gazebo.launch -> /home/lk/learm_ws/install/learm_ros2_moveit_config/share/learm_ros2_moveit_config/launch
[0.872s] copying launch/simple_moveit_controller_manager.launch.xml -> /home/lk/learm_ws/install/learm_ros2_moveit_config/share/learm_ros2_moveit_config/launch
[0.872s] copying launch/planning_pipeline.launch.xml -> /home/lk/learm_ws/install/learm_ros2_moveit_config/share/learm_ros2_moveit_config/launch
[0.872s] copying launch/joystick_control.launch -> /home/lk/learm_ws/install/learm_ros2_moveit_config/share/learm_ros2_moveit_config/launch
[0.872s] copying launch/setup_assistant.launch -> /home/lk/learm_ws/install/learm_ros2_moveit_config/share/learm_ros2_moveit_config/launch
[0.872s] copying launch/gazebo.launch -> /home/lk/learm_ws/install/learm_ros2_moveit_config/share/learm_ros2_moveit_config/launch
[0.872s] copying launch/ompl_planning_pipeline.launch.xml -> /home/lk/learm_ws/install/learm_ros2_moveit_config/share/learm_ros2_moveit_config/launch
[0.872s] copying launch/ros_controllers.launch -> /home/lk/learm_ws/install/learm_ros2_moveit_config/share/learm_ros2_moveit_config/launch
[0.872s] copying launch/sensor_manager.launch.xml -> /home/lk/learm_ws/install/learm_ros2_moveit_config/share/learm_ros2_moveit_config/launch
[0.872s] copying launch/demo2.launch -> /home/lk/learm_ws/install/learm_ros2_moveit_config/share/learm_ros2_moveit_config/launch
[0.872s] copying launch/demo.launch -> /home/lk/learm_ws/install/learm_ros2_moveit_config/share/learm_ros2_moveit_config/launch
[0.873s] copying launch/ros_control_moveit_controller_manager.launch.xml -> /home/lk/learm_ws/install/learm_ros2_moveit_config/share/learm_ros2_moveit_config/launch
[0.873s] copying launch/demo2.launch.py -> /home/lk/learm_ws/install/learm_ros2_moveit_config/share/learm_ros2_moveit_config/launch
[0.873s] copying launch/LeArm_moveit_sensor_manager.launch.xml -> /home/lk/learm_ws/install/learm_ros2_moveit_config/share/learm_ros2_moveit_config/launch
[0.873s] copying launch/ompl-chomp_planning_pipeline.launch.xml -> /home/lk/learm_ws/install/learm_ros2_moveit_config/share/learm_ros2_moveit_config/launch
[0.873s] copying launch/moveit.rviz -> /home/lk/learm_ws/install/learm_ros2_moveit_config/share/learm_ros2_moveit_config/launch
[0.873s] copying launch/warehouse.launch -> /home/lk/learm_ws/install/learm_ros2_moveit_config/share/learm_ros2_moveit_config/launch
[0.873s] copying launch/pilz_industrial_motion_planner_planning_pipeline.launch.xml -> /home/lk/learm_ws/install/learm_ros2_moveit_config/share/learm_ros2_moveit_config/launch
[0.873s] copying launch/trajectory_execution.launch.xml -> /home/lk/learm_ws/install/learm_ros2_moveit_config/share/learm_ros2_moveit_config/launch
[0.874s] copying launch/run_benchmark_ompl.launch -> /home/lk/learm_ws/install/learm_ros2_moveit_config/share/learm_ros2_moveit_config/launch
[0.874s] copying launch/default_warehouse_db.launch -> /home/lk/learm_ws/install/learm_ros2_moveit_config/share/learm_ros2_moveit_config/launch
[0.874s] copying launch/move_group.launch -> /home/lk/learm_ws/install/learm_ros2_moveit_config/share/learm_ros2_moveit_config/launch
[0.874s] copying launch/stomp_planning_pipeline.launch.xml -> /home/lk/learm_ws/install/learm_ros2_moveit_config/share/learm_ros2_moveit_config/launch
[0.874s] copying launch/warehouse_settings.launch.xml -> /home/lk/learm_ws/install/learm_ros2_moveit_config/share/learm_ros2_moveit_config/launch
[0.874s] copying launch/moveit_rviz.launch -> /home/lk/learm_ws/install/learm_ros2_moveit_config/share/learm_ros2_moveit_config/launch
[0.874s] copying launch/chomp_planning_pipeline.launch.xml -> /home/lk/learm_ws/install/learm_ros2_moveit_config/share/learm_ros2_moveit_config/launch
[0.874s] copying launch/planning_context.launch -> /home/lk/learm_ws/install/learm_ros2_moveit_config/share/learm_ros2_moveit_config/launch
[0.874s] copying launch/fake_moveit_controller_manager.launch.xml -> /home/lk/learm_ws/install/learm_ros2_moveit_config/share/learm_ros2_moveit_config/launch
[0.874s] creating /home/lk/learm_ws/install/learm_ros2_moveit_config/share/learm_ros2_moveit_config/config
[0.875s] copying config/chomp_planning.yaml -> /home/lk/learm_ws/install/learm_ros2_moveit_config/share/learm_ros2_moveit_config/config
[0.875s] copying config/sensors_3d.yaml -> /home/lk/learm_ws/install/learm_ros2_moveit_config/share/learm_ros2_moveit_config/config
[0.875s] copying config/LeArm.srdf -> /home/lk/learm_ws/install/learm_ros2_moveit_config/share/learm_ros2_moveit_config/config
[0.875s] copying config/cartesian_limits.yaml -> /home/lk/learm_ws/install/learm_ros2_moveit_config/share/learm_ros2_moveit_config/config
[0.875s] copying config/simple_moveit_controllers.yaml -> /home/lk/learm_ws/install/learm_ros2_moveit_config/share/learm_ros2_moveit_config/config
[0.875s] copying config/gazebo_controllers.yaml -> /home/lk/learm_ws/install/learm_ros2_moveit_config/share/learm_ros2_moveit_config/config
[0.875s] copying config/stomp_planning.yaml -> /home/lk/learm_ws/install/learm_ros2_moveit_config/share/learm_ros2_moveit_config/config
[0.875s] running install_egg_info
[0.877s] Copying ../../build/learm_ros2_moveit_config/learm_ros2_moveit_config.egg-info to /home/lk/learm_ws/install/learm_ros2_moveit_config/lib/python3.10/site-packages/learm_ros2_moveit_config-0.0.0-py3.10.egg-info
[0.877s] running install_scripts
[0.893s] writing list of installed files to '/home/lk/learm_ws/build/learm_ros2_moveit_config/install.log'
[0.912s] Invoked command in '/home/lk/learm_ws/src/learm_ros2_moveit_config' returned '0': AMENT_PREFIX_PATH=/home/lk/learm_ws/install/learm_ros2:${AMENT_PREFIX_PATH} PYTHONPATH=/home/lk/learm_ws/build/learm_ros2_moveit_config/prefix_override:/home/lk/learm_ws/install/learm_ros2_moveit_config/lib/python3.10/site-packages:/home/lk/learm_ws/install/learm_ros2/lib/python3.10/site-packages:${PYTHONPATH} /usr/bin/python3 setup.py egg_info --egg-base ../../build/learm_ros2_moveit_config build --build-base /home/lk/learm_ws/build/learm_ros2_moveit_config/build install --record /home/lk/learm_ws/build/learm_ros2_moveit_config/install.log --single-version-externally-managed
