[1.145s] DEBUG:colcon:Command line arguments: ['/usr/bin/colcon', 'build']
[1.146s] DEBUG:colcon:Parsed command line arguments: Namespace(log_base=None, log_level=None, verb_name='build', build_base='build', install_base='install', merge_install=False, symlink_install=False, test_result_base=None, continue_on_error=False, executor='parallel', parallel_workers=12, event_handlers=None, ignore_user_meta=False, metas=['./colcon.meta'], base_paths=['.'], packages_ignore=None, packages_ignore_regex=None, paths=None, packages_up_to=None, packages_up_to_regex=None, packages_above=None, packages_above_and_dependencies=None, packages_above_depth=None, packages_select_by_dep=None, packages_skip_by_dep=None, packages_skip_up_to=None, packages_select_build_failed=False, packages_skip_build_finished=False, packages_select_test_failures=False, packages_skip_test_passed=False, packages_select=None, packages_skip=None, packages_select_regex=None, packages_skip_regex=None, packages_start=None, packages_end=None, allow_overriding=[], cmake_args=None, cmake_target=None, cmake_target_skip_unavailable=False, cmake_clean_cache=False, cmake_clean_first=False, cmake_force_configure=False, ament_cmake_args=None, catkin_cmake_args=None, catkin_skip_building_tests=False, verb_parser=<colcon_defaults.argument_parser.defaults.DefaultArgumentsDecorator object at 0x7f61b339bb20>, verb_extension=<colcon_core.verb.build.BuildVerb object at 0x7f61b4182dd0>, main=<bound method BuildVerb.main of <colcon_core.verb.build.BuildVerb object at 0x7f61b4182dd0>>)
[1.202s] Level 1:colcon.colcon_core.package_discovery:discover_packages(colcon_meta) check parameters
[1.202s] Level 1:colcon.colcon_core.package_discovery:discover_packages(recursive) check parameters
[1.202s] Level 1:colcon.colcon_core.package_discovery:discover_packages(ignore) check parameters
[1.202s] Level 1:colcon.colcon_core.package_discovery:discover_packages(path) check parameters
[1.202s] Level 1:colcon.colcon_core.package_discovery:discover_packages(colcon_meta) discover
[1.202s] Level 1:colcon.colcon_core.package_discovery:discover_packages(recursive) discover
[1.202s] INFO:colcon.colcon_core.package_discovery:Crawling recursively for packages in '/home/lk/learm_ws'
[1.202s] Level 1:colcon.colcon_core.package_identification:_identify(.) by extensions ['ignore', 'ignore_ament_install']
[1.202s] Level 1:colcon.colcon_core.package_identification:_identify(.) by extension 'ignore'
[1.202s] Level 1:colcon.colcon_core.package_identification:_identify(.) by extension 'ignore_ament_install'
[1.202s] Level 1:colcon.colcon_core.package_identification:_identify(.) by extensions ['colcon_pkg']
[1.202s] Level 1:colcon.colcon_core.package_identification:_identify(.) by extension 'colcon_pkg'
[1.202s] Level 1:colcon.colcon_core.package_identification:_identify(.) by extensions ['colcon_meta']
[1.202s] Level 1:colcon.colcon_core.package_identification:_identify(.) by extension 'colcon_meta'
[1.202s] Level 1:colcon.colcon_core.package_identification:_identify(.) by extensions ['ros']
[1.202s] Level 1:colcon.colcon_core.package_identification:_identify(.) by extension 'ros'
[1.212s] Level 1:colcon.colcon_core.package_identification:_identify(.) by extensions ['cmake', 'python']
[1.212s] Level 1:colcon.colcon_core.package_identification:_identify(.) by extension 'cmake'
[1.212s] Level 1:colcon.colcon_core.package_identification:_identify(.) by extension 'python'
[1.212s] Level 1:colcon.colcon_core.package_identification:_identify(.) by extensions ['python_setup_py']
[1.212s] Level 1:colcon.colcon_core.package_identification:_identify(.) by extension 'python_setup_py'
[1.212s] Level 1:colcon.colcon_core.package_identification:_identify(build) by extensions ['ignore', 'ignore_ament_install']
[1.212s] Level 1:colcon.colcon_core.package_identification:_identify(build) by extension 'ignore'
[1.212s] Level 1:colcon.colcon_core.package_identification:_identify(build) ignored
[1.213s] Level 1:colcon.colcon_core.package_identification:_identify(install) by extensions ['ignore', 'ignore_ament_install']
[1.213s] Level 1:colcon.colcon_core.package_identification:_identify(install) by extension 'ignore'
[1.213s] Level 1:colcon.colcon_core.package_identification:_identify(install) ignored
[1.213s] Level 1:colcon.colcon_core.package_identification:_identify(log) by extensions ['ignore', 'ignore_ament_install']
[1.213s] Level 1:colcon.colcon_core.package_identification:_identify(log) by extension 'ignore'
[1.213s] Level 1:colcon.colcon_core.package_identification:_identify(log) ignored
[1.213s] Level 1:colcon.colcon_core.package_identification:_identify(src) by extensions ['ignore', 'ignore_ament_install']
[1.213s] Level 1:colcon.colcon_core.package_identification:_identify(src) by extension 'ignore'
[1.213s] Level 1:colcon.colcon_core.package_identification:_identify(src) by extension 'ignore_ament_install'
[1.213s] Level 1:colcon.colcon_core.package_identification:_identify(src) by extensions ['colcon_pkg']
[1.213s] Level 1:colcon.colcon_core.package_identification:_identify(src) by extension 'colcon_pkg'
[1.213s] Level 1:colcon.colcon_core.package_identification:_identify(src) by extensions ['colcon_meta']
[1.213s] Level 1:colcon.colcon_core.package_identification:_identify(src) by extension 'colcon_meta'
[1.213s] Level 1:colcon.colcon_core.package_identification:_identify(src) by extensions ['ros']
[1.213s] Level 1:colcon.colcon_core.package_identification:_identify(src) by extension 'ros'
[1.214s] Level 1:colcon.colcon_core.package_identification:_identify(src) by extensions ['cmake', 'python']
[1.214s] Level 1:colcon.colcon_core.package_identification:_identify(src) by extension 'cmake'
[1.214s] Level 1:colcon.colcon_core.package_identification:_identify(src) by extension 'python'
[1.214s] Level 1:colcon.colcon_core.package_identification:_identify(src) by extensions ['python_setup_py']
[1.214s] Level 1:colcon.colcon_core.package_identification:_identify(src) by extension 'python_setup_py'
[1.214s] Level 1:colcon.colcon_core.package_identification:_identify(src/learm_ros2) by extensions ['ignore', 'ignore_ament_install']
[1.214s] Level 1:colcon.colcon_core.package_identification:_identify(src/learm_ros2) by extension 'ignore'
[1.214s] Level 1:colcon.colcon_core.package_identification:_identify(src/learm_ros2) by extension 'ignore_ament_install'
[1.214s] Level 1:colcon.colcon_core.package_identification:_identify(src/learm_ros2) by extensions ['colcon_pkg']
[1.214s] Level 1:colcon.colcon_core.package_identification:_identify(src/learm_ros2) by extension 'colcon_pkg'
[1.214s] Level 1:colcon.colcon_core.package_identification:_identify(src/learm_ros2) by extensions ['colcon_meta']
[1.214s] Level 1:colcon.colcon_core.package_identification:_identify(src/learm_ros2) by extension 'colcon_meta'
[1.214s] Level 1:colcon.colcon_core.package_identification:_identify(src/learm_ros2) by extensions ['ros']
[1.214s] Level 1:colcon.colcon_core.package_identification:_identify(src/learm_ros2) by extension 'ros'
[1.216s] DEBUG:colcon.colcon_core.package_identification:Package 'src/learm_ros2' with type 'ros.ament_python' and name 'learm_ros2'
[1.217s] Level 1:colcon.colcon_core.package_identification:_identify(src/learm_ros2_description) by extensions ['ignore', 'ignore_ament_install']
[1.217s] Level 1:colcon.colcon_core.package_identification:_identify(src/learm_ros2_description) by extension 'ignore'
[1.217s] Level 1:colcon.colcon_core.package_identification:_identify(src/learm_ros2_description) by extension 'ignore_ament_install'
[1.217s] Level 1:colcon.colcon_core.package_identification:_identify(src/learm_ros2_description) by extensions ['colcon_pkg']
[1.217s] Level 1:colcon.colcon_core.package_identification:_identify(src/learm_ros2_description) by extension 'colcon_pkg'
[1.217s] Level 1:colcon.colcon_core.package_identification:_identify(src/learm_ros2_description) by extensions ['colcon_meta']
[1.217s] Level 1:colcon.colcon_core.package_identification:_identify(src/learm_ros2_description) by extension 'colcon_meta'
[1.217s] Level 1:colcon.colcon_core.package_identification:_identify(src/learm_ros2_description) by extensions ['ros']
[1.217s] Level 1:colcon.colcon_core.package_identification:_identify(src/learm_ros2_description) by extension 'ros'
[1.218s] DEBUG:colcon.colcon_core.package_identification:Package 'src/learm_ros2_description' with type 'ros.ament_cmake' and name 'learm_ros2_description'
[1.218s] Level 1:colcon.colcon_core.package_identification:_identify(src/learm_ros2_moveit_config) by extensions ['ignore', 'ignore_ament_install']
[1.218s] Level 1:colcon.colcon_core.package_identification:_identify(src/learm_ros2_moveit_config) by extension 'ignore'
[1.218s] Level 1:colcon.colcon_core.package_identification:_identify(src/learm_ros2_moveit_config) by extension 'ignore_ament_install'
[1.218s] Level 1:colcon.colcon_core.package_identification:_identify(src/learm_ros2_moveit_config) by extensions ['colcon_pkg']
[1.218s] Level 1:colcon.colcon_core.package_identification:_identify(src/learm_ros2_moveit_config) by extension 'colcon_pkg'
[1.218s] Level 1:colcon.colcon_core.package_identification:_identify(src/learm_ros2_moveit_config) by extensions ['colcon_meta']
[1.218s] Level 1:colcon.colcon_core.package_identification:_identify(src/learm_ros2_moveit_config) by extension 'colcon_meta'
[1.218s] Level 1:colcon.colcon_core.package_identification:_identify(src/learm_ros2_moveit_config) by extensions ['ros']
[1.218s] Level 1:colcon.colcon_core.package_identification:_identify(src/learm_ros2_moveit_config) by extension 'ros'
[1.219s] DEBUG:colcon.colcon_core.package_identification:Package 'src/learm_ros2_moveit_config' with type 'ros.ament_python' and name 'learm_ros2_moveit_config'
[1.220s] Level 1:colcon.colcon_core.package_identification:_identify(src/urdf_example) by extensions ['ignore', 'ignore_ament_install']
[1.220s] Level 1:colcon.colcon_core.package_identification:_identify(src/urdf_example) by extension 'ignore'
[1.220s] Level 1:colcon.colcon_core.package_identification:_identify(src/urdf_example) by extension 'ignore_ament_install'
[1.220s] Level 1:colcon.colcon_core.package_identification:_identify(src/urdf_example) by extensions ['colcon_pkg']
[1.220s] Level 1:colcon.colcon_core.package_identification:_identify(src/urdf_example) by extension 'colcon_pkg'
[1.220s] Level 1:colcon.colcon_core.package_identification:_identify(src/urdf_example) by extensions ['colcon_meta']
[1.220s] Level 1:colcon.colcon_core.package_identification:_identify(src/urdf_example) by extension 'colcon_meta'
[1.220s] Level 1:colcon.colcon_core.package_identification:_identify(src/urdf_example) by extensions ['ros']
[1.220s] Level 1:colcon.colcon_core.package_identification:_identify(src/urdf_example) by extension 'ros'
[1.221s] DEBUG:colcon.colcon_core.package_identification:Package 'src/urdf_example' with type 'ros.ament_cmake' and name 'urdf_example'
[1.221s] Level 1:colcon.colcon_core.package_discovery:discover_packages(recursive) using defaults
[1.221s] Level 1:colcon.colcon_core.package_discovery:discover_packages(ignore) discover
[1.221s] Level 1:colcon.colcon_core.package_discovery:discover_packages(ignore) using defaults
[1.221s] Level 1:colcon.colcon_core.package_discovery:discover_packages(path) discover
[1.221s] Level 1:colcon.colcon_core.package_discovery:discover_packages(path) using defaults
[1.304s] Level 1:colcon.colcon_core.package_discovery:discover_packages(prefix_path) check parameters
[1.304s] Level 1:colcon.colcon_core.package_discovery:discover_packages(prefix_path) discover
[1.331s] DEBUG:colcon.colcon_installed_package_information.package_discovery:Found 385 installed packages in /opt/ros/humble
[1.332s] Level 1:colcon.colcon_core.package_discovery:discover_packages(prefix_path) using defaults
[1.424s] Level 5:colcon.colcon_core.verb:set package 'learm_ros2' build argument 'cmake_args' from command line to 'None'
[1.424s] Level 5:colcon.colcon_core.verb:set package 'learm_ros2' build argument 'cmake_target' from command line to 'None'
[1.424s] Level 5:colcon.colcon_core.verb:set package 'learm_ros2' build argument 'cmake_target_skip_unavailable' from command line to 'False'
[1.424s] Level 5:colcon.colcon_core.verb:set package 'learm_ros2' build argument 'cmake_clean_cache' from command line to 'False'
[1.424s] Level 5:colcon.colcon_core.verb:set package 'learm_ros2' build argument 'cmake_clean_first' from command line to 'False'
[1.424s] Level 5:colcon.colcon_core.verb:set package 'learm_ros2' build argument 'cmake_force_configure' from command line to 'False'
[1.424s] Level 5:colcon.colcon_core.verb:set package 'learm_ros2' build argument 'ament_cmake_args' from command line to 'None'
[1.424s] Level 5:colcon.colcon_core.verb:set package 'learm_ros2' build argument 'catkin_cmake_args' from command line to 'None'
[1.424s] Level 5:colcon.colcon_core.verb:set package 'learm_ros2' build argument 'catkin_skip_building_tests' from command line to 'False'
[1.424s] DEBUG:colcon.colcon_core.verb:Building package 'learm_ros2' with the following arguments: {'ament_cmake_args': None, 'build_base': '/home/lk/learm_ws/build/learm_ros2', 'catkin_cmake_args': None, 'catkin_skip_building_tests': False, 'cmake_args': None, 'cmake_clean_cache': False, 'cmake_clean_first': False, 'cmake_force_configure': False, 'cmake_target': None, 'cmake_target_skip_unavailable': False, 'install_base': '/home/lk/learm_ws/install/learm_ros2', 'merge_install': False, 'path': '/home/lk/learm_ws/src/learm_ros2', 'symlink_install': False, 'test_result_base': None}
[1.436s] Level 5:colcon.colcon_core.verb:set package 'learm_ros2_description' build argument 'cmake_args' from command line to 'None'
[1.436s] Level 5:colcon.colcon_core.verb:set package 'learm_ros2_description' build argument 'cmake_target' from command line to 'None'
[1.436s] Level 5:colcon.colcon_core.verb:set package 'learm_ros2_description' build argument 'cmake_target_skip_unavailable' from command line to 'False'
[1.436s] Level 5:colcon.colcon_core.verb:set package 'learm_ros2_description' build argument 'cmake_clean_cache' from command line to 'False'
[1.436s] Level 5:colcon.colcon_core.verb:set package 'learm_ros2_description' build argument 'cmake_clean_first' from command line to 'False'
[1.436s] Level 5:colcon.colcon_core.verb:set package 'learm_ros2_description' build argument 'cmake_force_configure' from command line to 'False'
[1.436s] Level 5:colcon.colcon_core.verb:set package 'learm_ros2_description' build argument 'ament_cmake_args' from command line to 'None'
[1.436s] Level 5:colcon.colcon_core.verb:set package 'learm_ros2_description' build argument 'catkin_cmake_args' from command line to 'None'
[1.436s] Level 5:colcon.colcon_core.verb:set package 'learm_ros2_description' build argument 'catkin_skip_building_tests' from command line to 'False'
[1.436s] DEBUG:colcon.colcon_core.verb:Building package 'learm_ros2_description' with the following arguments: {'ament_cmake_args': None, 'build_base': '/home/lk/learm_ws/build/learm_ros2_description', 'catkin_cmake_args': None, 'catkin_skip_building_tests': False, 'cmake_args': None, 'cmake_clean_cache': False, 'cmake_clean_first': False, 'cmake_force_configure': False, 'cmake_target': None, 'cmake_target_skip_unavailable': False, 'install_base': '/home/lk/learm_ws/install/learm_ros2_description', 'merge_install': False, 'path': '/home/lk/learm_ws/src/learm_ros2_description', 'symlink_install': False, 'test_result_base': None}
[1.449s] Level 5:colcon.colcon_core.verb:set package 'urdf_example' build argument 'cmake_args' from command line to 'None'
[1.449s] Level 5:colcon.colcon_core.verb:set package 'urdf_example' build argument 'cmake_target' from command line to 'None'
[1.449s] Level 5:colcon.colcon_core.verb:set package 'urdf_example' build argument 'cmake_target_skip_unavailable' from command line to 'False'
[1.449s] Level 5:colcon.colcon_core.verb:set package 'urdf_example' build argument 'cmake_clean_cache' from command line to 'False'
[1.449s] Level 5:colcon.colcon_core.verb:set package 'urdf_example' build argument 'cmake_clean_first' from command line to 'False'
[1.449s] Level 5:colcon.colcon_core.verb:set package 'urdf_example' build argument 'cmake_force_configure' from command line to 'False'
[1.449s] Level 5:colcon.colcon_core.verb:set package 'urdf_example' build argument 'ament_cmake_args' from command line to 'None'
[1.449s] Level 5:colcon.colcon_core.verb:set package 'urdf_example' build argument 'catkin_cmake_args' from command line to 'None'
[1.449s] Level 5:colcon.colcon_core.verb:set package 'urdf_example' build argument 'catkin_skip_building_tests' from command line to 'False'
[1.449s] DEBUG:colcon.colcon_core.verb:Building package 'urdf_example' with the following arguments: {'ament_cmake_args': None, 'build_base': '/home/lk/learm_ws/build/urdf_example', 'catkin_cmake_args': None, 'catkin_skip_building_tests': False, 'cmake_args': None, 'cmake_clean_cache': False, 'cmake_clean_first': False, 'cmake_force_configure': False, 'cmake_target': None, 'cmake_target_skip_unavailable': False, 'install_base': '/home/lk/learm_ws/install/urdf_example', 'merge_install': False, 'path': '/home/lk/learm_ws/src/urdf_example', 'symlink_install': False, 'test_result_base': None}
[1.461s] Level 5:colcon.colcon_core.verb:set package 'learm_ros2_moveit_config' build argument 'cmake_args' from command line to 'None'
[1.461s] Level 5:colcon.colcon_core.verb:set package 'learm_ros2_moveit_config' build argument 'cmake_target' from command line to 'None'
[1.461s] Level 5:colcon.colcon_core.verb:set package 'learm_ros2_moveit_config' build argument 'cmake_target_skip_unavailable' from command line to 'False'
[1.461s] Level 5:colcon.colcon_core.verb:set package 'learm_ros2_moveit_config' build argument 'cmake_clean_cache' from command line to 'False'
[1.461s] Level 5:colcon.colcon_core.verb:set package 'learm_ros2_moveit_config' build argument 'cmake_clean_first' from command line to 'False'
[1.461s] Level 5:colcon.colcon_core.verb:set package 'learm_ros2_moveit_config' build argument 'cmake_force_configure' from command line to 'False'
[1.461s] Level 5:colcon.colcon_core.verb:set package 'learm_ros2_moveit_config' build argument 'ament_cmake_args' from command line to 'None'
[1.461s] Level 5:colcon.colcon_core.verb:set package 'learm_ros2_moveit_config' build argument 'catkin_cmake_args' from command line to 'None'
[1.462s] Level 5:colcon.colcon_core.verb:set package 'learm_ros2_moveit_config' build argument 'catkin_skip_building_tests' from command line to 'False'
[1.462s] DEBUG:colcon.colcon_core.verb:Building package 'learm_ros2_moveit_config' with the following arguments: {'ament_cmake_args': None, 'build_base': '/home/lk/learm_ws/build/learm_ros2_moveit_config', 'catkin_cmake_args': None, 'catkin_skip_building_tests': False, 'cmake_args': None, 'cmake_clean_cache': False, 'cmake_clean_first': False, 'cmake_force_configure': False, 'cmake_target': None, 'cmake_target_skip_unavailable': False, 'install_base': '/home/lk/learm_ws/install/learm_ros2_moveit_config', 'merge_install': False, 'path': '/home/lk/learm_ws/src/learm_ros2_moveit_config', 'symlink_install': False, 'test_result_base': None}
[1.474s] INFO:colcon.colcon_core.executor:Executing jobs using 'parallel' executor
[1.487s] DEBUG:colcon.colcon_parallel_executor.executor.parallel:run_until_complete
[1.487s] INFO:colcon.colcon_ros.task.ament_python.build:Building ROS package in '/home/lk/learm_ws/src/learm_ros2' with build type 'ament_python'
[1.487s] Level 1:colcon.colcon_core.shell:create_environment_hook('learm_ros2', 'ament_prefix_path')
[1.504s] INFO:colcon.colcon_core.plugin_system:Skipping extension 'colcon_core.shell.bat': Not used on non-Windows systems
[1.505s] INFO:colcon.colcon_core.shell:Creating environment hook '/home/lk/learm_ws/install/learm_ros2/share/learm_ros2/hook/ament_prefix_path.ps1'
[1.506s] INFO:colcon.colcon_core.shell:Creating environment descriptor '/home/lk/learm_ws/install/learm_ros2/share/learm_ros2/hook/ament_prefix_path.dsv'
[1.506s] INFO:colcon.colcon_core.shell:Creating environment hook '/home/lk/learm_ws/install/learm_ros2/share/learm_ros2/hook/ament_prefix_path.sh'
[1.521s] INFO:colcon.colcon_core.shell:Skip shell extension 'powershell' for command environment: Not usable outside of PowerShell
[1.521s] DEBUG:colcon.colcon_core.shell:Skip shell extension 'dsv' for command environment
[1.548s] INFO:colcon.colcon_ros.task.ament_cmake.build:Building ROS package in '/home/lk/learm_ws/src/learm_ros2_description' with build type 'ament_cmake'
[1.548s] INFO:colcon.colcon_cmake.task.cmake.build:Building CMake package in '/home/lk/learm_ws/src/learm_ros2_description'
[1.562s] INFO:colcon.colcon_core.shell:Skip shell extension 'powershell' for command environment: Not usable outside of PowerShell
[1.563s] DEBUG:colcon.colcon_core.shell:Skip shell extension 'dsv' for command environment
[1.594s] INFO:colcon.colcon_ros.task.ament_cmake.build:Building ROS package in '/home/lk/learm_ws/src/urdf_example' with build type 'ament_cmake'
[1.594s] INFO:colcon.colcon_cmake.task.cmake.build:Building CMake package in '/home/lk/learm_ws/src/urdf_example'
[1.608s] INFO:colcon.colcon_core.shell:Skip shell extension 'powershell' for command environment: Not usable outside of PowerShell
[1.608s] DEBUG:colcon.colcon_core.shell:Skip shell extension 'dsv' for command environment
[1.849s] INFO:colcon.colcon_core.task.python.build:Building Python package in '/home/lk/learm_ws/src/learm_ros2'
[1.862s] INFO:colcon.colcon_core.shell:Skip shell extension 'powershell' for command environment: Not usable outside of PowerShell
[1.862s] DEBUG:colcon.colcon_core.shell:Skip shell extension 'dsv' for command environment
[1.892s] DEBUG:colcon.colcon_core.event_handler.log_command:Invoking command in '/home/lk/learm_ws/build/learm_ros2_description': CMAKE_PREFIX_PATH=/opt/ros/humble /usr/bin/cmake --build /home/lk/learm_ws/build/learm_ros2_description -- -j12 -l12
[1.898s] DEBUG:colcon.colcon_core.event_handler.log_command:Invoking command in '/home/lk/learm_ws/build/urdf_example': CMAKE_PREFIX_PATH=/opt/ros/humble /usr/bin/cmake --build /home/lk/learm_ws/build/urdf_example -- -j12 -l12
[1.952s] DEBUG:colcon.colcon_core.event_handler.log_command:Invoked command in '/home/lk/learm_ws/build/learm_ros2_description' returned '0': CMAKE_PREFIX_PATH=/opt/ros/humble /usr/bin/cmake --build /home/lk/learm_ws/build/learm_ros2_description -- -j12 -l12
[1.954s] DEBUG:colcon.colcon_core.event_handler.log_command:Invoked command in '/home/lk/learm_ws/build/urdf_example' returned '0': CMAKE_PREFIX_PATH=/opt/ros/humble /usr/bin/cmake --build /home/lk/learm_ws/build/urdf_example -- -j12 -l12
[1.979s] DEBUG:colcon.colcon_core.event_handler.log_command:Invoking command in '/home/lk/learm_ws/build/learm_ros2_description': CMAKE_PREFIX_PATH=/opt/ros/humble /usr/bin/cmake --install /home/lk/learm_ws/build/learm_ros2_description
[1.981s] DEBUG:colcon.colcon_core.event_handler.log_command:Invoking command in '/home/lk/learm_ws/build/urdf_example': CMAKE_PREFIX_PATH=/opt/ros/humble /usr/bin/cmake --install /home/lk/learm_ws/build/urdf_example
[1.992s] Level 1:colcon.colcon_core.environment:create_environment_scripts_only(urdf_example)
[2.000s] DEBUG:colcon.colcon_core.event_handler.log_command:Invoked command in '/home/lk/learm_ws/build/urdf_example' returned '0': CMAKE_PREFIX_PATH=/opt/ros/humble /usr/bin/cmake --install /home/lk/learm_ws/build/urdf_example
[2.016s] Level 1:colcon.colcon_core.environment:checking '/home/lk/learm_ws/install/urdf_example' for CMake module files
[2.017s] Level 1:colcon.colcon_core.environment:checking '/home/lk/learm_ws/install/urdf_example' for CMake config files
[2.017s] Level 1:colcon.colcon_core.shell:create_environment_hook('urdf_example', 'cmake_prefix_path')
[2.032s] INFO:colcon.colcon_core.shell:Creating environment hook '/home/lk/learm_ws/install/urdf_example/share/urdf_example/hook/cmake_prefix_path.ps1'
[2.032s] INFO:colcon.colcon_core.shell:Creating environment descriptor '/home/lk/learm_ws/install/urdf_example/share/urdf_example/hook/cmake_prefix_path.dsv'
[2.033s] INFO:colcon.colcon_core.shell:Creating environment hook '/home/lk/learm_ws/install/urdf_example/share/urdf_example/hook/cmake_prefix_path.sh'
[2.033s] Level 1:colcon.colcon_core.environment:checking '/home/lk/learm_ws/install/urdf_example/bin'
[2.033s] Level 1:colcon.colcon_core.environment:checking '/home/lk/learm_ws/install/urdf_example/lib/pkgconfig/urdf_example.pc'
[2.033s] Level 1:colcon.colcon_core.environment:checking '/home/lk/learm_ws/install/urdf_example/lib/python3.10/site-packages'
[2.034s] Level 1:colcon.colcon_core.environment:checking '/home/lk/learm_ws/install/urdf_example/bin'
[2.047s] INFO:colcon.colcon_core.shell:Creating package script '/home/lk/learm_ws/install/urdf_example/share/urdf_example/package.ps1'
[2.048s] INFO:colcon.colcon_core.shell:Creating package descriptor '/home/lk/learm_ws/install/urdf_example/share/urdf_example/package.dsv'
[2.048s] INFO:colcon.colcon_core.shell:Creating package script '/home/lk/learm_ws/install/urdf_example/share/urdf_example/package.sh'
[2.049s] INFO:colcon.colcon_core.shell:Creating package script '/home/lk/learm_ws/install/urdf_example/share/urdf_example/package.bash'
[2.049s] INFO:colcon.colcon_core.shell:Creating package script '/home/lk/learm_ws/install/urdf_example/share/urdf_example/package.zsh'
[2.050s] Level 1:colcon.colcon_core.environment:create_file_with_runtime_dependencies(/home/lk/learm_ws/install/urdf_example/share/colcon-core/packages/urdf_example)
[2.051s] Level 1:colcon.colcon_core.environment:create_environment_scripts_only(learm_ros2_description)
[2.051s] DEBUG:colcon.colcon_core.event_handler.log_command:Invoked command in '/home/lk/learm_ws/build/learm_ros2_description' returned '0': CMAKE_PREFIX_PATH=/opt/ros/humble /usr/bin/cmake --install /home/lk/learm_ws/build/learm_ros2_description
[2.065s] Level 1:colcon.colcon_core.environment:checking '/home/lk/learm_ws/install/learm_ros2_description' for CMake module files
[2.065s] Level 1:colcon.colcon_core.environment:checking '/home/lk/learm_ws/install/learm_ros2_description' for CMake config files
[2.066s] Level 1:colcon.colcon_core.shell:create_environment_hook('learm_ros2_description', 'cmake_prefix_path')
[2.079s] INFO:colcon.colcon_core.shell:Creating environment hook '/home/lk/learm_ws/install/learm_ros2_description/share/learm_ros2_description/hook/cmake_prefix_path.ps1'
[2.080s] INFO:colcon.colcon_core.shell:Creating environment descriptor '/home/lk/learm_ws/install/learm_ros2_description/share/learm_ros2_description/hook/cmake_prefix_path.dsv'
[2.080s] INFO:colcon.colcon_core.shell:Creating environment hook '/home/lk/learm_ws/install/learm_ros2_description/share/learm_ros2_description/hook/cmake_prefix_path.sh'
[2.081s] Level 1:colcon.colcon_core.environment:checking '/home/lk/learm_ws/install/learm_ros2_description/bin'
[2.081s] Level 1:colcon.colcon_core.environment:checking '/home/lk/learm_ws/install/learm_ros2_description/lib/pkgconfig/learm_ros2_description.pc'
[2.081s] Level 1:colcon.colcon_core.environment:checking '/home/lk/learm_ws/install/learm_ros2_description/lib/python3.10/site-packages'
[2.081s] Level 1:colcon.colcon_core.environment:checking '/home/lk/learm_ws/install/learm_ros2_description/bin'
[2.095s] INFO:colcon.colcon_core.shell:Creating package script '/home/lk/learm_ws/install/learm_ros2_description/share/learm_ros2_description/package.ps1'
[2.095s] INFO:colcon.colcon_core.shell:Creating package descriptor '/home/lk/learm_ws/install/learm_ros2_description/share/learm_ros2_description/package.dsv'
[2.095s] INFO:colcon.colcon_core.shell:Creating package script '/home/lk/learm_ws/install/learm_ros2_description/share/learm_ros2_description/package.sh'
[2.096s] INFO:colcon.colcon_core.shell:Creating package script '/home/lk/learm_ws/install/learm_ros2_description/share/learm_ros2_description/package.bash'
[2.096s] INFO:colcon.colcon_core.shell:Creating package script '/home/lk/learm_ws/install/learm_ros2_description/share/learm_ros2_description/package.zsh'
[2.096s] Level 1:colcon.colcon_core.environment:create_file_with_runtime_dependencies(/home/lk/learm_ws/install/learm_ros2_description/share/colcon-core/packages/learm_ros2_description)
[2.111s] Level 1:colcon.colcon_core.environment:create_environment_scripts_only(urdf_example)
[2.127s] Level 1:colcon.colcon_core.environment:checking '/home/lk/learm_ws/install/urdf_example' for CMake module files
[2.127s] Level 1:colcon.colcon_core.environment:checking '/home/lk/learm_ws/install/urdf_example' for CMake config files
[2.127s] Level 1:colcon.colcon_core.shell:create_environment_hook('urdf_example', 'cmake_prefix_path')
[2.141s] INFO:colcon.colcon_core.shell:Creating environment hook '/home/lk/learm_ws/install/urdf_example/share/urdf_example/hook/cmake_prefix_path.ps1'
[2.141s] INFO:colcon.colcon_core.shell:Creating environment descriptor '/home/lk/learm_ws/install/urdf_example/share/urdf_example/hook/cmake_prefix_path.dsv'
[2.142s] INFO:colcon.colcon_core.shell:Creating environment hook '/home/lk/learm_ws/install/urdf_example/share/urdf_example/hook/cmake_prefix_path.sh'
[2.142s] Level 1:colcon.colcon_core.environment:checking '/home/lk/learm_ws/install/urdf_example/bin'
[2.142s] Level 1:colcon.colcon_core.environment:checking '/home/lk/learm_ws/install/urdf_example/lib/pkgconfig/urdf_example.pc'
[2.142s] Level 1:colcon.colcon_core.environment:checking '/home/lk/learm_ws/install/urdf_example/lib/python3.10/site-packages'
[2.142s] Level 1:colcon.colcon_core.environment:checking '/home/lk/learm_ws/install/urdf_example/bin'
[2.156s] INFO:colcon.colcon_core.shell:Creating package script '/home/lk/learm_ws/install/urdf_example/share/urdf_example/package.ps1'
[2.157s] INFO:colcon.colcon_core.shell:Creating package descriptor '/home/lk/learm_ws/install/urdf_example/share/urdf_example/package.dsv'
[2.157s] INFO:colcon.colcon_core.shell:Creating package script '/home/lk/learm_ws/install/urdf_example/share/urdf_example/package.sh'
[2.157s] INFO:colcon.colcon_core.shell:Creating package script '/home/lk/learm_ws/install/urdf_example/share/urdf_example/package.bash'
[2.157s] INFO:colcon.colcon_core.shell:Creating package script '/home/lk/learm_ws/install/urdf_example/share/urdf_example/package.zsh'
[2.158s] Level 1:colcon.colcon_core.environment:create_file_with_runtime_dependencies(/home/lk/learm_ws/install/urdf_example/share/colcon-core/packages/urdf_example)
[2.173s] Level 1:colcon.colcon_core.environment:create_environment_scripts_only(learm_ros2_description)
[2.187s] Level 1:colcon.colcon_core.environment:checking '/home/lk/learm_ws/install/learm_ros2_description' for CMake module files
[2.187s] Level 1:colcon.colcon_core.environment:checking '/home/lk/learm_ws/install/learm_ros2_description' for CMake config files
[2.187s] Level 1:colcon.colcon_core.shell:create_environment_hook('learm_ros2_description', 'cmake_prefix_path')
[2.212s] INFO:colcon.colcon_core.shell:Creating environment hook '/home/lk/learm_ws/install/learm_ros2_description/share/learm_ros2_description/hook/cmake_prefix_path.ps1'
[2.212s] INFO:colcon.colcon_core.shell:Creating environment descriptor '/home/lk/learm_ws/install/learm_ros2_description/share/learm_ros2_description/hook/cmake_prefix_path.dsv'
[2.212s] INFO:colcon.colcon_core.shell:Creating environment hook '/home/lk/learm_ws/install/learm_ros2_description/share/learm_ros2_description/hook/cmake_prefix_path.sh'
[2.213s] Level 1:colcon.colcon_core.environment:checking '/home/lk/learm_ws/install/learm_ros2_description/bin'
[2.213s] Level 1:colcon.colcon_core.environment:checking '/home/lk/learm_ws/install/learm_ros2_description/lib/pkgconfig/learm_ros2_description.pc'
[2.213s] Level 1:colcon.colcon_core.environment:checking '/home/lk/learm_ws/install/learm_ros2_description/lib/python3.10/site-packages'
[2.214s] Level 1:colcon.colcon_core.environment:checking '/home/lk/learm_ws/install/learm_ros2_description/bin'
[2.232s] INFO:colcon.colcon_core.shell:Creating package script '/home/lk/learm_ws/install/learm_ros2_description/share/learm_ros2_description/package.ps1'
[2.232s] INFO:colcon.colcon_core.shell:Creating package descriptor '/home/lk/learm_ws/install/learm_ros2_description/share/learm_ros2_description/package.dsv'
[2.233s] INFO:colcon.colcon_core.shell:Creating package script '/home/lk/learm_ws/install/learm_ros2_description/share/learm_ros2_description/package.sh'
[2.233s] INFO:colcon.colcon_core.shell:Creating package script '/home/lk/learm_ws/install/learm_ros2_description/share/learm_ros2_description/package.bash'
[2.233s] INFO:colcon.colcon_core.shell:Creating package script '/home/lk/learm_ws/install/learm_ros2_description/share/learm_ros2_description/package.zsh'
[2.233s] Level 1:colcon.colcon_core.environment:create_file_with_runtime_dependencies(/home/lk/learm_ws/install/learm_ros2_description/share/colcon-core/packages/learm_ros2_description)
[2.291s] DEBUG:colcon.colcon_core.event_handler.log_command:Invoking command in '/home/lk/learm_ws/src/learm_ros2': PYTHONPATH=/home/lk/learm_ws/build/learm_ros2/prefix_override:/home/lk/learm_ws/install/learm_ros2/lib/python3.10/site-packages:${PYTHONPATH} /usr/bin/python3 setup.py egg_info --egg-base ../../build/learm_ros2 build --build-base /home/lk/learm_ws/build/learm_ros2/build install --record /home/lk/learm_ws/build/learm_ros2/install.log --single-version-externally-managed
[2.531s] DEBUG:colcon.colcon_core.event_handler.log_command:Invoked command in '/home/lk/learm_ws/src/learm_ros2' returned '0': PYTHONPATH=/home/lk/learm_ws/build/learm_ros2/prefix_override:/home/lk/learm_ws/install/learm_ros2/lib/python3.10/site-packages:${PYTHONPATH} /usr/bin/python3 setup.py egg_info --egg-base ../../build/learm_ros2 build --build-base /home/lk/learm_ws/build/learm_ros2/build install --record /home/lk/learm_ws/build/learm_ros2/install.log --single-version-externally-managed
[2.544s] Level 1:colcon.colcon_core.environment:checking '/home/lk/learm_ws/install/learm_ros2' for CMake module files
[2.544s] Level 1:colcon.colcon_core.environment:checking '/home/lk/learm_ws/install/learm_ros2' for CMake config files
[2.545s] Level 1:colcon.colcon_core.environment:checking '/home/lk/learm_ws/install/learm_ros2/lib'
[2.545s] Level 1:colcon.colcon_core.environment:checking '/home/lk/learm_ws/install/learm_ros2/bin'
[2.545s] Level 1:colcon.colcon_core.environment:checking '/home/lk/learm_ws/install/learm_ros2/lib/pkgconfig/learm_ros2.pc'
[2.546s] Level 1:colcon.colcon_core.environment:checking '/home/lk/learm_ws/install/learm_ros2/lib/python3.10/site-packages'
[2.546s] Level 1:colcon.colcon_core.shell:create_environment_hook('learm_ros2', 'pythonpath')
[2.558s] INFO:colcon.colcon_core.shell:Creating environment hook '/home/lk/learm_ws/install/learm_ros2/share/learm_ros2/hook/pythonpath.ps1'
[2.558s] INFO:colcon.colcon_core.shell:Creating environment descriptor '/home/lk/learm_ws/install/learm_ros2/share/learm_ros2/hook/pythonpath.dsv'
[2.559s] INFO:colcon.colcon_core.shell:Creating environment hook '/home/lk/learm_ws/install/learm_ros2/share/learm_ros2/hook/pythonpath.sh'
[2.559s] Level 1:colcon.colcon_core.environment:checking '/home/lk/learm_ws/install/learm_ros2/bin'
[2.559s] Level 1:colcon.colcon_core.environment:create_environment_scripts_only(learm_ros2)
[2.572s] INFO:colcon.colcon_core.shell:Creating package script '/home/lk/learm_ws/install/learm_ros2/share/learm_ros2/package.ps1'
[2.572s] INFO:colcon.colcon_core.shell:Creating package descriptor '/home/lk/learm_ws/install/learm_ros2/share/learm_ros2/package.dsv'
[2.573s] INFO:colcon.colcon_core.shell:Creating package script '/home/lk/learm_ws/install/learm_ros2/share/learm_ros2/package.sh'
[2.573s] INFO:colcon.colcon_core.shell:Creating package script '/home/lk/learm_ws/install/learm_ros2/share/learm_ros2/package.bash'
[2.573s] INFO:colcon.colcon_core.shell:Creating package script '/home/lk/learm_ws/install/learm_ros2/share/learm_ros2/package.zsh'
[2.573s] Level 1:colcon.colcon_core.environment:create_file_with_runtime_dependencies(/home/lk/learm_ws/install/learm_ros2/share/colcon-core/packages/learm_ros2)
[2.573s] INFO:colcon.colcon_ros.task.ament_python.build:Building ROS package in '/home/lk/learm_ws/src/learm_ros2_moveit_config' with build type 'ament_python'
[2.574s] Level 1:colcon.colcon_core.shell:create_environment_hook('learm_ros2_moveit_config', 'ament_prefix_path')
[2.588s] INFO:colcon.colcon_core.shell:Creating environment hook '/home/lk/learm_ws/install/learm_ros2_moveit_config/share/learm_ros2_moveit_config/hook/ament_prefix_path.ps1'
[2.588s] INFO:colcon.colcon_core.shell:Creating environment descriptor '/home/lk/learm_ws/install/learm_ros2_moveit_config/share/learm_ros2_moveit_config/hook/ament_prefix_path.dsv'
[2.589s] INFO:colcon.colcon_core.shell:Creating environment hook '/home/lk/learm_ws/install/learm_ros2_moveit_config/share/learm_ros2_moveit_config/hook/ament_prefix_path.sh'
[2.602s] INFO:colcon.colcon_core.shell:Skip shell extension 'powershell' for command environment: Not usable outside of PowerShell
[2.603s] DEBUG:colcon.colcon_core.shell:Skip shell extension 'dsv' for command environment
[2.845s] INFO:colcon.colcon_core.task.python.build:Building Python package in '/home/lk/learm_ws/src/learm_ros2_moveit_config'
[2.858s] INFO:colcon.colcon_core.shell:Skip shell extension 'powershell' for command environment: Not usable outside of PowerShell
[2.858s] DEBUG:colcon.colcon_core.shell:Skip shell extension 'dsv' for command environment
[3.175s] DEBUG:colcon.colcon_core.event_handler.log_command:Invoking command in '/home/lk/learm_ws/src/learm_ros2_moveit_config': AMENT_PREFIX_PATH=/home/lk/learm_ws/install/learm_ros2:${AMENT_PREFIX_PATH} PYTHONPATH=/home/lk/learm_ws/build/learm_ros2_moveit_config/prefix_override:/home/lk/learm_ws/install/learm_ros2_moveit_config/lib/python3.10/site-packages:/home/lk/learm_ws/install/learm_ros2/lib/python3.10/site-packages:${PYTHONPATH} /usr/bin/python3 setup.py egg_info --egg-base ../../build/learm_ros2_moveit_config build --build-base /home/lk/learm_ws/build/learm_ros2_moveit_config/build install --record /home/lk/learm_ws/build/learm_ros2_moveit_config/install.log --single-version-externally-managed
[3.408s] DEBUG:colcon.colcon_core.event_handler.log_command:Invoked command in '/home/lk/learm_ws/src/learm_ros2_moveit_config' returned '0': AMENT_PREFIX_PATH=/home/lk/learm_ws/install/learm_ros2:${AMENT_PREFIX_PATH} PYTHONPATH=/home/lk/learm_ws/build/learm_ros2_moveit_config/prefix_override:/home/lk/learm_ws/install/learm_ros2_moveit_config/lib/python3.10/site-packages:/home/lk/learm_ws/install/learm_ros2/lib/python3.10/site-packages:${PYTHONPATH} /usr/bin/python3 setup.py egg_info --egg-base ../../build/learm_ros2_moveit_config build --build-base /home/lk/learm_ws/build/learm_ros2_moveit_config/build install --record /home/lk/learm_ws/build/learm_ros2_moveit_config/install.log --single-version-externally-managed
[3.421s] Level 1:colcon.colcon_core.environment:checking '/home/lk/learm_ws/install/learm_ros2_moveit_config' for CMake module files
[3.422s] Level 1:colcon.colcon_core.environment:checking '/home/lk/learm_ws/install/learm_ros2_moveit_config' for CMake config files
[3.424s] Level 1:colcon.colcon_core.environment:checking '/home/lk/learm_ws/install/learm_ros2_moveit_config/lib'
[3.424s] Level 1:colcon.colcon_core.environment:checking '/home/lk/learm_ws/install/learm_ros2_moveit_config/bin'
[3.424s] Level 1:colcon.colcon_core.environment:checking '/home/lk/learm_ws/install/learm_ros2_moveit_config/lib/pkgconfig/learm_ros2_moveit_config.pc'
[3.424s] Level 1:colcon.colcon_core.environment:checking '/home/lk/learm_ws/install/learm_ros2_moveit_config/lib/python3.10/site-packages'
[3.424s] Level 1:colcon.colcon_core.shell:create_environment_hook('learm_ros2_moveit_config', 'pythonpath')
[3.437s] INFO:colcon.colcon_core.shell:Creating environment hook '/home/lk/learm_ws/install/learm_ros2_moveit_config/share/learm_ros2_moveit_config/hook/pythonpath.ps1'
[3.437s] INFO:colcon.colcon_core.shell:Creating environment descriptor '/home/lk/learm_ws/install/learm_ros2_moveit_config/share/learm_ros2_moveit_config/hook/pythonpath.dsv'
[3.438s] INFO:colcon.colcon_core.shell:Creating environment hook '/home/lk/learm_ws/install/learm_ros2_moveit_config/share/learm_ros2_moveit_config/hook/pythonpath.sh'
[3.438s] Level 1:colcon.colcon_core.environment:checking '/home/lk/learm_ws/install/learm_ros2_moveit_config/bin'
[3.438s] Level 1:colcon.colcon_core.environment:create_environment_scripts_only(learm_ros2_moveit_config)
[3.451s] INFO:colcon.colcon_core.shell:Creating package script '/home/lk/learm_ws/install/learm_ros2_moveit_config/share/learm_ros2_moveit_config/package.ps1'
[3.451s] INFO:colcon.colcon_core.shell:Creating package descriptor '/home/lk/learm_ws/install/learm_ros2_moveit_config/share/learm_ros2_moveit_config/package.dsv'
[3.452s] INFO:colcon.colcon_core.shell:Creating package script '/home/lk/learm_ws/install/learm_ros2_moveit_config/share/learm_ros2_moveit_config/package.sh'
[3.452s] INFO:colcon.colcon_core.shell:Creating package script '/home/lk/learm_ws/install/learm_ros2_moveit_config/share/learm_ros2_moveit_config/package.bash'
[3.452s] INFO:colcon.colcon_core.shell:Creating package script '/home/lk/learm_ws/install/learm_ros2_moveit_config/share/learm_ros2_moveit_config/package.zsh'
[3.453s] Level 1:colcon.colcon_core.environment:create_file_with_runtime_dependencies(/home/lk/learm_ws/install/learm_ros2_moveit_config/share/colcon-core/packages/learm_ros2_moveit_config)
[3.453s] DEBUG:colcon.colcon_parallel_executor.executor.parallel:closing loop
[3.453s] DEBUG:colcon.colcon_parallel_executor.executor.parallel:loop closed
[3.454s] DEBUG:colcon.colcon_parallel_executor.executor.parallel:run_until_complete finished with '0'
[3.454s] DEBUG:colcon.colcon_core.event_reactor:joining thread
[3.473s] INFO:colcon.colcon_core.plugin_system:Skipping extension 'colcon_notification.desktop_notification.terminal_notifier': Not used on non-Darwin systems
[3.473s] INFO:colcon.colcon_core.plugin_system:Skipping extension 'colcon_notification.desktop_notification.win32': Not used on non-Windows systems
[3.473s] INFO:colcon.colcon_notification.desktop_notification:Sending desktop notification using 'notify2'
[3.489s] DEBUG:colcon.colcon_core.event_reactor:joined thread
[3.509s] INFO:colcon.colcon_core.shell:Creating prefix script '/home/lk/learm_ws/install/local_setup.ps1'
[3.513s] INFO:colcon.colcon_core.shell:Creating prefix util module '/home/lk/learm_ws/install/_local_setup_util_ps1.py'
[3.514s] INFO:colcon.colcon_core.shell:Creating prefix chain script '/home/lk/learm_ws/install/setup.ps1'
[3.532s] INFO:colcon.colcon_core.shell:Creating prefix script '/home/lk/learm_ws/install/local_setup.sh'
[3.533s] INFO:colcon.colcon_core.shell:Creating prefix util module '/home/lk/learm_ws/install/_local_setup_util_sh.py'
[3.534s] INFO:colcon.colcon_core.shell:Creating prefix chain script '/home/lk/learm_ws/install/setup.sh'
[3.550s] INFO:colcon.colcon_core.shell:Creating prefix script '/home/lk/learm_ws/install/local_setup.bash'
[3.550s] INFO:colcon.colcon_core.shell:Creating prefix chain script '/home/lk/learm_ws/install/setup.bash'
[3.576s] INFO:colcon.colcon_core.shell:Creating prefix script '/home/lk/learm_ws/install/local_setup.zsh'
[3.577s] INFO:colcon.colcon_core.shell:Creating prefix chain script '/home/lk/learm_ws/install/setup.zsh'
