-- The C compiler identification is GNU 11.4.0
-- The CXX compiler identification is GNU 11.4.0
-- Detecting C compiler ABI info
-- Detecting C compiler ABI info - done
-- Check for working C compiler: /usr/bin/cc - skipped
-- Detecting C compile features
-- Detecting C compile features - done
-- Detecting CXX compiler ABI info
-- Detecting CXX compiler ABI info - done
-- Check for working CXX compiler: /usr/bin/c++ - skipped
-- Detecting CXX compile features
-- Detecting CXX compile features - done
-- Found ament_cmake: 1.3.5 (/opt/ros/humble/share/ament_cmake/cmake)
-- Found Python3: /usr/bin/python3.10 (found version "3.10.12") found components: Interpreter 
-- Configuring done
-- Generating done
-- Build files have been written to: /home/wsl-ubuntu/learm_ws/build/learm_ros2_description
-- Install configuration: ""
-- Installing: /home/wsl-ubuntu/learm_ws/install/learm_ros2_description/share/learm_ros2_description/config
-- Installing: /home/wsl-ubuntu/learm_ws/install/learm_ros2_description/share/learm_ros2_description/config/controllers.yaml
-- Installing: /home/wsl-ubuntu/learm_ws/install/learm_ros2_description/share/learm_ros2_description/config/kinematics.yaml
-- Installing: /home/wsl-ubuntu/learm_ws/install/learm_ros2_description/share/learm_ros2_description/config/learm_servo.yaml
-- Installing: /home/wsl-ubuntu/learm_ws/install/learm_ros2_description/share/learm_ros2_description/config/joint_limits.yaml
-- Installing: /home/wsl-ubuntu/learm_ws/install/learm_ros2_description/share/learm_ros2_description/config/ros_controllers.yaml
-- Installing: /home/wsl-ubuntu/learm_ws/install/learm_ros2_description/share/learm_ros2_description/config/fake_controllers.yaml
-- Installing: /home/wsl-ubuntu/learm_ws/install/learm_ros2_description/share/learm_ros2_description/config/ompl_planning.yaml
[31mCMake Error at cmake_install.cmake:46 (file):
  file INSTALL cannot find
  "/home/wsl-ubuntu/learm_ws/src/learm_ros2_description/launch": No such file
  or directory.

[0m
