[0.400s] DEBUG:colcon:Command line arguments: ['/usr/bin/colcon', 'build']
[0.401s] DEBUG:colcon:Parsed command line arguments: Namespace(log_base=None, log_level=None, verb_name='build', build_base='build', install_base='install', merge_install=False, symlink_install=False, test_result_base=None, continue_on_error=False, executor='parallel', parallel_workers=12, event_handlers=None, ignore_user_meta=False, metas=['./colcon.meta'], base_paths=['.'], packages_ignore=None, packages_ignore_regex=None, paths=None, packages_up_to=None, packages_up_to_regex=None, packages_above=None, packages_above_and_dependencies=None, packages_above_depth=None, packages_select_by_dep=None, packages_skip_by_dep=None, packages_skip_up_to=None, packages_select_build_failed=False, packages_skip_build_finished=False, packages_select_test_failures=False, packages_skip_test_passed=False, packages_select=None, packages_skip=None, packages_select_regex=None, packages_skip_regex=None, packages_start=None, packages_end=None, allow_overriding=[], cmake_args=None, cmake_target=None, cmake_target_skip_unavailable=False, cmake_clean_cache=False, cmake_clean_first=False, cmake_force_configure=False, ament_cmake_args=None, catkin_cmake_args=None, catkin_skip_building_tests=False, verb_parser=<colcon_defaults.argument_parser.defaults.DefaultArgumentsDecorator object at 0x7f7f4e0f7580>, verb_extension=<colcon_core.verb.build.BuildVerb object at 0x7f7f4e64b3d0>, main=<bound method BuildVerb.main of <colcon_core.verb.build.BuildVerb object at 0x7f7f4e64b3d0>>)
[0.424s] Level 1:colcon.colcon_core.package_discovery:discover_packages(colcon_meta) check parameters
[0.424s] Level 1:colcon.colcon_core.package_discovery:discover_packages(recursive) check parameters
[0.424s] Level 1:colcon.colcon_core.package_discovery:discover_packages(ignore) check parameters
[0.424s] Level 1:colcon.colcon_core.package_discovery:discover_packages(path) check parameters
[0.424s] Level 1:colcon.colcon_core.package_discovery:discover_packages(colcon_meta) discover
[0.424s] Level 1:colcon.colcon_core.package_discovery:discover_packages(recursive) discover
[0.424s] INFO:colcon.colcon_core.package_discovery:Crawling recursively for packages in '/home/wsl-ubuntu/learm_ws'
[0.424s] Level 1:colcon.colcon_core.package_identification:_identify(.) by extensions ['ignore', 'ignore_ament_install']
[0.424s] Level 1:colcon.colcon_core.package_identification:_identify(.) by extension 'ignore'
[0.424s] Level 1:colcon.colcon_core.package_identification:_identify(.) by extension 'ignore_ament_install'
[0.424s] Level 1:colcon.colcon_core.package_identification:_identify(.) by extensions ['colcon_pkg']
[0.424s] Level 1:colcon.colcon_core.package_identification:_identify(.) by extension 'colcon_pkg'
[0.424s] Level 1:colcon.colcon_core.package_identification:_identify(.) by extensions ['colcon_meta']
[0.424s] Level 1:colcon.colcon_core.package_identification:_identify(.) by extension 'colcon_meta'
[0.424s] Level 1:colcon.colcon_core.package_identification:_identify(.) by extensions ['ros']
[0.424s] Level 1:colcon.colcon_core.package_identification:_identify(.) by extension 'ros'
[0.431s] Level 1:colcon.colcon_core.package_identification:_identify(.) by extensions ['cmake', 'python']
[0.431s] Level 1:colcon.colcon_core.package_identification:_identify(.) by extension 'cmake'
[0.431s] Level 1:colcon.colcon_core.package_identification:_identify(.) by extension 'python'
[0.431s] Level 1:colcon.colcon_core.package_identification:_identify(.) by extensions ['python_setup_py']
[0.431s] Level 1:colcon.colcon_core.package_identification:_identify(.) by extension 'python_setup_py'
[0.431s] Level 1:colcon.colcon_core.package_identification:_identify(build) by extensions ['ignore', 'ignore_ament_install']
[0.431s] Level 1:colcon.colcon_core.package_identification:_identify(build) by extension 'ignore'
[0.431s] Level 1:colcon.colcon_core.package_identification:_identify(build) ignored
[0.432s] Level 1:colcon.colcon_core.package_identification:_identify(install) by extensions ['ignore', 'ignore_ament_install']
[0.432s] Level 1:colcon.colcon_core.package_identification:_identify(install) by extension 'ignore'
[0.432s] Level 1:colcon.colcon_core.package_identification:_identify(install) ignored
[0.432s] Level 1:colcon.colcon_core.package_identification:_identify(log) by extensions ['ignore', 'ignore_ament_install']
[0.432s] Level 1:colcon.colcon_core.package_identification:_identify(log) by extension 'ignore'
[0.432s] Level 1:colcon.colcon_core.package_identification:_identify(log) ignored
[0.432s] Level 1:colcon.colcon_core.package_identification:_identify(src) by extensions ['ignore', 'ignore_ament_install']
[0.432s] Level 1:colcon.colcon_core.package_identification:_identify(src) by extension 'ignore'
[0.432s] Level 1:colcon.colcon_core.package_identification:_identify(src) by extension 'ignore_ament_install'
[0.432s] Level 1:colcon.colcon_core.package_identification:_identify(src) by extensions ['colcon_pkg']
[0.432s] Level 1:colcon.colcon_core.package_identification:_identify(src) by extension 'colcon_pkg'
[0.432s] Level 1:colcon.colcon_core.package_identification:_identify(src) by extensions ['colcon_meta']
[0.432s] Level 1:colcon.colcon_core.package_identification:_identify(src) by extension 'colcon_meta'
[0.432s] Level 1:colcon.colcon_core.package_identification:_identify(src) by extensions ['ros']
[0.432s] Level 1:colcon.colcon_core.package_identification:_identify(src) by extension 'ros'
[0.432s] Level 1:colcon.colcon_core.package_identification:_identify(src) by extensions ['cmake', 'python']
[0.432s] Level 1:colcon.colcon_core.package_identification:_identify(src) by extension 'cmake'
[0.432s] Level 1:colcon.colcon_core.package_identification:_identify(src) by extension 'python'
[0.432s] Level 1:colcon.colcon_core.package_identification:_identify(src) by extensions ['python_setup_py']
[0.432s] Level 1:colcon.colcon_core.package_identification:_identify(src) by extension 'python_setup_py'
[0.432s] Level 1:colcon.colcon_core.package_identification:_identify(src/learm_ros2) by extensions ['ignore', 'ignore_ament_install']
[0.432s] Level 1:colcon.colcon_core.package_identification:_identify(src/learm_ros2) by extension 'ignore'
[0.432s] Level 1:colcon.colcon_core.package_identification:_identify(src/learm_ros2) by extension 'ignore_ament_install'
[0.432s] Level 1:colcon.colcon_core.package_identification:_identify(src/learm_ros2) by extensions ['colcon_pkg']
[0.432s] Level 1:colcon.colcon_core.package_identification:_identify(src/learm_ros2) by extension 'colcon_pkg'
[0.432s] Level 1:colcon.colcon_core.package_identification:_identify(src/learm_ros2) by extensions ['colcon_meta']
[0.432s] Level 1:colcon.colcon_core.package_identification:_identify(src/learm_ros2) by extension 'colcon_meta'
[0.432s] Level 1:colcon.colcon_core.package_identification:_identify(src/learm_ros2) by extensions ['ros']
[0.432s] Level 1:colcon.colcon_core.package_identification:_identify(src/learm_ros2) by extension 'ros'
[0.434s] DEBUG:colcon.colcon_core.package_identification:Package 'src/learm_ros2' with type 'ros.ament_python' and name 'learm_ros2'
[0.434s] Level 1:colcon.colcon_core.package_identification:_identify(src/learm_ros2_description) by extensions ['ignore', 'ignore_ament_install']
[0.434s] Level 1:colcon.colcon_core.package_identification:_identify(src/learm_ros2_description) by extension 'ignore'
[0.434s] Level 1:colcon.colcon_core.package_identification:_identify(src/learm_ros2_description) by extension 'ignore_ament_install'
[0.434s] Level 1:colcon.colcon_core.package_identification:_identify(src/learm_ros2_description) by extensions ['colcon_pkg']
[0.434s] Level 1:colcon.colcon_core.package_identification:_identify(src/learm_ros2_description) by extension 'colcon_pkg'
[0.434s] Level 1:colcon.colcon_core.package_identification:_identify(src/learm_ros2_description) by extensions ['colcon_meta']
[0.434s] Level 1:colcon.colcon_core.package_identification:_identify(src/learm_ros2_description) by extension 'colcon_meta'
[0.434s] Level 1:colcon.colcon_core.package_identification:_identify(src/learm_ros2_description) by extensions ['ros']
[0.434s] Level 1:colcon.colcon_core.package_identification:_identify(src/learm_ros2_description) by extension 'ros'
[0.434s] DEBUG:colcon.colcon_core.package_identification:Package 'src/learm_ros2_description' with type 'ros.ament_cmake' and name 'learm_ros2_description'
[0.434s] Level 1:colcon.colcon_core.package_identification:_identify(src/learm_ros2_moveit_config) by extensions ['ignore', 'ignore_ament_install']
[0.434s] Level 1:colcon.colcon_core.package_identification:_identify(src/learm_ros2_moveit_config) by extension 'ignore'
[0.434s] Level 1:colcon.colcon_core.package_identification:_identify(src/learm_ros2_moveit_config) by extension 'ignore_ament_install'
[0.435s] Level 1:colcon.colcon_core.package_identification:_identify(src/learm_ros2_moveit_config) by extensions ['colcon_pkg']
[0.435s] Level 1:colcon.colcon_core.package_identification:_identify(src/learm_ros2_moveit_config) by extension 'colcon_pkg'
[0.435s] Level 1:colcon.colcon_core.package_identification:_identify(src/learm_ros2_moveit_config) by extensions ['colcon_meta']
[0.435s] Level 1:colcon.colcon_core.package_identification:_identify(src/learm_ros2_moveit_config) by extension 'colcon_meta'
[0.435s] Level 1:colcon.colcon_core.package_identification:_identify(src/learm_ros2_moveit_config) by extensions ['ros']
[0.435s] Level 1:colcon.colcon_core.package_identification:_identify(src/learm_ros2_moveit_config) by extension 'ros'
[0.435s] DEBUG:colcon.colcon_core.package_identification:Package 'src/learm_ros2_moveit_config' with type 'ros.ament_python' and name 'learm_ros2_moveit_config'
[0.435s] Level 1:colcon.colcon_core.package_identification:_identify(src/urdf_example) by extensions ['ignore', 'ignore_ament_install']
[0.435s] Level 1:colcon.colcon_core.package_identification:_identify(src/urdf_example) by extension 'ignore'
[0.435s] Level 1:colcon.colcon_core.package_identification:_identify(src/urdf_example) by extension 'ignore_ament_install'
[0.435s] Level 1:colcon.colcon_core.package_identification:_identify(src/urdf_example) by extensions ['colcon_pkg']
[0.435s] Level 1:colcon.colcon_core.package_identification:_identify(src/urdf_example) by extension 'colcon_pkg'
[0.435s] Level 1:colcon.colcon_core.package_identification:_identify(src/urdf_example) by extensions ['colcon_meta']
[0.435s] Level 1:colcon.colcon_core.package_identification:_identify(src/urdf_example) by extension 'colcon_meta'
[0.435s] Level 1:colcon.colcon_core.package_identification:_identify(src/urdf_example) by extensions ['ros']
[0.435s] Level 1:colcon.colcon_core.package_identification:_identify(src/urdf_example) by extension 'ros'
[0.436s] DEBUG:colcon.colcon_core.package_identification:Package 'src/urdf_example' with type 'ros.ament_cmake' and name 'urdf_example'
[0.436s] Level 1:colcon.colcon_core.package_discovery:discover_packages(recursive) using defaults
[0.436s] Level 1:colcon.colcon_core.package_discovery:discover_packages(ignore) discover
[0.436s] Level 1:colcon.colcon_core.package_discovery:discover_packages(ignore) using defaults
[0.436s] Level 1:colcon.colcon_core.package_discovery:discover_packages(path) discover
[0.436s] Level 1:colcon.colcon_core.package_discovery:discover_packages(path) using defaults
[0.471s] Level 1:colcon.colcon_core.package_discovery:discover_packages(prefix_path) check parameters
[0.471s] Level 1:colcon.colcon_core.package_discovery:discover_packages(prefix_path) discover
[0.482s] DEBUG:colcon.colcon_installed_package_information.package_discovery:Found 3 installed packages in /home/wsl-ubuntu/learm_ws/install
[0.489s] DEBUG:colcon.colcon_installed_package_information.package_discovery:Found 337 installed packages in /opt/ros/humble
[0.490s] Level 1:colcon.colcon_core.package_discovery:discover_packages(prefix_path) using defaults
[0.527s] Level 5:colcon.colcon_core.verb:set package 'learm_ros2' build argument 'cmake_args' from command line to 'None'
[0.527s] Level 5:colcon.colcon_core.verb:set package 'learm_ros2' build argument 'cmake_target' from command line to 'None'
[0.527s] Level 5:colcon.colcon_core.verb:set package 'learm_ros2' build argument 'cmake_target_skip_unavailable' from command line to 'False'
[0.527s] Level 5:colcon.colcon_core.verb:set package 'learm_ros2' build argument 'cmake_clean_cache' from command line to 'False'
[0.527s] Level 5:colcon.colcon_core.verb:set package 'learm_ros2' build argument 'cmake_clean_first' from command line to 'False'
[0.527s] Level 5:colcon.colcon_core.verb:set package 'learm_ros2' build argument 'cmake_force_configure' from command line to 'False'
[0.527s] Level 5:colcon.colcon_core.verb:set package 'learm_ros2' build argument 'ament_cmake_args' from command line to 'None'
[0.527s] Level 5:colcon.colcon_core.verb:set package 'learm_ros2' build argument 'catkin_cmake_args' from command line to 'None'
[0.527s] Level 5:colcon.colcon_core.verb:set package 'learm_ros2' build argument 'catkin_skip_building_tests' from command line to 'False'
[0.527s] DEBUG:colcon.colcon_core.verb:Building package 'learm_ros2' with the following arguments: {'ament_cmake_args': None, 'build_base': '/home/wsl-ubuntu/learm_ws/build/learm_ros2', 'catkin_cmake_args': None, 'catkin_skip_building_tests': False, 'cmake_args': None, 'cmake_clean_cache': False, 'cmake_clean_first': False, 'cmake_force_configure': False, 'cmake_target': None, 'cmake_target_skip_unavailable': False, 'install_base': '/home/wsl-ubuntu/learm_ws/install/learm_ros2', 'merge_install': False, 'path': '/home/wsl-ubuntu/learm_ws/src/learm_ros2', 'symlink_install': False, 'test_result_base': None}
[0.533s] Level 5:colcon.colcon_core.verb:set package 'learm_ros2_description' build argument 'cmake_args' from command line to 'None'
[0.533s] Level 5:colcon.colcon_core.verb:set package 'learm_ros2_description' build argument 'cmake_target' from command line to 'None'
[0.533s] Level 5:colcon.colcon_core.verb:set package 'learm_ros2_description' build argument 'cmake_target_skip_unavailable' from command line to 'False'
[0.533s] Level 5:colcon.colcon_core.verb:set package 'learm_ros2_description' build argument 'cmake_clean_cache' from command line to 'False'
[0.533s] Level 5:colcon.colcon_core.verb:set package 'learm_ros2_description' build argument 'cmake_clean_first' from command line to 'False'
[0.533s] Level 5:colcon.colcon_core.verb:set package 'learm_ros2_description' build argument 'cmake_force_configure' from command line to 'False'
[0.533s] Level 5:colcon.colcon_core.verb:set package 'learm_ros2_description' build argument 'ament_cmake_args' from command line to 'None'
[0.533s] Level 5:colcon.colcon_core.verb:set package 'learm_ros2_description' build argument 'catkin_cmake_args' from command line to 'None'
[0.533s] Level 5:colcon.colcon_core.verb:set package 'learm_ros2_description' build argument 'catkin_skip_building_tests' from command line to 'False'
[0.533s] DEBUG:colcon.colcon_core.verb:Building package 'learm_ros2_description' with the following arguments: {'ament_cmake_args': None, 'build_base': '/home/wsl-ubuntu/learm_ws/build/learm_ros2_description', 'catkin_cmake_args': None, 'catkin_skip_building_tests': False, 'cmake_args': None, 'cmake_clean_cache': False, 'cmake_clean_first': False, 'cmake_force_configure': False, 'cmake_target': None, 'cmake_target_skip_unavailable': False, 'install_base': '/home/wsl-ubuntu/learm_ws/install/learm_ros2_description', 'merge_install': False, 'path': '/home/wsl-ubuntu/learm_ws/src/learm_ros2_description', 'symlink_install': False, 'test_result_base': None}
[0.545s] Level 5:colcon.colcon_core.verb:set package 'urdf_example' build argument 'cmake_args' from command line to 'None'
[0.545s] Level 5:colcon.colcon_core.verb:set package 'urdf_example' build argument 'cmake_target' from command line to 'None'
[0.545s] Level 5:colcon.colcon_core.verb:set package 'urdf_example' build argument 'cmake_target_skip_unavailable' from command line to 'False'
[0.545s] Level 5:colcon.colcon_core.verb:set package 'urdf_example' build argument 'cmake_clean_cache' from command line to 'False'
[0.545s] Level 5:colcon.colcon_core.verb:set package 'urdf_example' build argument 'cmake_clean_first' from command line to 'False'
[0.545s] Level 5:colcon.colcon_core.verb:set package 'urdf_example' build argument 'cmake_force_configure' from command line to 'False'
[0.545s] Level 5:colcon.colcon_core.verb:set package 'urdf_example' build argument 'ament_cmake_args' from command line to 'None'
[0.545s] Level 5:colcon.colcon_core.verb:set package 'urdf_example' build argument 'catkin_cmake_args' from command line to 'None'
[0.545s] Level 5:colcon.colcon_core.verb:set package 'urdf_example' build argument 'catkin_skip_building_tests' from command line to 'False'
[0.545s] DEBUG:colcon.colcon_core.verb:Building package 'urdf_example' with the following arguments: {'ament_cmake_args': None, 'build_base': '/home/wsl-ubuntu/learm_ws/build/urdf_example', 'catkin_cmake_args': None, 'catkin_skip_building_tests': False, 'cmake_args': None, 'cmake_clean_cache': False, 'cmake_clean_first': False, 'cmake_force_configure': False, 'cmake_target': None, 'cmake_target_skip_unavailable': False, 'install_base': '/home/wsl-ubuntu/learm_ws/install/urdf_example', 'merge_install': False, 'path': '/home/wsl-ubuntu/learm_ws/src/urdf_example', 'symlink_install': False, 'test_result_base': None}
[0.550s] Level 5:colcon.colcon_core.verb:set package 'learm_ros2_moveit_config' build argument 'cmake_args' from command line to 'None'
[0.550s] Level 5:colcon.colcon_core.verb:set package 'learm_ros2_moveit_config' build argument 'cmake_target' from command line to 'None'
[0.550s] Level 5:colcon.colcon_core.verb:set package 'learm_ros2_moveit_config' build argument 'cmake_target_skip_unavailable' from command line to 'False'
[0.550s] Level 5:colcon.colcon_core.verb:set package 'learm_ros2_moveit_config' build argument 'cmake_clean_cache' from command line to 'False'
[0.550s] Level 5:colcon.colcon_core.verb:set package 'learm_ros2_moveit_config' build argument 'cmake_clean_first' from command line to 'False'
[0.550s] Level 5:colcon.colcon_core.verb:set package 'learm_ros2_moveit_config' build argument 'cmake_force_configure' from command line to 'False'
[0.550s] Level 5:colcon.colcon_core.verb:set package 'learm_ros2_moveit_config' build argument 'ament_cmake_args' from command line to 'None'
[0.550s] Level 5:colcon.colcon_core.verb:set package 'learm_ros2_moveit_config' build argument 'catkin_cmake_args' from command line to 'None'
[0.550s] Level 5:colcon.colcon_core.verb:set package 'learm_ros2_moveit_config' build argument 'catkin_skip_building_tests' from command line to 'False'
[0.550s] DEBUG:colcon.colcon_core.verb:Building package 'learm_ros2_moveit_config' with the following arguments: {'ament_cmake_args': None, 'build_base': '/home/wsl-ubuntu/learm_ws/build/learm_ros2_moveit_config', 'catkin_cmake_args': None, 'catkin_skip_building_tests': False, 'cmake_args': None, 'cmake_clean_cache': False, 'cmake_clean_first': False, 'cmake_force_configure': False, 'cmake_target': None, 'cmake_target_skip_unavailable': False, 'install_base': '/home/wsl-ubuntu/learm_ws/install/learm_ros2_moveit_config', 'merge_install': False, 'path': '/home/wsl-ubuntu/learm_ws/src/learm_ros2_moveit_config', 'symlink_install': False, 'test_result_base': None}
[0.555s] INFO:colcon.colcon_core.executor:Executing jobs using 'parallel' executor
[0.561s] DEBUG:colcon.colcon_parallel_executor.executor.parallel:run_until_complete
[0.561s] INFO:colcon.colcon_ros.task.ament_python.build:Building ROS package in '/home/wsl-ubuntu/learm_ws/src/learm_ros2' with build type 'ament_python'
[0.561s] Level 1:colcon.colcon_core.shell:create_environment_hook('learm_ros2', 'ament_prefix_path')
[0.568s] INFO:colcon.colcon_core.plugin_system:Skipping extension 'colcon_core.shell.bat': Not used on non-Windows systems
[0.568s] INFO:colcon.colcon_core.shell:Creating environment hook '/home/wsl-ubuntu/learm_ws/install/learm_ros2/share/learm_ros2/hook/ament_prefix_path.ps1'
[0.568s] INFO:colcon.colcon_core.shell:Creating environment descriptor '/home/wsl-ubuntu/learm_ws/install/learm_ros2/share/learm_ros2/hook/ament_prefix_path.dsv'
[0.569s] INFO:colcon.colcon_core.shell:Creating environment hook '/home/wsl-ubuntu/learm_ws/install/learm_ros2/share/learm_ros2/hook/ament_prefix_path.sh'
[0.574s] INFO:colcon.colcon_core.shell:Skip shell extension 'powershell' for command environment: Not usable outside of PowerShell
[0.574s] DEBUG:colcon.colcon_core.shell:Skip shell extension 'dsv' for command environment
[0.591s] INFO:colcon.colcon_ros.task.ament_cmake.build:Building ROS package in '/home/wsl-ubuntu/learm_ws/src/learm_ros2_description' with build type 'ament_cmake'
[0.592s] INFO:colcon.colcon_cmake.task.cmake.build:Building CMake package in '/home/wsl-ubuntu/learm_ws/src/learm_ros2_description'
[0.597s] INFO:colcon.colcon_core.shell:Skip shell extension 'powershell' for command environment: Not usable outside of PowerShell
[0.598s] DEBUG:colcon.colcon_core.shell:Skip shell extension 'dsv' for command environment
[0.615s] INFO:colcon.colcon_ros.task.ament_cmake.build:Building ROS package in '/home/wsl-ubuntu/learm_ws/src/urdf_example' with build type 'ament_cmake'
[0.615s] INFO:colcon.colcon_cmake.task.cmake.build:Building CMake package in '/home/wsl-ubuntu/learm_ws/src/urdf_example'
[0.620s] INFO:colcon.colcon_core.shell:Skip shell extension 'powershell' for command environment: Not usable outside of PowerShell
[0.620s] DEBUG:colcon.colcon_core.shell:Skip shell extension 'dsv' for command environment
[0.722s] INFO:colcon.colcon_core.task.python.build:Building Python package in '/home/wsl-ubuntu/learm_ws/src/learm_ros2'
[0.728s] INFO:colcon.colcon_core.shell:Skip shell extension 'powershell' for command environment: Not usable outside of PowerShell
[0.728s] DEBUG:colcon.colcon_core.shell:Skip shell extension 'dsv' for command environment
[0.749s] DEBUG:colcon.colcon_core.event_handler.log_command:Invoking command in '/home/wsl-ubuntu/learm_ws/build/learm_ros2_description': CMAKE_PREFIX_PATH=${CMAKE_PREFIX_PATH}:/opt/ros/humble /usr/bin/cmake --build /home/wsl-ubuntu/learm_ws/build/learm_ros2_description -- -j12 -l12
[0.753s] DEBUG:colcon.colcon_core.event_handler.log_command:Invoking command in '/home/wsl-ubuntu/learm_ws/build/urdf_example': CMAKE_PREFIX_PATH=${CMAKE_PREFIX_PATH}:/opt/ros/humble /usr/bin/cmake --build /home/wsl-ubuntu/learm_ws/build/urdf_example -- -j12 -l12
[0.765s] DEBUG:colcon.colcon_core.event_handler.log_command:Invoked command in '/home/wsl-ubuntu/learm_ws/build/urdf_example' returned '0': CMAKE_PREFIX_PATH=${CMAKE_PREFIX_PATH}:/opt/ros/humble /usr/bin/cmake --build /home/wsl-ubuntu/learm_ws/build/urdf_example -- -j12 -l12
[0.777s] DEBUG:colcon.colcon_core.event_handler.log_command:Invoking command in '/home/wsl-ubuntu/learm_ws/build/urdf_example': CMAKE_PREFIX_PATH=${CMAKE_PREFIX_PATH}:/opt/ros/humble /usr/bin/cmake --install /home/wsl-ubuntu/learm_ws/build/urdf_example
[0.783s] Level 1:colcon.colcon_core.environment:create_environment_scripts_only(urdf_example)
[0.783s] DEBUG:colcon.colcon_core.event_handler.log_command:Invoked command in '/home/wsl-ubuntu/learm_ws/build/urdf_example' returned '0': CMAKE_PREFIX_PATH=${CMAKE_PREFIX_PATH}:/opt/ros/humble /usr/bin/cmake --install /home/wsl-ubuntu/learm_ws/build/urdf_example
[0.789s] Level 1:colcon.colcon_core.environment:checking '/home/wsl-ubuntu/learm_ws/install/urdf_example' for CMake module files
[0.790s] Level 1:colcon.colcon_core.environment:checking '/home/wsl-ubuntu/learm_ws/install/urdf_example' for CMake config files
[0.790s] Level 1:colcon.colcon_core.shell:create_environment_hook('urdf_example', 'cmake_prefix_path')
[0.795s] INFO:colcon.colcon_core.shell:Creating environment hook '/home/wsl-ubuntu/learm_ws/install/urdf_example/share/urdf_example/hook/cmake_prefix_path.ps1'
[0.795s] INFO:colcon.colcon_core.shell:Creating environment descriptor '/home/wsl-ubuntu/learm_ws/install/urdf_example/share/urdf_example/hook/cmake_prefix_path.dsv'
[0.796s] INFO:colcon.colcon_core.shell:Creating environment hook '/home/wsl-ubuntu/learm_ws/install/urdf_example/share/urdf_example/hook/cmake_prefix_path.sh'
[0.796s] Level 1:colcon.colcon_core.environment:checking '/home/wsl-ubuntu/learm_ws/install/urdf_example/bin'
[0.796s] Level 1:colcon.colcon_core.environment:checking '/home/wsl-ubuntu/learm_ws/install/urdf_example/lib/pkgconfig/urdf_example.pc'
[0.796s] Level 1:colcon.colcon_core.environment:checking '/home/wsl-ubuntu/learm_ws/install/urdf_example/lib/python3.10/site-packages'
[0.796s] Level 1:colcon.colcon_core.environment:checking '/home/wsl-ubuntu/learm_ws/install/urdf_example/bin'
[0.801s] INFO:colcon.colcon_core.shell:Creating package script '/home/wsl-ubuntu/learm_ws/install/urdf_example/share/urdf_example/package.ps1'
[0.802s] INFO:colcon.colcon_core.shell:Creating package descriptor '/home/wsl-ubuntu/learm_ws/install/urdf_example/share/urdf_example/package.dsv'
[0.802s] INFO:colcon.colcon_core.shell:Creating package script '/home/wsl-ubuntu/learm_ws/install/urdf_example/share/urdf_example/package.sh'
[0.802s] INFO:colcon.colcon_core.shell:Creating package script '/home/wsl-ubuntu/learm_ws/install/urdf_example/share/urdf_example/package.bash'
[0.803s] INFO:colcon.colcon_core.shell:Creating package script '/home/wsl-ubuntu/learm_ws/install/urdf_example/share/urdf_example/package.zsh'
[0.803s] Level 1:colcon.colcon_core.environment:create_file_with_runtime_dependencies(/home/wsl-ubuntu/learm_ws/install/urdf_example/share/colcon-core/packages/urdf_example)
[0.818s] Level 1:colcon.colcon_core.environment:create_environment_scripts_only(urdf_example)
[0.823s] Level 1:colcon.colcon_core.environment:checking '/home/wsl-ubuntu/learm_ws/install/urdf_example' for CMake module files
[0.823s] Level 1:colcon.colcon_core.environment:checking '/home/wsl-ubuntu/learm_ws/install/urdf_example' for CMake config files
[0.823s] Level 1:colcon.colcon_core.shell:create_environment_hook('urdf_example', 'cmake_prefix_path')
[0.828s] INFO:colcon.colcon_core.shell:Creating environment hook '/home/wsl-ubuntu/learm_ws/install/urdf_example/share/urdf_example/hook/cmake_prefix_path.ps1'
[0.829s] INFO:colcon.colcon_core.shell:Creating environment descriptor '/home/wsl-ubuntu/learm_ws/install/urdf_example/share/urdf_example/hook/cmake_prefix_path.dsv'
[0.829s] INFO:colcon.colcon_core.shell:Creating environment hook '/home/wsl-ubuntu/learm_ws/install/urdf_example/share/urdf_example/hook/cmake_prefix_path.sh'
[0.829s] Level 1:colcon.colcon_core.environment:checking '/home/wsl-ubuntu/learm_ws/install/urdf_example/bin'
[0.829s] Level 1:colcon.colcon_core.environment:checking '/home/wsl-ubuntu/learm_ws/install/urdf_example/lib/pkgconfig/urdf_example.pc'
[0.829s] Level 1:colcon.colcon_core.environment:checking '/home/wsl-ubuntu/learm_ws/install/urdf_example/lib/python3.10/site-packages'
[0.829s] Level 1:colcon.colcon_core.environment:checking '/home/wsl-ubuntu/learm_ws/install/urdf_example/bin'
[0.834s] INFO:colcon.colcon_core.shell:Creating package script '/home/wsl-ubuntu/learm_ws/install/urdf_example/share/urdf_example/package.ps1'
[0.835s] INFO:colcon.colcon_core.shell:Creating package descriptor '/home/wsl-ubuntu/learm_ws/install/urdf_example/share/urdf_example/package.dsv'
[0.835s] INFO:colcon.colcon_core.shell:Creating package script '/home/wsl-ubuntu/learm_ws/install/urdf_example/share/urdf_example/package.sh'
[0.835s] INFO:colcon.colcon_core.shell:Creating package script '/home/wsl-ubuntu/learm_ws/install/urdf_example/share/urdf_example/package.bash'
[0.835s] INFO:colcon.colcon_core.shell:Creating package script '/home/wsl-ubuntu/learm_ws/install/urdf_example/share/urdf_example/package.zsh'
[0.835s] Level 1:colcon.colcon_core.environment:create_file_with_runtime_dependencies(/home/wsl-ubuntu/learm_ws/install/urdf_example/share/colcon-core/packages/urdf_example)
[0.862s] DEBUG:colcon.colcon_core.event_handler.log_command:Invoked command in '/home/wsl-ubuntu/learm_ws/build/learm_ros2_description' returned '0': CMAKE_PREFIX_PATH=${CMAKE_PREFIX_PATH}:/opt/ros/humble /usr/bin/cmake --build /home/wsl-ubuntu/learm_ws/build/learm_ros2_description -- -j12 -l12
[0.872s] DEBUG:colcon.colcon_core.event_handler.log_command:Invoking command in '/home/wsl-ubuntu/learm_ws/build/learm_ros2_description': CMAKE_PREFIX_PATH=${CMAKE_PREFIX_PATH}:/opt/ros/humble /usr/bin/cmake --install /home/wsl-ubuntu/learm_ws/build/learm_ros2_description
[0.896s] Level 1:colcon.colcon_core.environment:create_environment_scripts_only(learm_ros2_description)
[0.896s] DEBUG:colcon.colcon_core.event_handler.log_command:Invoked command in '/home/wsl-ubuntu/learm_ws/build/learm_ros2_description' returned '0': CMAKE_PREFIX_PATH=${CMAKE_PREFIX_PATH}:/opt/ros/humble /usr/bin/cmake --install /home/wsl-ubuntu/learm_ws/build/learm_ros2_description
[0.902s] Level 1:colcon.colcon_core.environment:checking '/home/wsl-ubuntu/learm_ws/install/learm_ros2_description' for CMake module files
[0.902s] Level 1:colcon.colcon_core.environment:checking '/home/wsl-ubuntu/learm_ws/install/learm_ros2_description' for CMake config files
[0.902s] Level 1:colcon.colcon_core.shell:create_environment_hook('learm_ros2_description', 'cmake_prefix_path')
[0.907s] INFO:colcon.colcon_core.shell:Creating environment hook '/home/wsl-ubuntu/learm_ws/install/learm_ros2_description/share/learm_ros2_description/hook/cmake_prefix_path.ps1'
[0.908s] INFO:colcon.colcon_core.shell:Creating environment descriptor '/home/wsl-ubuntu/learm_ws/install/learm_ros2_description/share/learm_ros2_description/hook/cmake_prefix_path.dsv'
[0.908s] INFO:colcon.colcon_core.shell:Creating environment hook '/home/wsl-ubuntu/learm_ws/install/learm_ros2_description/share/learm_ros2_description/hook/cmake_prefix_path.sh'
[0.908s] Level 1:colcon.colcon_core.environment:checking '/home/wsl-ubuntu/learm_ws/install/learm_ros2_description/bin'
[0.908s] Level 1:colcon.colcon_core.environment:checking '/home/wsl-ubuntu/learm_ws/install/learm_ros2_description/lib/pkgconfig/learm_ros2_description.pc'
[0.908s] Level 1:colcon.colcon_core.environment:checking '/home/wsl-ubuntu/learm_ws/install/learm_ros2_description/lib/python3.10/site-packages'
[0.909s] Level 1:colcon.colcon_core.environment:checking '/home/wsl-ubuntu/learm_ws/install/learm_ros2_description/bin'
[0.914s] INFO:colcon.colcon_core.shell:Creating package script '/home/wsl-ubuntu/learm_ws/install/learm_ros2_description/share/learm_ros2_description/package.ps1'
[0.914s] INFO:colcon.colcon_core.shell:Creating package descriptor '/home/wsl-ubuntu/learm_ws/install/learm_ros2_description/share/learm_ros2_description/package.dsv'
[0.914s] INFO:colcon.colcon_core.shell:Creating package script '/home/wsl-ubuntu/learm_ws/install/learm_ros2_description/share/learm_ros2_description/package.sh'
[0.914s] INFO:colcon.colcon_core.shell:Creating package script '/home/wsl-ubuntu/learm_ws/install/learm_ros2_description/share/learm_ros2_description/package.bash'
[0.915s] INFO:colcon.colcon_core.shell:Creating package script '/home/wsl-ubuntu/learm_ws/install/learm_ros2_description/share/learm_ros2_description/package.zsh'
[0.915s] Level 1:colcon.colcon_core.environment:create_file_with_runtime_dependencies(/home/wsl-ubuntu/learm_ws/install/learm_ros2_description/share/colcon-core/packages/learm_ros2_description)
[0.930s] Level 1:colcon.colcon_core.environment:create_environment_scripts_only(learm_ros2_description)
[0.935s] Level 1:colcon.colcon_core.environment:checking '/home/wsl-ubuntu/learm_ws/install/learm_ros2_description' for CMake module files
[0.935s] Level 1:colcon.colcon_core.environment:checking '/home/wsl-ubuntu/learm_ws/install/learm_ros2_description' for CMake config files
[0.935s] Level 1:colcon.colcon_core.shell:create_environment_hook('learm_ros2_description', 'cmake_prefix_path')
[0.940s] INFO:colcon.colcon_core.shell:Creating environment hook '/home/wsl-ubuntu/learm_ws/install/learm_ros2_description/share/learm_ros2_description/hook/cmake_prefix_path.ps1'
[0.940s] INFO:colcon.colcon_core.shell:Creating environment descriptor '/home/wsl-ubuntu/learm_ws/install/learm_ros2_description/share/learm_ros2_description/hook/cmake_prefix_path.dsv'
[0.940s] INFO:colcon.colcon_core.shell:Creating environment hook '/home/wsl-ubuntu/learm_ws/install/learm_ros2_description/share/learm_ros2_description/hook/cmake_prefix_path.sh'
[0.941s] Level 1:colcon.colcon_core.environment:checking '/home/wsl-ubuntu/learm_ws/install/learm_ros2_description/bin'
[0.941s] Level 1:colcon.colcon_core.environment:checking '/home/wsl-ubuntu/learm_ws/install/learm_ros2_description/lib/pkgconfig/learm_ros2_description.pc'
[0.941s] Level 1:colcon.colcon_core.environment:checking '/home/wsl-ubuntu/learm_ws/install/learm_ros2_description/lib/python3.10/site-packages'
[0.941s] Level 1:colcon.colcon_core.environment:checking '/home/wsl-ubuntu/learm_ws/install/learm_ros2_description/bin'
[0.946s] INFO:colcon.colcon_core.shell:Creating package script '/home/wsl-ubuntu/learm_ws/install/learm_ros2_description/share/learm_ros2_description/package.ps1'
[0.946s] INFO:colcon.colcon_core.shell:Creating package descriptor '/home/wsl-ubuntu/learm_ws/install/learm_ros2_description/share/learm_ros2_description/package.dsv'
[0.946s] INFO:colcon.colcon_core.shell:Creating package script '/home/wsl-ubuntu/learm_ws/install/learm_ros2_description/share/learm_ros2_description/package.sh'
[0.947s] INFO:colcon.colcon_core.shell:Creating package script '/home/wsl-ubuntu/learm_ws/install/learm_ros2_description/share/learm_ros2_description/package.bash'
[0.947s] INFO:colcon.colcon_core.shell:Creating package script '/home/wsl-ubuntu/learm_ws/install/learm_ros2_description/share/learm_ros2_description/package.zsh'
[0.947s] Level 1:colcon.colcon_core.environment:create_file_with_runtime_dependencies(/home/wsl-ubuntu/learm_ws/install/learm_ros2_description/share/colcon-core/packages/learm_ros2_description)
[0.959s] DEBUG:colcon.colcon_core.event_handler.log_command:Invoking command in '/home/wsl-ubuntu/learm_ws/src/learm_ros2': PYTHONPATH=/home/wsl-ubuntu/learm_ws/build/learm_ros2/prefix_override:/home/wsl-ubuntu/learm_ws/install/learm_ros2/lib/python3.10/site-packages:${PYTHONPATH} /usr/bin/python3 setup.py egg_info --egg-base ../../build/learm_ros2 build --build-base /home/wsl-ubuntu/learm_ws/build/learm_ros2/build install --record /home/wsl-ubuntu/learm_ws/build/learm_ros2/install.log --single-version-externally-managed
[1.154s] DEBUG:colcon.colcon_core.event_handler.log_command:Invoked command in '/home/wsl-ubuntu/learm_ws/src/learm_ros2' returned '0': PYTHONPATH=/home/wsl-ubuntu/learm_ws/build/learm_ros2/prefix_override:/home/wsl-ubuntu/learm_ws/install/learm_ros2/lib/python3.10/site-packages:${PYTHONPATH} /usr/bin/python3 setup.py egg_info --egg-base ../../build/learm_ros2 build --build-base /home/wsl-ubuntu/learm_ws/build/learm_ros2/build install --record /home/wsl-ubuntu/learm_ws/build/learm_ros2/install.log --single-version-externally-managed
[1.160s] Level 1:colcon.colcon_core.environment:checking '/home/wsl-ubuntu/learm_ws/install/learm_ros2' for CMake module files
[1.160s] Level 1:colcon.colcon_core.environment:checking '/home/wsl-ubuntu/learm_ws/install/learm_ros2' for CMake config files
[1.160s] Level 1:colcon.colcon_core.environment:checking '/home/wsl-ubuntu/learm_ws/install/learm_ros2/lib'
[1.160s] Level 1:colcon.colcon_core.environment:checking '/home/wsl-ubuntu/learm_ws/install/learm_ros2/bin'
[1.161s] Level 1:colcon.colcon_core.environment:checking '/home/wsl-ubuntu/learm_ws/install/learm_ros2/lib/pkgconfig/learm_ros2.pc'
[1.161s] Level 1:colcon.colcon_core.environment:checking '/home/wsl-ubuntu/learm_ws/install/learm_ros2/lib/python3.10/site-packages'
[1.161s] Level 1:colcon.colcon_core.shell:create_environment_hook('learm_ros2', 'pythonpath')
[1.167s] INFO:colcon.colcon_core.shell:Creating environment hook '/home/wsl-ubuntu/learm_ws/install/learm_ros2/share/learm_ros2/hook/pythonpath.ps1'
[1.167s] INFO:colcon.colcon_core.shell:Creating environment descriptor '/home/wsl-ubuntu/learm_ws/install/learm_ros2/share/learm_ros2/hook/pythonpath.dsv'
[1.167s] INFO:colcon.colcon_core.shell:Creating environment hook '/home/wsl-ubuntu/learm_ws/install/learm_ros2/share/learm_ros2/hook/pythonpath.sh'
[1.167s] Level 1:colcon.colcon_core.environment:checking '/home/wsl-ubuntu/learm_ws/install/learm_ros2/bin'
[1.167s] Level 1:colcon.colcon_core.environment:create_environment_scripts_only(learm_ros2)
[1.172s] INFO:colcon.colcon_core.shell:Creating package script '/home/wsl-ubuntu/learm_ws/install/learm_ros2/share/learm_ros2/package.ps1'
[1.172s] INFO:colcon.colcon_core.shell:Creating package descriptor '/home/wsl-ubuntu/learm_ws/install/learm_ros2/share/learm_ros2/package.dsv'
[1.173s] INFO:colcon.colcon_core.shell:Creating package script '/home/wsl-ubuntu/learm_ws/install/learm_ros2/share/learm_ros2/package.sh'
[1.173s] INFO:colcon.colcon_core.shell:Creating package script '/home/wsl-ubuntu/learm_ws/install/learm_ros2/share/learm_ros2/package.bash'
[1.173s] INFO:colcon.colcon_core.shell:Creating package script '/home/wsl-ubuntu/learm_ws/install/learm_ros2/share/learm_ros2/package.zsh'
[1.173s] Level 1:colcon.colcon_core.environment:create_file_with_runtime_dependencies(/home/wsl-ubuntu/learm_ws/install/learm_ros2/share/colcon-core/packages/learm_ros2)
[1.173s] INFO:colcon.colcon_ros.task.ament_python.build:Building ROS package in '/home/wsl-ubuntu/learm_ws/src/learm_ros2_moveit_config' with build type 'ament_python'
[1.174s] Level 1:colcon.colcon_core.shell:create_environment_hook('learm_ros2_moveit_config', 'ament_prefix_path')
[1.180s] INFO:colcon.colcon_core.shell:Creating environment hook '/home/wsl-ubuntu/learm_ws/install/learm_ros2_moveit_config/share/learm_ros2_moveit_config/hook/ament_prefix_path.ps1'
[1.180s] INFO:colcon.colcon_core.shell:Creating environment descriptor '/home/wsl-ubuntu/learm_ws/install/learm_ros2_moveit_config/share/learm_ros2_moveit_config/hook/ament_prefix_path.dsv'
[1.180s] INFO:colcon.colcon_core.shell:Creating environment hook '/home/wsl-ubuntu/learm_ws/install/learm_ros2_moveit_config/share/learm_ros2_moveit_config/hook/ament_prefix_path.sh'
[1.185s] INFO:colcon.colcon_core.shell:Skip shell extension 'powershell' for command environment: Not usable outside of PowerShell
[1.185s] DEBUG:colcon.colcon_core.shell:Skip shell extension 'dsv' for command environment
[1.320s] INFO:colcon.colcon_core.task.python.build:Building Python package in '/home/wsl-ubuntu/learm_ws/src/learm_ros2_moveit_config'
[1.326s] INFO:colcon.colcon_core.shell:Skip shell extension 'powershell' for command environment: Not usable outside of PowerShell
[1.326s] DEBUG:colcon.colcon_core.shell:Skip shell extension 'dsv' for command environment
[1.575s] DEBUG:colcon.colcon_core.event_handler.log_command:Invoking command in '/home/wsl-ubuntu/learm_ws/src/learm_ros2_moveit_config': AMENT_PREFIX_PATH=/home/wsl-ubuntu/learm_ws/install/learm_ros2:${AMENT_PREFIX_PATH} PYTHONPATH=/home/wsl-ubuntu/learm_ws/build/learm_ros2_moveit_config/prefix_override:/home/wsl-ubuntu/learm_ws/install/learm_ros2_moveit_config/lib/python3.10/site-packages:/home/wsl-ubuntu/learm_ws/install/learm_ros2/lib/python3.10/site-packages:${PYTHONPATH} /usr/bin/python3 setup.py egg_info --egg-base ../../build/learm_ros2_moveit_config build --build-base /home/wsl-ubuntu/learm_ws/build/learm_ros2_moveit_config/build install --record /home/wsl-ubuntu/learm_ws/build/learm_ros2_moveit_config/install.log --single-version-externally-managed
[1.769s] DEBUG:colcon.colcon_core.event_handler.log_command:Invoked command in '/home/wsl-ubuntu/learm_ws/src/learm_ros2_moveit_config' returned '0': AMENT_PREFIX_PATH=/home/wsl-ubuntu/learm_ws/install/learm_ros2:${AMENT_PREFIX_PATH} PYTHONPATH=/home/wsl-ubuntu/learm_ws/build/learm_ros2_moveit_config/prefix_override:/home/wsl-ubuntu/learm_ws/install/learm_ros2_moveit_config/lib/python3.10/site-packages:/home/wsl-ubuntu/learm_ws/install/learm_ros2/lib/python3.10/site-packages:${PYTHONPATH} /usr/bin/python3 setup.py egg_info --egg-base ../../build/learm_ros2_moveit_config build --build-base /home/wsl-ubuntu/learm_ws/build/learm_ros2_moveit_config/build install --record /home/wsl-ubuntu/learm_ws/build/learm_ros2_moveit_config/install.log --single-version-externally-managed
[1.775s] Level 1:colcon.colcon_core.environment:checking '/home/wsl-ubuntu/learm_ws/install/learm_ros2_moveit_config' for CMake module files
[1.775s] Level 1:colcon.colcon_core.environment:checking '/home/wsl-ubuntu/learm_ws/install/learm_ros2_moveit_config' for CMake config files
[1.775s] Level 1:colcon.colcon_core.environment:checking '/home/wsl-ubuntu/learm_ws/install/learm_ros2_moveit_config/lib'
[1.775s] Level 1:colcon.colcon_core.environment:checking '/home/wsl-ubuntu/learm_ws/install/learm_ros2_moveit_config/bin'
[1.775s] Level 1:colcon.colcon_core.environment:checking '/home/wsl-ubuntu/learm_ws/install/learm_ros2_moveit_config/lib/pkgconfig/learm_ros2_moveit_config.pc'
[1.775s] Level 1:colcon.colcon_core.environment:checking '/home/wsl-ubuntu/learm_ws/install/learm_ros2_moveit_config/lib/python3.10/site-packages'
[1.775s] Level 1:colcon.colcon_core.shell:create_environment_hook('learm_ros2_moveit_config', 'pythonpath')
[1.781s] INFO:colcon.colcon_core.shell:Creating environment hook '/home/wsl-ubuntu/learm_ws/install/learm_ros2_moveit_config/share/learm_ros2_moveit_config/hook/pythonpath.ps1'
[1.781s] INFO:colcon.colcon_core.shell:Creating environment descriptor '/home/wsl-ubuntu/learm_ws/install/learm_ros2_moveit_config/share/learm_ros2_moveit_config/hook/pythonpath.dsv'
[1.781s] INFO:colcon.colcon_core.shell:Creating environment hook '/home/wsl-ubuntu/learm_ws/install/learm_ros2_moveit_config/share/learm_ros2_moveit_config/hook/pythonpath.sh'
[1.781s] Level 1:colcon.colcon_core.environment:checking '/home/wsl-ubuntu/learm_ws/install/learm_ros2_moveit_config/bin'
[1.781s] Level 1:colcon.colcon_core.environment:create_environment_scripts_only(learm_ros2_moveit_config)
[1.786s] INFO:colcon.colcon_core.shell:Creating package script '/home/wsl-ubuntu/learm_ws/install/learm_ros2_moveit_config/share/learm_ros2_moveit_config/package.ps1'
[1.786s] INFO:colcon.colcon_core.shell:Creating package descriptor '/home/wsl-ubuntu/learm_ws/install/learm_ros2_moveit_config/share/learm_ros2_moveit_config/package.dsv'
[1.787s] INFO:colcon.colcon_core.shell:Creating package script '/home/wsl-ubuntu/learm_ws/install/learm_ros2_moveit_config/share/learm_ros2_moveit_config/package.sh'
[1.787s] INFO:colcon.colcon_core.shell:Creating package script '/home/wsl-ubuntu/learm_ws/install/learm_ros2_moveit_config/share/learm_ros2_moveit_config/package.bash'
[1.787s] INFO:colcon.colcon_core.shell:Creating package script '/home/wsl-ubuntu/learm_ws/install/learm_ros2_moveit_config/share/learm_ros2_moveit_config/package.zsh'
[1.787s] Level 1:colcon.colcon_core.environment:create_file_with_runtime_dependencies(/home/wsl-ubuntu/learm_ws/install/learm_ros2_moveit_config/share/colcon-core/packages/learm_ros2_moveit_config)
[1.788s] DEBUG:colcon.colcon_parallel_executor.executor.parallel:closing loop
[1.788s] DEBUG:colcon.colcon_parallel_executor.executor.parallel:loop closed
[1.788s] DEBUG:colcon.colcon_parallel_executor.executor.parallel:run_until_complete finished with '0'
[1.788s] DEBUG:colcon.colcon_core.event_reactor:joining thread
[1.813s] INFO:colcon.colcon_core.plugin_system:Skipping extension 'colcon_notification.desktop_notification.notify_send': Could not find 'notify-send'
[1.813s] INFO:colcon.colcon_core.plugin_system:Skipping extension 'colcon_notification.desktop_notification.terminal_notifier': Not used on non-Darwin systems
[1.813s] INFO:colcon.colcon_core.plugin_system:Skipping extension 'colcon_notification.desktop_notification.win32': Not used on non-Windows systems
[1.813s] INFO:colcon.colcon_notification.desktop_notification:Sending desktop notification using 'notify2'
[1.814s] DEBUG:colcon.colcon_notification.desktop_notification.notify2:Failed to initialize notify2: org.freedesktop.DBus.Error.ServiceUnknown: The name org.freedesktop.Notifications was not provided by any .service files
[1.814s] DEBUG:colcon.colcon_core.event_reactor:joined thread
[1.820s] INFO:colcon.colcon_core.shell:Creating prefix script '/home/wsl-ubuntu/learm_ws/install/local_setup.ps1'
[1.820s] INFO:colcon.colcon_core.shell:Creating prefix util module '/home/wsl-ubuntu/learm_ws/install/_local_setup_util_ps1.py'
[1.821s] INFO:colcon.colcon_core.shell:Creating prefix chain script '/home/wsl-ubuntu/learm_ws/install/setup.ps1'
[1.827s] INFO:colcon.colcon_core.shell:Creating prefix script '/home/wsl-ubuntu/learm_ws/install/local_setup.sh'
[1.827s] INFO:colcon.colcon_core.shell:Creating prefix util module '/home/wsl-ubuntu/learm_ws/install/_local_setup_util_sh.py'
[1.827s] INFO:colcon.colcon_core.shell:Creating prefix chain script '/home/wsl-ubuntu/learm_ws/install/setup.sh'
[1.835s] INFO:colcon.colcon_core.shell:Creating prefix script '/home/wsl-ubuntu/learm_ws/install/local_setup.bash'
[1.835s] INFO:colcon.colcon_core.shell:Creating prefix chain script '/home/wsl-ubuntu/learm_ws/install/setup.bash'
[1.840s] INFO:colcon.colcon_core.shell:Creating prefix script '/home/wsl-ubuntu/learm_ws/install/local_setup.zsh'
[1.840s] INFO:colcon.colcon_core.shell:Creating prefix chain script '/home/wsl-ubuntu/learm_ws/install/setup.zsh'
