[0.397s] Invoking command in '/home/wsl-ubuntu/learm_ws/src/learm_ros2': PYTHONPATH=/home/wsl-ubuntu/learm_ws/build/learm_ros2/prefix_override:/home/wsl-ubuntu/learm_ws/install/learm_ros2/lib/python3.10/site-packages:${PYTHONPATH} /usr/bin/python3 setup.py egg_info --egg-base ../../build/learm_ros2 build --build-base /home/wsl-ubuntu/learm_ws/build/learm_ros2/build install --record /home/wsl-ubuntu/learm_ws/build/learm_ros2/install.log --single-version-externally-managed
[0.489s] running egg_info
[0.494s] writing ../../build/learm_ros2/learm_ros2.egg-info/PKG-INFO
[0.495s] writing dependency_links to ../../build/learm_ros2/learm_ros2.egg-info/dependency_links.txt
[0.495s] writing entry points to ../../build/learm_ros2/learm_ros2.egg-info/entry_points.txt
[0.495s] writing requirements to ../../build/learm_ros2/learm_ros2.egg-info/requires.txt
[0.495s] writing top-level names to ../../build/learm_ros2/learm_ros2.egg-info/top_level.txt
[0.505s] reading manifest file '../../build/learm_ros2/learm_ros2.egg-info/SOURCES.txt'
[0.506s] writing manifest file '../../build/learm_ros2/learm_ros2.egg-info/SOURCES.txt'
[0.506s] running build
[0.506s] running build_py
[0.507s] copying learm_ros2/__init__.py -> /home/wsl-ubuntu/learm_ws/build/learm_ros2/build/lib/learm_ros2
[0.507s] copying learm_ros2/follower.py -> /home/wsl-ubuntu/learm_ws/build/learm_ros2/build/lib/learm_ros2
[0.507s] running install
[0.507s] /home/wsl-ubuntu/.local/lib/python3.10/site-packages/setuptools/_distutils/cmd.py:66: SetuptoolsDeprecationWarning: setup.py install is deprecated.
[0.507s] !!
[0.507s] 
[0.507s]         ********************************************************************************
[0.507s]         Please avoid running ``setup.py`` directly.
[0.507s]         Instead, use pypa/build, pypa/installer or other
[0.507s]         standards-based tools.
[0.507s] 
[0.507s]         See https://blog.ganssle.io/articles/2021/10/setup-py-deprecated.html for details.
[0.507s]         ********************************************************************************
[0.507s] 
[0.507s] !!
[0.507s]   self.initialize_options()
[0.509s] running install_lib
[0.514s] running install_data
[0.519s] copying resource/learm_ros2 -> /home/wsl-ubuntu/learm_ws/install/learm_ros2/share/ament_index/resource_index/packages
[0.519s] copying package.xml -> /home/wsl-ubuntu/learm_ws/install/learm_ros2/share/learm_ros2
[0.519s] copying launch/run.launch.py -> /home/wsl-ubuntu/learm_ws/install/learm_ros2/share/learm_ros2/launch
[0.520s] copying launch/learm_moveit_mode1.launch.py -> /home/wsl-ubuntu/learm_ws/install/learm_ros2/share/learm_ros2/launch
[0.520s] copying launch/follower.launch.py -> /home/wsl-ubuntu/learm_ws/install/learm_ros2/share/learm_ros2/launch
[0.520s] copying launch/learm_moveit.launch.py -> /home/wsl-ubuntu/learm_ws/install/learm_ros2/share/learm_ros2/launch
[0.520s] running install_egg_info
[0.526s] removing '/home/wsl-ubuntu/learm_ws/install/learm_ros2/lib/python3.10/site-packages/learm_ros2-0.0.0-py3.10.egg-info' (and everything under it)
[0.526s] Copying ../../build/learm_ros2/learm_ros2.egg-info to /home/wsl-ubuntu/learm_ws/install/learm_ros2/lib/python3.10/site-packages/learm_ros2-0.0.0-py3.10.egg-info
[0.526s] running install_scripts
[0.580s] Installing follower script to /home/wsl-ubuntu/learm_ws/install/learm_ros2/lib/learm_ros2
[0.580s] writing list of installed files to '/home/wsl-ubuntu/learm_ws/build/learm_ros2/install.log'
[0.592s] Invoked command in '/home/wsl-ubuntu/learm_ws/src/learm_ros2' returned '0': PYTHONPATH=/home/wsl-ubuntu/learm_ws/build/learm_ros2/prefix_override:/home/wsl-ubuntu/learm_ws/install/learm_ros2/lib/python3.10/site-packages:${PYTHONPATH} /usr/bin/python3 setup.py egg_info --egg-base ../../build/learm_ros2 build --build-base /home/wsl-ubuntu/learm_ws/build/learm_ros2/build install --record /home/wsl-ubuntu/learm_ws/build/learm_ros2/install.log --single-version-externally-managed
