[1.451s] DEBUG:colcon:Command line arguments: ['/usr/bin/colcon', 'build']
[1.451s] DEBUG:colcon:Parsed command line arguments: Namespace(log_base=None, log_level=None, verb_name='build', build_base='build', install_base='install', merge_install=False, symlink_install=False, test_result_base=None, continue_on_error=False, executor='parallel', parallel_workers=12, event_handlers=None, ignore_user_meta=False, metas=['./colcon.meta'], base_paths=['.'], packages_ignore=None, packages_ignore_regex=None, paths=None, packages_up_to=None, packages_up_to_regex=None, packages_above=None, packages_above_and_dependencies=None, packages_above_depth=None, packages_select_by_dep=None, packages_skip_by_dep=None, packages_skip_up_to=None, packages_select_build_failed=False, packages_skip_build_finished=False, packages_select_test_failures=False, packages_skip_test_passed=False, packages_select=None, packages_skip=None, packages_select_regex=None, packages_skip_regex=None, packages_start=None, packages_end=None, allow_overriding=[], cmake_args=None, cmake_target=None, cmake_target_skip_unavailable=False, cmake_clean_cache=False, cmake_clean_first=False, cmake_force_configure=False, ament_cmake_args=None, catkin_cmake_args=None, catkin_skip_building_tests=False, verb_parser=<colcon_defaults.argument_parser.defaults.DefaultArgumentsDecorator object at 0x7f92922c7b80>, verb_extension=<colcon_core.verb.build.BuildVerb object at 0x7f9293103340>, main=<bound method BuildVerb.main of <colcon_core.verb.build.BuildVerb object at 0x7f9293103340>>)
[1.513s] Level 1:colcon.colcon_core.package_discovery:discover_packages(colcon_meta) check parameters
[1.513s] Level 1:colcon.colcon_core.package_discovery:discover_packages(recursive) check parameters
[1.513s] Level 1:colcon.colcon_core.package_discovery:discover_packages(ignore) check parameters
[1.513s] Level 1:colcon.colcon_core.package_discovery:discover_packages(path) check parameters
[1.513s] Level 1:colcon.colcon_core.package_discovery:discover_packages(colcon_meta) discover
[1.513s] Level 1:colcon.colcon_core.package_discovery:discover_packages(recursive) discover
[1.513s] INFO:colcon.colcon_core.package_discovery:Crawling recursively for packages in '/home/lk/learm_ws'
[1.514s] Level 1:colcon.colcon_core.package_identification:_identify(.) by extensions ['ignore', 'ignore_ament_install']
[1.514s] Level 1:colcon.colcon_core.package_identification:_identify(.) by extension 'ignore'
[1.514s] Level 1:colcon.colcon_core.package_identification:_identify(.) by extension 'ignore_ament_install'
[1.514s] Level 1:colcon.colcon_core.package_identification:_identify(.) by extensions ['colcon_pkg']
[1.514s] Level 1:colcon.colcon_core.package_identification:_identify(.) by extension 'colcon_pkg'
[1.514s] Level 1:colcon.colcon_core.package_identification:_identify(.) by extensions ['colcon_meta']
[1.514s] Level 1:colcon.colcon_core.package_identification:_identify(.) by extension 'colcon_meta'
[1.514s] Level 1:colcon.colcon_core.package_identification:_identify(.) by extensions ['ros']
[1.514s] Level 1:colcon.colcon_core.package_identification:_identify(.) by extension 'ros'
[1.528s] Level 1:colcon.colcon_core.package_identification:_identify(.) by extensions ['cmake', 'python']
[1.528s] Level 1:colcon.colcon_core.package_identification:_identify(.) by extension 'cmake'
[1.528s] Level 1:colcon.colcon_core.package_identification:_identify(.) by extension 'python'
[1.528s] Level 1:colcon.colcon_core.package_identification:_identify(.) by extensions ['python_setup_py']
[1.528s] Level 1:colcon.colcon_core.package_identification:_identify(.) by extension 'python_setup_py'
[1.528s] Level 1:colcon.colcon_core.package_identification:_identify(build) by extensions ['ignore', 'ignore_ament_install']
[1.528s] Level 1:colcon.colcon_core.package_identification:_identify(build) by extension 'ignore'
[1.529s] Level 1:colcon.colcon_core.package_identification:_identify(build) ignored
[1.529s] Level 1:colcon.colcon_core.package_identification:_identify(install) by extensions ['ignore', 'ignore_ament_install']
[1.529s] Level 1:colcon.colcon_core.package_identification:_identify(install) by extension 'ignore'
[1.529s] Level 1:colcon.colcon_core.package_identification:_identify(install) ignored
[1.529s] Level 1:colcon.colcon_core.package_identification:_identify(log) by extensions ['ignore', 'ignore_ament_install']
[1.529s] Level 1:colcon.colcon_core.package_identification:_identify(log) by extension 'ignore'
[1.529s] Level 1:colcon.colcon_core.package_identification:_identify(log) ignored
[1.529s] Level 1:colcon.colcon_core.package_identification:_identify(src) by extensions ['ignore', 'ignore_ament_install']
[1.529s] Level 1:colcon.colcon_core.package_identification:_identify(src) by extension 'ignore'
[1.529s] Level 1:colcon.colcon_core.package_identification:_identify(src) by extension 'ignore_ament_install'
[1.529s] Level 1:colcon.colcon_core.package_identification:_identify(src) by extensions ['colcon_pkg']
[1.530s] Level 1:colcon.colcon_core.package_identification:_identify(src) by extension 'colcon_pkg'
[1.530s] Level 1:colcon.colcon_core.package_identification:_identify(src) by extensions ['colcon_meta']
[1.530s] Level 1:colcon.colcon_core.package_identification:_identify(src) by extension 'colcon_meta'
[1.530s] Level 1:colcon.colcon_core.package_identification:_identify(src) by extensions ['ros']
[1.530s] Level 1:colcon.colcon_core.package_identification:_identify(src) by extension 'ros'
[1.530s] Level 1:colcon.colcon_core.package_identification:_identify(src) by extensions ['cmake', 'python']
[1.530s] Level 1:colcon.colcon_core.package_identification:_identify(src) by extension 'cmake'
[1.530s] Level 1:colcon.colcon_core.package_identification:_identify(src) by extension 'python'
[1.530s] Level 1:colcon.colcon_core.package_identification:_identify(src) by extensions ['python_setup_py']
[1.530s] Level 1:colcon.colcon_core.package_identification:_identify(src) by extension 'python_setup_py'
[1.530s] Level 1:colcon.colcon_core.package_identification:_identify(src/learm_ros2) by extensions ['ignore', 'ignore_ament_install']
[1.530s] Level 1:colcon.colcon_core.package_identification:_identify(src/learm_ros2) by extension 'ignore'
[1.530s] Level 1:colcon.colcon_core.package_identification:_identify(src/learm_ros2) by extension 'ignore_ament_install'
[1.530s] Level 1:colcon.colcon_core.package_identification:_identify(src/learm_ros2) by extensions ['colcon_pkg']
[1.530s] Level 1:colcon.colcon_core.package_identification:_identify(src/learm_ros2) by extension 'colcon_pkg'
[1.530s] Level 1:colcon.colcon_core.package_identification:_identify(src/learm_ros2) by extensions ['colcon_meta']
[1.530s] Level 1:colcon.colcon_core.package_identification:_identify(src/learm_ros2) by extension 'colcon_meta'
[1.531s] Level 1:colcon.colcon_core.package_identification:_identify(src/learm_ros2) by extensions ['ros']
[1.531s] Level 1:colcon.colcon_core.package_identification:_identify(src/learm_ros2) by extension 'ros'
[1.533s] DEBUG:colcon.colcon_core.package_identification:Package 'src/learm_ros2' with type 'ros.ament_python' and name 'learm_ros2'
[1.534s] Level 1:colcon.colcon_core.package_identification:_identify(src/learm_ros2_description) by extensions ['ignore', 'ignore_ament_install']
[1.534s] Level 1:colcon.colcon_core.package_identification:_identify(src/learm_ros2_description) by extension 'ignore'
[1.534s] Level 1:colcon.colcon_core.package_identification:_identify(src/learm_ros2_description) by extension 'ignore_ament_install'
[1.534s] Level 1:colcon.colcon_core.package_identification:_identify(src/learm_ros2_description) by extensions ['colcon_pkg']
[1.534s] Level 1:colcon.colcon_core.package_identification:_identify(src/learm_ros2_description) by extension 'colcon_pkg'
[1.534s] Level 1:colcon.colcon_core.package_identification:_identify(src/learm_ros2_description) by extensions ['colcon_meta']
[1.534s] Level 1:colcon.colcon_core.package_identification:_identify(src/learm_ros2_description) by extension 'colcon_meta'
[1.534s] Level 1:colcon.colcon_core.package_identification:_identify(src/learm_ros2_description) by extensions ['ros']
[1.534s] Level 1:colcon.colcon_core.package_identification:_identify(src/learm_ros2_description) by extension 'ros'
[1.535s] DEBUG:colcon.colcon_core.package_identification:Package 'src/learm_ros2_description' with type 'ros.ament_cmake' and name 'learm_ros2_description'
[1.535s] Level 1:colcon.colcon_core.package_identification:_identify(src/learm_ros2_moveit_config) by extensions ['ignore', 'ignore_ament_install']
[1.535s] Level 1:colcon.colcon_core.package_identification:_identify(src/learm_ros2_moveit_config) by extension 'ignore'
[1.535s] Level 1:colcon.colcon_core.package_identification:_identify(src/learm_ros2_moveit_config) by extension 'ignore_ament_install'
[1.535s] Level 1:colcon.colcon_core.package_identification:_identify(src/learm_ros2_moveit_config) by extensions ['colcon_pkg']
[1.535s] Level 1:colcon.colcon_core.package_identification:_identify(src/learm_ros2_moveit_config) by extension 'colcon_pkg'
[1.535s] Level 1:colcon.colcon_core.package_identification:_identify(src/learm_ros2_moveit_config) by extensions ['colcon_meta']
[1.535s] Level 1:colcon.colcon_core.package_identification:_identify(src/learm_ros2_moveit_config) by extension 'colcon_meta'
[1.536s] Level 1:colcon.colcon_core.package_identification:_identify(src/learm_ros2_moveit_config) by extensions ['ros']
[1.536s] Level 1:colcon.colcon_core.package_identification:_identify(src/learm_ros2_moveit_config) by extension 'ros'
[1.537s] DEBUG:colcon.colcon_core.package_identification:Package 'src/learm_ros2_moveit_config' with type 'ros.ament_python' and name 'learm_ros2_moveit_config'
[1.538s] Level 1:colcon.colcon_core.package_identification:_identify(src/urdf_example) by extensions ['ignore', 'ignore_ament_install']
[1.538s] Level 1:colcon.colcon_core.package_identification:_identify(src/urdf_example) by extension 'ignore'
[1.538s] Level 1:colcon.colcon_core.package_identification:_identify(src/urdf_example) by extension 'ignore_ament_install'
[1.538s] Level 1:colcon.colcon_core.package_identification:_identify(src/urdf_example) by extensions ['colcon_pkg']
[1.538s] Level 1:colcon.colcon_core.package_identification:_identify(src/urdf_example) by extension 'colcon_pkg'
[1.538s] Level 1:colcon.colcon_core.package_identification:_identify(src/urdf_example) by extensions ['colcon_meta']
[1.538s] Level 1:colcon.colcon_core.package_identification:_identify(src/urdf_example) by extension 'colcon_meta'
[1.538s] Level 1:colcon.colcon_core.package_identification:_identify(src/urdf_example) by extensions ['ros']
[1.538s] Level 1:colcon.colcon_core.package_identification:_identify(src/urdf_example) by extension 'ros'
[1.539s] DEBUG:colcon.colcon_core.package_identification:Package 'src/urdf_example' with type 'ros.ament_cmake' and name 'urdf_example'
[1.539s] Level 1:colcon.colcon_core.package_discovery:discover_packages(recursive) using defaults
[1.539s] Level 1:colcon.colcon_core.package_discovery:discover_packages(ignore) discover
[1.539s] Level 1:colcon.colcon_core.package_discovery:discover_packages(ignore) using defaults
[1.539s] Level 1:colcon.colcon_core.package_discovery:discover_packages(path) discover
[1.539s] Level 1:colcon.colcon_core.package_discovery:discover_packages(path) using defaults
[1.669s] Level 1:colcon.colcon_core.package_discovery:discover_packages(prefix_path) check parameters
[1.669s] Level 1:colcon.colcon_core.package_discovery:discover_packages(prefix_path) discover
[1.713s] DEBUG:colcon.colcon_installed_package_information.package_discovery:Found 4 installed packages in /home/lk/learm_ws/install
[1.736s] DEBUG:colcon.colcon_installed_package_information.package_discovery:Found 385 installed packages in /opt/ros/humble
[1.740s] Level 1:colcon.colcon_core.package_discovery:discover_packages(prefix_path) using defaults
[1.908s] Level 5:colcon.colcon_core.verb:set package 'learm_ros2' build argument 'cmake_args' from command line to 'None'
[1.909s] Level 5:colcon.colcon_core.verb:set package 'learm_ros2' build argument 'cmake_target' from command line to 'None'
[1.909s] Level 5:colcon.colcon_core.verb:set package 'learm_ros2' build argument 'cmake_target_skip_unavailable' from command line to 'False'
[1.909s] Level 5:colcon.colcon_core.verb:set package 'learm_ros2' build argument 'cmake_clean_cache' from command line to 'False'
[1.909s] Level 5:colcon.colcon_core.verb:set package 'learm_ros2' build argument 'cmake_clean_first' from command line to 'False'
[1.909s] Level 5:colcon.colcon_core.verb:set package 'learm_ros2' build argument 'cmake_force_configure' from command line to 'False'
[1.909s] Level 5:colcon.colcon_core.verb:set package 'learm_ros2' build argument 'ament_cmake_args' from command line to 'None'
[1.909s] Level 5:colcon.colcon_core.verb:set package 'learm_ros2' build argument 'catkin_cmake_args' from command line to 'None'
[1.909s] Level 5:colcon.colcon_core.verb:set package 'learm_ros2' build argument 'catkin_skip_building_tests' from command line to 'False'
[1.909s] DEBUG:colcon.colcon_core.verb:Building package 'learm_ros2' with the following arguments: {'ament_cmake_args': None, 'build_base': '/home/lk/learm_ws/build/learm_ros2', 'catkin_cmake_args': None, 'catkin_skip_building_tests': False, 'cmake_args': None, 'cmake_clean_cache': False, 'cmake_clean_first': False, 'cmake_force_configure': False, 'cmake_target': None, 'cmake_target_skip_unavailable': False, 'install_base': '/home/lk/learm_ws/install/learm_ros2', 'merge_install': False, 'path': '/home/lk/learm_ws/src/learm_ros2', 'symlink_install': False, 'test_result_base': None}
[1.931s] Level 5:colcon.colcon_core.verb:set package 'learm_ros2_description' build argument 'cmake_args' from command line to 'None'
[1.931s] Level 5:colcon.colcon_core.verb:set package 'learm_ros2_description' build argument 'cmake_target' from command line to 'None'
[1.931s] Level 5:colcon.colcon_core.verb:set package 'learm_ros2_description' build argument 'cmake_target_skip_unavailable' from command line to 'False'
[1.931s] Level 5:colcon.colcon_core.verb:set package 'learm_ros2_description' build argument 'cmake_clean_cache' from command line to 'False'
[1.931s] Level 5:colcon.colcon_core.verb:set package 'learm_ros2_description' build argument 'cmake_clean_first' from command line to 'False'
[1.931s] Level 5:colcon.colcon_core.verb:set package 'learm_ros2_description' build argument 'cmake_force_configure' from command line to 'False'
[1.931s] Level 5:colcon.colcon_core.verb:set package 'learm_ros2_description' build argument 'ament_cmake_args' from command line to 'None'
[1.931s] Level 5:colcon.colcon_core.verb:set package 'learm_ros2_description' build argument 'catkin_cmake_args' from command line to 'None'
[1.931s] Level 5:colcon.colcon_core.verb:set package 'learm_ros2_description' build argument 'catkin_skip_building_tests' from command line to 'False'
[1.931s] DEBUG:colcon.colcon_core.verb:Building package 'learm_ros2_description' with the following arguments: {'ament_cmake_args': None, 'build_base': '/home/lk/learm_ws/build/learm_ros2_description', 'catkin_cmake_args': None, 'catkin_skip_building_tests': False, 'cmake_args': None, 'cmake_clean_cache': False, 'cmake_clean_first': False, 'cmake_force_configure': False, 'cmake_target': None, 'cmake_target_skip_unavailable': False, 'install_base': '/home/lk/learm_ws/install/learm_ros2_description', 'merge_install': False, 'path': '/home/lk/learm_ws/src/learm_ros2_description', 'symlink_install': False, 'test_result_base': None}
[1.952s] Level 5:colcon.colcon_core.verb:set package 'urdf_example' build argument 'cmake_args' from command line to 'None'
[1.952s] Level 5:colcon.colcon_core.verb:set package 'urdf_example' build argument 'cmake_target' from command line to 'None'
[1.952s] Level 5:colcon.colcon_core.verb:set package 'urdf_example' build argument 'cmake_target_skip_unavailable' from command line to 'False'
[1.952s] Level 5:colcon.colcon_core.verb:set package 'urdf_example' build argument 'cmake_clean_cache' from command line to 'False'
[1.952s] Level 5:colcon.colcon_core.verb:set package 'urdf_example' build argument 'cmake_clean_first' from command line to 'False'
[1.952s] Level 5:colcon.colcon_core.verb:set package 'urdf_example' build argument 'cmake_force_configure' from command line to 'False'
[1.952s] Level 5:colcon.colcon_core.verb:set package 'urdf_example' build argument 'ament_cmake_args' from command line to 'None'
[1.952s] Level 5:colcon.colcon_core.verb:set package 'urdf_example' build argument 'catkin_cmake_args' from command line to 'None'
[1.952s] Level 5:colcon.colcon_core.verb:set package 'urdf_example' build argument 'catkin_skip_building_tests' from command line to 'False'
[1.952s] DEBUG:colcon.colcon_core.verb:Building package 'urdf_example' with the following arguments: {'ament_cmake_args': None, 'build_base': '/home/lk/learm_ws/build/urdf_example', 'catkin_cmake_args': None, 'catkin_skip_building_tests': False, 'cmake_args': None, 'cmake_clean_cache': False, 'cmake_clean_first': False, 'cmake_force_configure': False, 'cmake_target': None, 'cmake_target_skip_unavailable': False, 'install_base': '/home/lk/learm_ws/install/urdf_example', 'merge_install': False, 'path': '/home/lk/learm_ws/src/urdf_example', 'symlink_install': False, 'test_result_base': None}
[1.973s] Level 5:colcon.colcon_core.verb:set package 'learm_ros2_moveit_config' build argument 'cmake_args' from command line to 'None'
[1.973s] Level 5:colcon.colcon_core.verb:set package 'learm_ros2_moveit_config' build argument 'cmake_target' from command line to 'None'
[1.973s] Level 5:colcon.colcon_core.verb:set package 'learm_ros2_moveit_config' build argument 'cmake_target_skip_unavailable' from command line to 'False'
[1.974s] Level 5:colcon.colcon_core.verb:set package 'learm_ros2_moveit_config' build argument 'cmake_clean_cache' from command line to 'False'
[1.974s] Level 5:colcon.colcon_core.verb:set package 'learm_ros2_moveit_config' build argument 'cmake_clean_first' from command line to 'False'
[1.974s] Level 5:colcon.colcon_core.verb:set package 'learm_ros2_moveit_config' build argument 'cmake_force_configure' from command line to 'False'
[1.974s] Level 5:colcon.colcon_core.verb:set package 'learm_ros2_moveit_config' build argument 'ament_cmake_args' from command line to 'None'
[1.974s] Level 5:colcon.colcon_core.verb:set package 'learm_ros2_moveit_config' build argument 'catkin_cmake_args' from command line to 'None'
[1.974s] Level 5:colcon.colcon_core.verb:set package 'learm_ros2_moveit_config' build argument 'catkin_skip_building_tests' from command line to 'False'
[1.974s] DEBUG:colcon.colcon_core.verb:Building package 'learm_ros2_moveit_config' with the following arguments: {'ament_cmake_args': None, 'build_base': '/home/lk/learm_ws/build/learm_ros2_moveit_config', 'catkin_cmake_args': None, 'catkin_skip_building_tests': False, 'cmake_args': None, 'cmake_clean_cache': False, 'cmake_clean_first': False, 'cmake_force_configure': False, 'cmake_target': None, 'cmake_target_skip_unavailable': False, 'install_base': '/home/lk/learm_ws/install/learm_ros2_moveit_config', 'merge_install': False, 'path': '/home/lk/learm_ws/src/learm_ros2_moveit_config', 'symlink_install': False, 'test_result_base': None}
[1.994s] INFO:colcon.colcon_core.executor:Executing jobs using 'parallel' executor
[2.016s] DEBUG:colcon.colcon_parallel_executor.executor.parallel:run_until_complete
[2.016s] INFO:colcon.colcon_ros.task.ament_python.build:Building ROS package in '/home/lk/learm_ws/src/learm_ros2' with build type 'ament_python'
[2.016s] Level 1:colcon.colcon_core.shell:create_environment_hook('learm_ros2', 'ament_prefix_path')
[2.040s] INFO:colcon.colcon_core.plugin_system:Skipping extension 'colcon_core.shell.bat': Not used on non-Windows systems
[2.040s] INFO:colcon.colcon_core.shell:Creating environment hook '/home/lk/learm_ws/install/learm_ros2/share/learm_ros2/hook/ament_prefix_path.ps1'
[2.041s] INFO:colcon.colcon_core.shell:Creating environment descriptor '/home/lk/learm_ws/install/learm_ros2/share/learm_ros2/hook/ament_prefix_path.dsv'
[2.041s] INFO:colcon.colcon_core.shell:Creating environment hook '/home/lk/learm_ws/install/learm_ros2/share/learm_ros2/hook/ament_prefix_path.sh'
[2.066s] INFO:colcon.colcon_core.shell:Skip shell extension 'powershell' for command environment: Not usable outside of PowerShell
[2.066s] DEBUG:colcon.colcon_core.shell:Skip shell extension 'dsv' for command environment
[2.136s] INFO:colcon.colcon_ros.task.ament_cmake.build:Building ROS package in '/home/lk/learm_ws/src/learm_ros2_description' with build type 'ament_cmake'
[2.136s] INFO:colcon.colcon_cmake.task.cmake.build:Building CMake package in '/home/lk/learm_ws/src/learm_ros2_description'
[2.158s] INFO:colcon.colcon_core.shell:Skip shell extension 'powershell' for command environment: Not usable outside of PowerShell
[2.158s] DEBUG:colcon.colcon_core.shell:Skip shell extension 'dsv' for command environment
[2.226s] INFO:colcon.colcon_ros.task.ament_cmake.build:Building ROS package in '/home/lk/learm_ws/src/urdf_example' with build type 'ament_cmake'
[2.226s] INFO:colcon.colcon_cmake.task.cmake.build:Building CMake package in '/home/lk/learm_ws/src/urdf_example'
[2.250s] INFO:colcon.colcon_core.shell:Skip shell extension 'powershell' for command environment: Not usable outside of PowerShell
[2.250s] DEBUG:colcon.colcon_core.shell:Skip shell extension 'dsv' for command environment
[2.670s] INFO:colcon.colcon_core.task.python.build:Building Python package in '/home/lk/learm_ws/src/learm_ros2'
[2.691s] INFO:colcon.colcon_core.shell:Skip shell extension 'powershell' for command environment: Not usable outside of PowerShell
[2.691s] DEBUG:colcon.colcon_core.shell:Skip shell extension 'dsv' for command environment
[2.763s] DEBUG:colcon.colcon_core.event_handler.log_command:Invoking command in '/home/lk/learm_ws/build/learm_ros2_description': CMAKE_PREFIX_PATH=${CMAKE_PREFIX_PATH}:/home/lk/learm_ws/install/learm_ros2_moveit_config:/home/lk/learm_ws/install/learm_ros2:/opt/ros/humble /usr/bin/cmake --build /home/lk/learm_ws/build/learm_ros2_description -- -j12 -l12
[2.768s] DEBUG:colcon.colcon_core.event_handler.log_command:Invoking command in '/home/lk/learm_ws/build/urdf_example': CMAKE_PREFIX_PATH=${CMAKE_PREFIX_PATH}:/home/lk/learm_ws/install/learm_ros2_moveit_config:/home/lk/learm_ws/install/learm_ros2:/opt/ros/humble /usr/bin/cmake --build /home/lk/learm_ws/build/urdf_example -- -j12 -l12
[2.797s] DEBUG:colcon.colcon_core.event_handler.log_command:Invoked command in '/home/lk/learm_ws/build/learm_ros2_description' returned '0': CMAKE_PREFIX_PATH=${CMAKE_PREFIX_PATH}:/home/lk/learm_ws/install/learm_ros2_moveit_config:/home/lk/learm_ws/install/learm_ros2:/opt/ros/humble /usr/bin/cmake --build /home/lk/learm_ws/build/learm_ros2_description -- -j12 -l12
[2.800s] DEBUG:colcon.colcon_core.event_handler.log_command:Invoked command in '/home/lk/learm_ws/build/urdf_example' returned '0': CMAKE_PREFIX_PATH=${CMAKE_PREFIX_PATH}:/home/lk/learm_ws/install/learm_ros2_moveit_config:/home/lk/learm_ws/install/learm_ros2:/opt/ros/humble /usr/bin/cmake --build /home/lk/learm_ws/build/urdf_example -- -j12 -l12
[2.824s] DEBUG:colcon.colcon_core.event_handler.log_command:Invoking command in '/home/lk/learm_ws/build/learm_ros2_description': CMAKE_PREFIX_PATH=${CMAKE_PREFIX_PATH}:/home/lk/learm_ws/install/learm_ros2_moveit_config:/home/lk/learm_ws/install/learm_ros2:/opt/ros/humble /usr/bin/cmake --install /home/lk/learm_ws/build/learm_ros2_description
[2.826s] DEBUG:colcon.colcon_core.event_handler.log_command:Invoking command in '/home/lk/learm_ws/build/urdf_example': CMAKE_PREFIX_PATH=${CMAKE_PREFIX_PATH}:/home/lk/learm_ws/install/learm_ros2_moveit_config:/home/lk/learm_ws/install/learm_ros2:/opt/ros/humble /usr/bin/cmake --install /home/lk/learm_ws/build/urdf_example
[2.834s] Level 1:colcon.colcon_core.environment:create_environment_scripts_only(learm_ros2_description)
[2.847s] DEBUG:colcon.colcon_core.event_handler.log_command:Invoked command in '/home/lk/learm_ws/build/learm_ros2_description' returned '0': CMAKE_PREFIX_PATH=${CMAKE_PREFIX_PATH}:/home/lk/learm_ws/install/learm_ros2_moveit_config:/home/lk/learm_ws/install/learm_ros2:/opt/ros/humble /usr/bin/cmake --install /home/lk/learm_ws/build/learm_ros2_description
[2.866s] Level 1:colcon.colcon_core.environment:checking '/home/lk/learm_ws/install/learm_ros2_description' for CMake module files
[2.867s] Level 1:colcon.colcon_core.environment:checking '/home/lk/learm_ws/install/learm_ros2_description' for CMake config files
[2.867s] Level 1:colcon.colcon_core.shell:create_environment_hook('learm_ros2_description', 'cmake_prefix_path')
[2.889s] INFO:colcon.colcon_core.shell:Creating environment hook '/home/lk/learm_ws/install/learm_ros2_description/share/learm_ros2_description/hook/cmake_prefix_path.ps1'
[2.889s] INFO:colcon.colcon_core.shell:Creating environment descriptor '/home/lk/learm_ws/install/learm_ros2_description/share/learm_ros2_description/hook/cmake_prefix_path.dsv'
[2.889s] INFO:colcon.colcon_core.shell:Creating environment hook '/home/lk/learm_ws/install/learm_ros2_description/share/learm_ros2_description/hook/cmake_prefix_path.sh'
[2.890s] Level 1:colcon.colcon_core.environment:checking '/home/lk/learm_ws/install/learm_ros2_description/bin'
[2.890s] Level 1:colcon.colcon_core.environment:checking '/home/lk/learm_ws/install/learm_ros2_description/lib/pkgconfig/learm_ros2_description.pc'
[2.890s] Level 1:colcon.colcon_core.environment:checking '/home/lk/learm_ws/install/learm_ros2_description/lib/python3.10/site-packages'
[2.891s] Level 1:colcon.colcon_core.environment:checking '/home/lk/learm_ws/install/learm_ros2_description/bin'
[2.912s] INFO:colcon.colcon_core.shell:Creating package script '/home/lk/learm_ws/install/learm_ros2_description/share/learm_ros2_description/package.ps1'
[2.914s] INFO:colcon.colcon_core.shell:Creating package descriptor '/home/lk/learm_ws/install/learm_ros2_description/share/learm_ros2_description/package.dsv'
[2.914s] INFO:colcon.colcon_core.shell:Creating package script '/home/lk/learm_ws/install/learm_ros2_description/share/learm_ros2_description/package.sh'
[2.915s] INFO:colcon.colcon_core.shell:Creating package script '/home/lk/learm_ws/install/learm_ros2_description/share/learm_ros2_description/package.bash'
[2.916s] INFO:colcon.colcon_core.shell:Creating package script '/home/lk/learm_ws/install/learm_ros2_description/share/learm_ros2_description/package.zsh'
[2.917s] Level 1:colcon.colcon_core.environment:create_file_with_runtime_dependencies(/home/lk/learm_ws/install/learm_ros2_description/share/colcon-core/packages/learm_ros2_description)
[2.918s] Level 1:colcon.colcon_core.environment:create_environment_scripts_only(urdf_example)
[2.919s] DEBUG:colcon.colcon_core.event_handler.log_command:Invoked command in '/home/lk/learm_ws/build/urdf_example' returned '0': CMAKE_PREFIX_PATH=${CMAKE_PREFIX_PATH}:/home/lk/learm_ws/install/learm_ros2_moveit_config:/home/lk/learm_ws/install/learm_ros2:/opt/ros/humble /usr/bin/cmake --install /home/lk/learm_ws/build/urdf_example
[2.941s] Level 1:colcon.colcon_core.environment:checking '/home/lk/learm_ws/install/urdf_example' for CMake module files
[2.941s] Level 1:colcon.colcon_core.environment:checking '/home/lk/learm_ws/install/urdf_example' for CMake config files
[2.941s] Level 1:colcon.colcon_core.shell:create_environment_hook('urdf_example', 'cmake_prefix_path')
[2.958s] INFO:colcon.colcon_core.shell:Creating environment hook '/home/lk/learm_ws/install/urdf_example/share/urdf_example/hook/cmake_prefix_path.ps1'
[2.959s] INFO:colcon.colcon_core.shell:Creating environment descriptor '/home/lk/learm_ws/install/urdf_example/share/urdf_example/hook/cmake_prefix_path.dsv'
[2.959s] INFO:colcon.colcon_core.shell:Creating environment hook '/home/lk/learm_ws/install/urdf_example/share/urdf_example/hook/cmake_prefix_path.sh'
[2.960s] Level 1:colcon.colcon_core.environment:checking '/home/lk/learm_ws/install/urdf_example/bin'
[2.960s] Level 1:colcon.colcon_core.environment:checking '/home/lk/learm_ws/install/urdf_example/lib/pkgconfig/urdf_example.pc'
[2.960s] Level 1:colcon.colcon_core.environment:checking '/home/lk/learm_ws/install/urdf_example/lib/python3.10/site-packages'
[2.960s] Level 1:colcon.colcon_core.environment:checking '/home/lk/learm_ws/install/urdf_example/bin'
[2.974s] INFO:colcon.colcon_core.shell:Creating package script '/home/lk/learm_ws/install/urdf_example/share/urdf_example/package.ps1'
[2.975s] INFO:colcon.colcon_core.shell:Creating package descriptor '/home/lk/learm_ws/install/urdf_example/share/urdf_example/package.dsv'
[2.975s] INFO:colcon.colcon_core.shell:Creating package script '/home/lk/learm_ws/install/urdf_example/share/urdf_example/package.sh'
[2.975s] INFO:colcon.colcon_core.shell:Creating package script '/home/lk/learm_ws/install/urdf_example/share/urdf_example/package.bash'
[2.976s] INFO:colcon.colcon_core.shell:Creating package script '/home/lk/learm_ws/install/urdf_example/share/urdf_example/package.zsh'
[2.976s] Level 1:colcon.colcon_core.environment:create_file_with_runtime_dependencies(/home/lk/learm_ws/install/urdf_example/share/colcon-core/packages/urdf_example)
[2.992s] Level 1:colcon.colcon_core.environment:create_environment_scripts_only(learm_ros2_description)
[3.006s] Level 1:colcon.colcon_core.environment:checking '/home/lk/learm_ws/install/learm_ros2_description' for CMake module files
[3.007s] Level 1:colcon.colcon_core.environment:checking '/home/lk/learm_ws/install/learm_ros2_description' for CMake config files
[3.007s] Level 1:colcon.colcon_core.shell:create_environment_hook('learm_ros2_description', 'cmake_prefix_path')
[3.023s] INFO:colcon.colcon_core.shell:Creating environment hook '/home/lk/learm_ws/install/learm_ros2_description/share/learm_ros2_description/hook/cmake_prefix_path.ps1'
[3.023s] INFO:colcon.colcon_core.shell:Creating environment descriptor '/home/lk/learm_ws/install/learm_ros2_description/share/learm_ros2_description/hook/cmake_prefix_path.dsv'
[3.023s] INFO:colcon.colcon_core.shell:Creating environment hook '/home/lk/learm_ws/install/learm_ros2_description/share/learm_ros2_description/hook/cmake_prefix_path.sh'
[3.024s] Level 1:colcon.colcon_core.environment:checking '/home/lk/learm_ws/install/learm_ros2_description/bin'
[3.024s] Level 1:colcon.colcon_core.environment:checking '/home/lk/learm_ws/install/learm_ros2_description/lib/pkgconfig/learm_ros2_description.pc'
[3.024s] Level 1:colcon.colcon_core.environment:checking '/home/lk/learm_ws/install/learm_ros2_description/lib/python3.10/site-packages'
[3.024s] Level 1:colcon.colcon_core.environment:checking '/home/lk/learm_ws/install/learm_ros2_description/bin'
[3.038s] INFO:colcon.colcon_core.shell:Creating package script '/home/lk/learm_ws/install/learm_ros2_description/share/learm_ros2_description/package.ps1'
[3.038s] INFO:colcon.colcon_core.shell:Creating package descriptor '/home/lk/learm_ws/install/learm_ros2_description/share/learm_ros2_description/package.dsv'
[3.039s] INFO:colcon.colcon_core.shell:Creating package script '/home/lk/learm_ws/install/learm_ros2_description/share/learm_ros2_description/package.sh'
[3.039s] INFO:colcon.colcon_core.shell:Creating package script '/home/lk/learm_ws/install/learm_ros2_description/share/learm_ros2_description/package.bash'
[3.039s] INFO:colcon.colcon_core.shell:Creating package script '/home/lk/learm_ws/install/learm_ros2_description/share/learm_ros2_description/package.zsh'
[3.040s] Level 1:colcon.colcon_core.environment:create_file_with_runtime_dependencies(/home/lk/learm_ws/install/learm_ros2_description/share/colcon-core/packages/learm_ros2_description)
[3.055s] Level 1:colcon.colcon_core.environment:create_environment_scripts_only(urdf_example)
[3.070s] Level 1:colcon.colcon_core.environment:checking '/home/lk/learm_ws/install/urdf_example' for CMake module files
[3.071s] Level 1:colcon.colcon_core.environment:checking '/home/lk/learm_ws/install/urdf_example' for CMake config files
[3.071s] Level 1:colcon.colcon_core.shell:create_environment_hook('urdf_example', 'cmake_prefix_path')
[3.085s] INFO:colcon.colcon_core.shell:Creating environment hook '/home/lk/learm_ws/install/urdf_example/share/urdf_example/hook/cmake_prefix_path.ps1'
[3.085s] INFO:colcon.colcon_core.shell:Creating environment descriptor '/home/lk/learm_ws/install/urdf_example/share/urdf_example/hook/cmake_prefix_path.dsv'
[3.086s] INFO:colcon.colcon_core.shell:Creating environment hook '/home/lk/learm_ws/install/urdf_example/share/urdf_example/hook/cmake_prefix_path.sh'
[3.086s] Level 1:colcon.colcon_core.environment:checking '/home/lk/learm_ws/install/urdf_example/bin'
[3.086s] Level 1:colcon.colcon_core.environment:checking '/home/lk/learm_ws/install/urdf_example/lib/pkgconfig/urdf_example.pc'
[3.086s] Level 1:colcon.colcon_core.environment:checking '/home/lk/learm_ws/install/urdf_example/lib/python3.10/site-packages'
[3.086s] Level 1:colcon.colcon_core.environment:checking '/home/lk/learm_ws/install/urdf_example/bin'
[3.100s] INFO:colcon.colcon_core.shell:Creating package script '/home/lk/learm_ws/install/urdf_example/share/urdf_example/package.ps1'
[3.101s] INFO:colcon.colcon_core.shell:Creating package descriptor '/home/lk/learm_ws/install/urdf_example/share/urdf_example/package.dsv'
[3.101s] INFO:colcon.colcon_core.shell:Creating package script '/home/lk/learm_ws/install/urdf_example/share/urdf_example/package.sh'
[3.101s] INFO:colcon.colcon_core.shell:Creating package script '/home/lk/learm_ws/install/urdf_example/share/urdf_example/package.bash'
[3.102s] INFO:colcon.colcon_core.shell:Creating package script '/home/lk/learm_ws/install/urdf_example/share/urdf_example/package.zsh'
[3.102s] Level 1:colcon.colcon_core.environment:create_file_with_runtime_dependencies(/home/lk/learm_ws/install/urdf_example/share/colcon-core/packages/urdf_example)
[3.157s] DEBUG:colcon.colcon_core.event_handler.log_command:Invoking command in '/home/lk/learm_ws/src/learm_ros2': PYTHONPATH=/home/lk/learm_ws/build/learm_ros2/prefix_override:/home/lk/learm_ws/install/learm_ros2/lib/python3.10/site-packages:${PYTHONPATH} /usr/bin/python3 setup.py egg_info --egg-base ../../build/learm_ros2 build --build-base /home/lk/learm_ws/build/learm_ros2/build install --record /home/lk/learm_ws/build/learm_ros2/install.log --single-version-externally-managed
[3.419s] DEBUG:colcon.colcon_core.event_handler.log_command:Invoked command in '/home/lk/learm_ws/src/learm_ros2' returned '0': PYTHONPATH=/home/lk/learm_ws/build/learm_ros2/prefix_override:/home/lk/learm_ws/install/learm_ros2/lib/python3.10/site-packages:${PYTHONPATH} /usr/bin/python3 setup.py egg_info --egg-base ../../build/learm_ros2 build --build-base /home/lk/learm_ws/build/learm_ros2/build install --record /home/lk/learm_ws/build/learm_ros2/install.log --single-version-externally-managed
[3.433s] Level 1:colcon.colcon_core.environment:checking '/home/lk/learm_ws/install/learm_ros2' for CMake module files
[3.434s] Level 1:colcon.colcon_core.environment:checking '/home/lk/learm_ws/install/learm_ros2' for CMake config files
[3.434s] Level 1:colcon.colcon_core.environment:checking '/home/lk/learm_ws/install/learm_ros2/lib'
[3.434s] Level 1:colcon.colcon_core.environment:checking '/home/lk/learm_ws/install/learm_ros2/bin'
[3.434s] Level 1:colcon.colcon_core.environment:checking '/home/lk/learm_ws/install/learm_ros2/lib/pkgconfig/learm_ros2.pc'
[3.434s] Level 1:colcon.colcon_core.environment:checking '/home/lk/learm_ws/install/learm_ros2/lib/python3.10/site-packages'
[3.435s] Level 1:colcon.colcon_core.shell:create_environment_hook('learm_ros2', 'pythonpath')
[3.450s] INFO:colcon.colcon_core.shell:Creating environment hook '/home/lk/learm_ws/install/learm_ros2/share/learm_ros2/hook/pythonpath.ps1'
[3.450s] INFO:colcon.colcon_core.shell:Creating environment descriptor '/home/lk/learm_ws/install/learm_ros2/share/learm_ros2/hook/pythonpath.dsv'
[3.451s] INFO:colcon.colcon_core.shell:Creating environment hook '/home/lk/learm_ws/install/learm_ros2/share/learm_ros2/hook/pythonpath.sh'
[3.452s] Level 1:colcon.colcon_core.environment:checking '/home/lk/learm_ws/install/learm_ros2/bin'
[3.452s] Level 1:colcon.colcon_core.environment:create_environment_scripts_only(learm_ros2)
[3.466s] INFO:colcon.colcon_core.shell:Creating package script '/home/lk/learm_ws/install/learm_ros2/share/learm_ros2/package.ps1'
[3.467s] INFO:colcon.colcon_core.shell:Creating package descriptor '/home/lk/learm_ws/install/learm_ros2/share/learm_ros2/package.dsv'
[3.467s] INFO:colcon.colcon_core.shell:Creating package script '/home/lk/learm_ws/install/learm_ros2/share/learm_ros2/package.sh'
[3.468s] INFO:colcon.colcon_core.shell:Creating package script '/home/lk/learm_ws/install/learm_ros2/share/learm_ros2/package.bash'
[3.468s] INFO:colcon.colcon_core.shell:Creating package script '/home/lk/learm_ws/install/learm_ros2/share/learm_ros2/package.zsh'
[3.468s] Level 1:colcon.colcon_core.environment:create_file_with_runtime_dependencies(/home/lk/learm_ws/install/learm_ros2/share/colcon-core/packages/learm_ros2)
[3.469s] INFO:colcon.colcon_ros.task.ament_python.build:Building ROS package in '/home/lk/learm_ws/src/learm_ros2_moveit_config' with build type 'ament_python'
[3.469s] Level 1:colcon.colcon_core.shell:create_environment_hook('learm_ros2_moveit_config', 'ament_prefix_path')
[3.487s] INFO:colcon.colcon_core.shell:Creating environment hook '/home/lk/learm_ws/install/learm_ros2_moveit_config/share/learm_ros2_moveit_config/hook/ament_prefix_path.ps1'
[3.487s] INFO:colcon.colcon_core.shell:Creating environment descriptor '/home/lk/learm_ws/install/learm_ros2_moveit_config/share/learm_ros2_moveit_config/hook/ament_prefix_path.dsv'
[3.488s] INFO:colcon.colcon_core.shell:Creating environment hook '/home/lk/learm_ws/install/learm_ros2_moveit_config/share/learm_ros2_moveit_config/hook/ament_prefix_path.sh'
[3.506s] INFO:colcon.colcon_core.shell:Skip shell extension 'powershell' for command environment: Not usable outside of PowerShell
[3.506s] DEBUG:colcon.colcon_core.shell:Skip shell extension 'dsv' for command environment
[3.790s] INFO:colcon.colcon_core.task.python.build:Building Python package in '/home/lk/learm_ws/src/learm_ros2_moveit_config'
[3.804s] INFO:colcon.colcon_core.shell:Skip shell extension 'powershell' for command environment: Not usable outside of PowerShell
[3.804s] DEBUG:colcon.colcon_core.shell:Skip shell extension 'dsv' for command environment
[4.218s] DEBUG:colcon.colcon_core.event_handler.log_command:Invoking command in '/home/lk/learm_ws/src/learm_ros2_moveit_config': AMENT_PREFIX_PATH=/home/lk/learm_ws/install/learm_ros2:/home/lk/learm_ws/install/urdf_example:/home/lk/learm_ws/install/learm_ros2_moveit_config:/home/lk/learm_ws/install/learm_ros2_description:/opt/ros/humble PYTHONPATH=/home/lk/learm_ws/build/learm_ros2_moveit_config/prefix_override:/home/lk/learm_ws/install/learm_ros2_moveit_config/lib/python3.10/site-packages:/home/lk/learm_ws/install/learm_ros2/lib/python3.10/site-packages:/home/lk/learm_ws/install/learm_ros2_moveit_config/lib/python3.10/site-packages:/opt/ros/humble/lib/python3.10/site-packages:/opt/ros/humble/local/lib/python3.10/dist-packages /usr/bin/python3 setup.py egg_info --egg-base ../../build/learm_ros2_moveit_config build --build-base /home/lk/learm_ws/build/learm_ros2_moveit_config/build install --record /home/lk/learm_ws/build/learm_ros2_moveit_config/install.log --single-version-externally-managed
[4.503s] DEBUG:colcon.colcon_core.event_handler.log_command:Invoked command in '/home/lk/learm_ws/src/learm_ros2_moveit_config' returned '0': AMENT_PREFIX_PATH=/home/lk/learm_ws/install/learm_ros2:/home/lk/learm_ws/install/urdf_example:/home/lk/learm_ws/install/learm_ros2_moveit_config:/home/lk/learm_ws/install/learm_ros2_description:/opt/ros/humble PYTHONPATH=/home/lk/learm_ws/build/learm_ros2_moveit_config/prefix_override:/home/lk/learm_ws/install/learm_ros2_moveit_config/lib/python3.10/site-packages:/home/lk/learm_ws/install/learm_ros2/lib/python3.10/site-packages:/home/lk/learm_ws/install/learm_ros2_moveit_config/lib/python3.10/site-packages:/opt/ros/humble/lib/python3.10/site-packages:/opt/ros/humble/local/lib/python3.10/dist-packages /usr/bin/python3 setup.py egg_info --egg-base ../../build/learm_ros2_moveit_config build --build-base /home/lk/learm_ws/build/learm_ros2_moveit_config/build install --record /home/lk/learm_ws/build/learm_ros2_moveit_config/install.log --single-version-externally-managed
[4.517s] Level 1:colcon.colcon_core.environment:checking '/home/lk/learm_ws/install/learm_ros2_moveit_config' for CMake module files
[4.517s] Level 1:colcon.colcon_core.environment:checking '/home/lk/learm_ws/install/learm_ros2_moveit_config' for CMake config files
[4.518s] Level 1:colcon.colcon_core.environment:checking '/home/lk/learm_ws/install/learm_ros2_moveit_config/lib'
[4.518s] Level 1:colcon.colcon_core.environment:checking '/home/lk/learm_ws/install/learm_ros2_moveit_config/bin'
[4.518s] Level 1:colcon.colcon_core.environment:checking '/home/lk/learm_ws/install/learm_ros2_moveit_config/lib/pkgconfig/learm_ros2_moveit_config.pc'
[4.518s] Level 1:colcon.colcon_core.environment:checking '/home/lk/learm_ws/install/learm_ros2_moveit_config/lib/python3.10/site-packages'
[4.518s] Level 1:colcon.colcon_core.shell:create_environment_hook('learm_ros2_moveit_config', 'pythonpath')
[4.541s] INFO:colcon.colcon_core.shell:Creating environment hook '/home/lk/learm_ws/install/learm_ros2_moveit_config/share/learm_ros2_moveit_config/hook/pythonpath.ps1'
[4.542s] INFO:colcon.colcon_core.shell:Creating environment descriptor '/home/lk/learm_ws/install/learm_ros2_moveit_config/share/learm_ros2_moveit_config/hook/pythonpath.dsv'
[4.542s] INFO:colcon.colcon_core.shell:Creating environment hook '/home/lk/learm_ws/install/learm_ros2_moveit_config/share/learm_ros2_moveit_config/hook/pythonpath.sh'
[4.543s] Level 1:colcon.colcon_core.environment:checking '/home/lk/learm_ws/install/learm_ros2_moveit_config/bin'
[4.543s] Level 1:colcon.colcon_core.environment:create_environment_scripts_only(learm_ros2_moveit_config)
[4.560s] INFO:colcon.colcon_core.shell:Creating package script '/home/lk/learm_ws/install/learm_ros2_moveit_config/share/learm_ros2_moveit_config/package.ps1'
[4.560s] INFO:colcon.colcon_core.shell:Creating package descriptor '/home/lk/learm_ws/install/learm_ros2_moveit_config/share/learm_ros2_moveit_config/package.dsv'
[4.561s] INFO:colcon.colcon_core.shell:Creating package script '/home/lk/learm_ws/install/learm_ros2_moveit_config/share/learm_ros2_moveit_config/package.sh'
[4.561s] INFO:colcon.colcon_core.shell:Creating package script '/home/lk/learm_ws/install/learm_ros2_moveit_config/share/learm_ros2_moveit_config/package.bash'
[4.561s] INFO:colcon.colcon_core.shell:Creating package script '/home/lk/learm_ws/install/learm_ros2_moveit_config/share/learm_ros2_moveit_config/package.zsh'
[4.561s] Level 1:colcon.colcon_core.environment:create_file_with_runtime_dependencies(/home/lk/learm_ws/install/learm_ros2_moveit_config/share/colcon-core/packages/learm_ros2_moveit_config)
[4.562s] DEBUG:colcon.colcon_parallel_executor.executor.parallel:closing loop
[4.562s] DEBUG:colcon.colcon_parallel_executor.executor.parallel:loop closed
[4.562s] DEBUG:colcon.colcon_parallel_executor.executor.parallel:run_until_complete finished with '0'
[4.562s] DEBUG:colcon.colcon_core.event_reactor:joining thread
[4.588s] INFO:colcon.colcon_core.plugin_system:Skipping extension 'colcon_notification.desktop_notification.terminal_notifier': Not used on non-Darwin systems
[4.588s] INFO:colcon.colcon_core.plugin_system:Skipping extension 'colcon_notification.desktop_notification.win32': Not used on non-Windows systems
[4.588s] INFO:colcon.colcon_notification.desktop_notification:Sending desktop notification using 'notify2'
[4.605s] DEBUG:colcon.colcon_core.event_reactor:joined thread
[4.625s] INFO:colcon.colcon_core.shell:Creating prefix script '/home/lk/learm_ws/install/local_setup.ps1'
[4.626s] INFO:colcon.colcon_core.shell:Creating prefix util module '/home/lk/learm_ws/install/_local_setup_util_ps1.py'
[4.627s] INFO:colcon.colcon_core.shell:Creating prefix chain script '/home/lk/learm_ws/install/setup.ps1'
[4.646s] INFO:colcon.colcon_core.shell:Creating prefix script '/home/lk/learm_ws/install/local_setup.sh'
[4.647s] INFO:colcon.colcon_core.shell:Creating prefix util module '/home/lk/learm_ws/install/_local_setup_util_sh.py'
[4.648s] INFO:colcon.colcon_core.shell:Creating prefix chain script '/home/lk/learm_ws/install/setup.sh'
[4.665s] INFO:colcon.colcon_core.shell:Creating prefix script '/home/lk/learm_ws/install/local_setup.bash'
[4.665s] INFO:colcon.colcon_core.shell:Creating prefix chain script '/home/lk/learm_ws/install/setup.bash'
[4.680s] INFO:colcon.colcon_core.shell:Creating prefix script '/home/lk/learm_ws/install/local_setup.zsh'
[4.680s] INFO:colcon.colcon_core.shell:Creating prefix chain script '/home/lk/learm_ws/install/setup.zsh'
