[1.668s] DEBUG:colcon:Command line arguments: ['/usr/bin/colcon', 'build']
[1.668s] DEBUG:colcon:Parsed command line arguments: Namespace(log_base=None, log_level=None, verb_name='build', build_base='build', install_base='install', merge_install=False, symlink_install=False, test_result_base=None, continue_on_error=False, executor='parallel', parallel_workers=6, event_handlers=None, ignore_user_meta=False, metas=['./colcon.meta'], base_paths=['.'], packages_ignore=None, packages_ignore_regex=None, paths=None, packages_up_to=None, packages_up_to_regex=None, packages_above=None, packages_above_and_dependencies=None, packages_above_depth=None, packages_select_by_dep=None, packages_skip_by_dep=None, packages_skip_up_to=None, packages_select_build_failed=False, packages_skip_build_finished=False, packages_select_test_failures=False, packages_skip_test_passed=False, packages_select=None, packages_skip=None, packages_select_regex=None, packages_skip_regex=None, packages_start=None, packages_end=None, allow_overriding=[], cmake_args=None, cmake_target=None, cmake_target_skip_unavailable=False, cmake_clean_cache=False, cmake_clean_first=False, cmake_force_configure=False, ament_cmake_args=None, catkin_cmake_args=None, catkin_skip_building_tests=False, verb_parser=<colcon_defaults.argument_parser.defaults.DefaultArgumentsDecorator object at 0x7f30eac28670>, verb_extension=<colcon_core.verb.build.BuildVerb object at 0x7f30eb036a70>, main=<bound method BuildVerb.main of <colcon_core.verb.build.BuildVerb object at 0x7f30eb036a70>>)
[1.766s] Level 1:colcon.colcon_core.package_discovery:discover_packages(colcon_meta) check parameters
[1.767s] Level 1:colcon.colcon_core.package_discovery:discover_packages(recursive) check parameters
[1.767s] Level 1:colcon.colcon_core.package_discovery:discover_packages(ignore) check parameters
[1.768s] Level 1:colcon.colcon_core.package_discovery:discover_packages(path) check parameters
[1.768s] Level 1:colcon.colcon_core.package_discovery:discover_packages(colcon_meta) discover
[1.768s] Level 1:colcon.colcon_core.package_discovery:discover_packages(recursive) discover
[1.768s] INFO:colcon.colcon_core.package_discovery:Crawling recursively for packages in '/home/leok/learm_ws'
[1.769s] Level 1:colcon.colcon_core.package_identification:_identify(.) by extensions ['ignore', 'ignore_ament_install']
[1.769s] Level 1:colcon.colcon_core.package_identification:_identify(.) by extension 'ignore'
[1.770s] Level 1:colcon.colcon_core.package_identification:_identify(.) by extension 'ignore_ament_install'
[1.770s] Level 1:colcon.colcon_core.package_identification:_identify(.) by extensions ['colcon_pkg']
[1.770s] Level 1:colcon.colcon_core.package_identification:_identify(.) by extension 'colcon_pkg'
[1.771s] Level 1:colcon.colcon_core.package_identification:_identify(.) by extensions ['colcon_meta']
[1.771s] Level 1:colcon.colcon_core.package_identification:_identify(.) by extension 'colcon_meta'
[1.771s] Level 1:colcon.colcon_core.package_identification:_identify(.) by extensions ['ros']
[1.772s] Level 1:colcon.colcon_core.package_identification:_identify(.) by extension 'ros'
[1.789s] Level 1:colcon.colcon_core.package_identification:_identify(.) by extensions ['cmake', 'python']
[1.790s] Level 1:colcon.colcon_core.package_identification:_identify(.) by extension 'cmake'
[1.790s] Level 1:colcon.colcon_core.package_identification:_identify(.) by extension 'python'
[1.791s] Level 1:colcon.colcon_core.package_identification:_identify(.) by extensions ['python_setup_py']
[1.791s] Level 1:colcon.colcon_core.package_identification:_identify(.) by extension 'python_setup_py'
[1.792s] Level 1:colcon.colcon_core.package_identification:_identify(build) by extensions ['ignore', 'ignore_ament_install']
[1.792s] Level 1:colcon.colcon_core.package_identification:_identify(build) by extension 'ignore'
[1.792s] Level 1:colcon.colcon_core.package_identification:_identify(build) ignored
[1.793s] Level 1:colcon.colcon_core.package_identification:_identify(install) by extensions ['ignore', 'ignore_ament_install']
[1.793s] Level 1:colcon.colcon_core.package_identification:_identify(install) by extension 'ignore'
[1.794s] Level 1:colcon.colcon_core.package_identification:_identify(install) ignored
[1.795s] Level 1:colcon.colcon_core.package_identification:_identify(log) by extensions ['ignore', 'ignore_ament_install']
[1.795s] Level 1:colcon.colcon_core.package_identification:_identify(log) by extension 'ignore'
[1.795s] Level 1:colcon.colcon_core.package_identification:_identify(log) ignored
[1.796s] Level 1:colcon.colcon_core.package_identification:_identify(src) by extensions ['ignore', 'ignore_ament_install']
[1.797s] Level 1:colcon.colcon_core.package_identification:_identify(src) by extension 'ignore'
[1.797s] Level 1:colcon.colcon_core.package_identification:_identify(src) by extension 'ignore_ament_install'
[1.797s] Level 1:colcon.colcon_core.package_identification:_identify(src) by extensions ['colcon_pkg']
[1.798s] Level 1:colcon.colcon_core.package_identification:_identify(src) by extension 'colcon_pkg'
[1.798s] Level 1:colcon.colcon_core.package_identification:_identify(src) by extensions ['colcon_meta']
[1.798s] Level 1:colcon.colcon_core.package_identification:_identify(src) by extension 'colcon_meta'
[1.798s] Level 1:colcon.colcon_core.package_identification:_identify(src) by extensions ['ros']
[1.799s] Level 1:colcon.colcon_core.package_identification:_identify(src) by extension 'ros'
[1.799s] Level 1:colcon.colcon_core.package_identification:_identify(src) by extensions ['cmake', 'python']
[1.800s] Level 1:colcon.colcon_core.package_identification:_identify(src) by extension 'cmake'
[1.800s] Level 1:colcon.colcon_core.package_identification:_identify(src) by extension 'python'
[1.800s] Level 1:colcon.colcon_core.package_identification:_identify(src) by extensions ['python_setup_py']
[1.801s] Level 1:colcon.colcon_core.package_identification:_identify(src) by extension 'python_setup_py'
[1.801s] Level 1:colcon.colcon_core.package_identification:_identify(src/urdf_example) by extensions ['ignore', 'ignore_ament_install']
[1.802s] Level 1:colcon.colcon_core.package_identification:_identify(src/urdf_example) by extension 'ignore'
[1.802s] Level 1:colcon.colcon_core.package_identification:_identify(src/urdf_example) by extension 'ignore_ament_install'
[1.802s] Level 1:colcon.colcon_core.package_identification:_identify(src/urdf_example) by extensions ['colcon_pkg']
[1.803s] Level 1:colcon.colcon_core.package_identification:_identify(src/urdf_example) by extension 'colcon_pkg'
[1.803s] Level 1:colcon.colcon_core.package_identification:_identify(src/urdf_example) by extensions ['colcon_meta']
[1.803s] Level 1:colcon.colcon_core.package_identification:_identify(src/urdf_example) by extension 'colcon_meta'
[1.803s] Level 1:colcon.colcon_core.package_identification:_identify(src/urdf_example) by extensions ['ros']
[1.804s] Level 1:colcon.colcon_core.package_identification:_identify(src/urdf_example) by extension 'ros'
[1.809s] DEBUG:colcon.colcon_core.package_identification:Package 'src/urdf_example' with type 'ros.ament_cmake' and name 'urdf_example'
[1.809s] Level 1:colcon.colcon_core.package_discovery:discover_packages(recursive) using defaults
[1.809s] Level 1:colcon.colcon_core.package_discovery:discover_packages(ignore) discover
[1.809s] Level 1:colcon.colcon_core.package_discovery:discover_packages(ignore) using defaults
[1.810s] Level 1:colcon.colcon_core.package_discovery:discover_packages(path) discover
[1.810s] Level 1:colcon.colcon_core.package_discovery:discover_packages(path) using defaults
[1.910s] Level 1:colcon.colcon_core.package_discovery:discover_packages(prefix_path) check parameters
[1.911s] Level 1:colcon.colcon_core.package_discovery:discover_packages(prefix_path) discover
[1.926s] Level 1:colcon.colcon_core.package_discovery:discover_packages(prefix_path) using defaults
[1.995s] Level 5:colcon.colcon_core.verb:set package 'urdf_example' build argument 'cmake_args' from command line to 'None'
[1.995s] Level 5:colcon.colcon_core.verb:set package 'urdf_example' build argument 'cmake_target' from command line to 'None'
[1.995s] Level 5:colcon.colcon_core.verb:set package 'urdf_example' build argument 'cmake_target_skip_unavailable' from command line to 'False'
[1.996s] Level 5:colcon.colcon_core.verb:set package 'urdf_example' build argument 'cmake_clean_cache' from command line to 'False'
[1.996s] Level 5:colcon.colcon_core.verb:set package 'urdf_example' build argument 'cmake_clean_first' from command line to 'False'
[1.996s] Level 5:colcon.colcon_core.verb:set package 'urdf_example' build argument 'cmake_force_configure' from command line to 'False'
[1.997s] Level 5:colcon.colcon_core.verb:set package 'urdf_example' build argument 'ament_cmake_args' from command line to 'None'
[1.997s] Level 5:colcon.colcon_core.verb:set package 'urdf_example' build argument 'catkin_cmake_args' from command line to 'None'
[1.997s] Level 5:colcon.colcon_core.verb:set package 'urdf_example' build argument 'catkin_skip_building_tests' from command line to 'False'
[1.997s] DEBUG:colcon.colcon_core.verb:Building package 'urdf_example' with the following arguments: {'ament_cmake_args': None, 'build_base': '/home/leok/learm_ws/build/urdf_example', 'catkin_cmake_args': None, 'catkin_skip_building_tests': False, 'cmake_args': None, 'cmake_clean_cache': False, 'cmake_clean_first': False, 'cmake_force_configure': False, 'cmake_target': None, 'cmake_target_skip_unavailable': False, 'install_base': '/home/leok/learm_ws/install/urdf_example', 'merge_install': False, 'path': '/home/leok/learm_ws/src/urdf_example', 'symlink_install': False, 'test_result_base': None}
[2.009s] INFO:colcon.colcon_core.executor:Executing jobs using 'parallel' executor
[2.021s] DEBUG:colcon.colcon_parallel_executor.executor.parallel:run_until_complete
[2.021s] INFO:colcon.colcon_ros.task.ament_cmake.build:Building ROS package in '/home/leok/learm_ws/src/urdf_example' with build type 'ament_cmake'
[2.022s] INFO:colcon.colcon_cmake.task.cmake.build:Building CMake package in '/home/leok/learm_ws/src/urdf_example'
[2.052s] INFO:colcon.colcon_core.plugin_system:Skipping extension 'colcon_core.shell.bat': Not used on non-Windows systems
[2.053s] INFO:colcon.colcon_core.shell:Skip shell extension 'powershell' for command environment: Not usable outside of PowerShell
[2.053s] DEBUG:colcon.colcon_core.shell:Skip shell extension 'dsv' for command environment
[2.096s] DEBUG:colcon.colcon_core.event_handler.log_command:Invoking command in '/home/leok/learm_ws/build/urdf_example': /usr/bin/cmake --build /home/leok/learm_ws/build/urdf_example -- -j6 -l6
[2.185s] DEBUG:colcon.colcon_core.event_handler.log_command:Invoked command in '/home/leok/learm_ws/build/urdf_example' returned '2': /usr/bin/cmake --build /home/leok/learm_ws/build/urdf_example -- -j6 -l6
[2.251s] Level 1:colcon.colcon_core.environment:create_environment_scripts_only(urdf_example)
[2.277s] Level 1:colcon.colcon_core.environment:checking '/home/leok/learm_ws/install/urdf_example' for CMake module files
[2.283s] Level 1:colcon.colcon_core.environment:checking '/home/leok/learm_ws/install/urdf_example' for CMake config files
[2.285s] Level 1:colcon.colcon_core.shell:create_environment_hook('urdf_example', 'cmake_prefix_path')
[2.298s] INFO:colcon.colcon_core.shell:Creating environment hook '/home/leok/learm_ws/install/urdf_example/share/urdf_example/hook/cmake_prefix_path.ps1'
[2.302s] INFO:colcon.colcon_core.shell:Creating environment descriptor '/home/leok/learm_ws/install/urdf_example/share/urdf_example/hook/cmake_prefix_path.dsv'
[2.305s] INFO:colcon.colcon_core.shell:Creating environment hook '/home/leok/learm_ws/install/urdf_example/share/urdf_example/hook/cmake_prefix_path.sh'
[2.308s] Level 1:colcon.colcon_core.environment:checking '/home/leok/learm_ws/install/urdf_example/bin'
[2.308s] Level 1:colcon.colcon_core.environment:checking '/home/leok/learm_ws/install/urdf_example/lib/pkgconfig/urdf_example.pc'
[2.311s] Level 1:colcon.colcon_core.environment:checking '/home/leok/learm_ws/install/urdf_example/lib/python3.10/site-packages'
[2.312s] Level 1:colcon.colcon_core.environment:checking '/home/leok/learm_ws/install/urdf_example/bin'
[2.323s] INFO:colcon.colcon_core.shell:Creating package script '/home/leok/learm_ws/install/urdf_example/share/urdf_example/package.ps1'
[2.326s] INFO:colcon.colcon_core.shell:Creating package descriptor '/home/leok/learm_ws/install/urdf_example/share/urdf_example/package.dsv'
[2.328s] INFO:colcon.colcon_core.shell:Creating package script '/home/leok/learm_ws/install/urdf_example/share/urdf_example/package.sh'
[2.330s] INFO:colcon.colcon_core.shell:Creating package script '/home/leok/learm_ws/install/urdf_example/share/urdf_example/package.bash'
[2.332s] INFO:colcon.colcon_core.shell:Creating package script '/home/leok/learm_ws/install/urdf_example/share/urdf_example/package.zsh'
[2.335s] Level 1:colcon.colcon_core.environment:create_file_with_runtime_dependencies(/home/leok/learm_ws/install/urdf_example/share/colcon-core/packages/urdf_example)
[2.337s] DEBUG:colcon.colcon_parallel_executor.executor.parallel:closing loop
[2.338s] DEBUG:colcon.colcon_parallel_executor.executor.parallel:loop closed
[2.338s] DEBUG:colcon.colcon_parallel_executor.executor.parallel:run_until_complete finished with '2'
[2.339s] DEBUG:colcon.colcon_core.event_reactor:joining thread
[2.368s] INFO:colcon.colcon_core.plugin_system:Skipping extension 'colcon_notification.desktop_notification.terminal_notifier': Not used on non-Darwin systems
[2.368s] INFO:colcon.colcon_core.plugin_system:Skipping extension 'colcon_notification.desktop_notification.win32': Not used on non-Windows systems
[2.368s] INFO:colcon.colcon_notification.desktop_notification:Sending desktop notification using 'notify2'
[2.402s] DEBUG:colcon.colcon_core.event_reactor:joined thread
[2.434s] INFO:colcon.colcon_core.shell:Creating prefix script '/home/leok/learm_ws/install/local_setup.ps1'
[2.444s] INFO:colcon.colcon_core.shell:Creating prefix util module '/home/leok/learm_ws/install/_local_setup_util_ps1.py'
[2.448s] INFO:colcon.colcon_core.shell:Creating prefix chain script '/home/leok/learm_ws/install/setup.ps1'
[2.478s] INFO:colcon.colcon_core.shell:Creating prefix script '/home/leok/learm_ws/install/local_setup.sh'
[2.485s] INFO:colcon.colcon_core.shell:Creating prefix util module '/home/leok/learm_ws/install/_local_setup_util_sh.py'
[2.488s] INFO:colcon.colcon_core.shell:Creating prefix chain script '/home/leok/learm_ws/install/setup.sh'
[2.517s] INFO:colcon.colcon_core.shell:Creating prefix script '/home/leok/learm_ws/install/local_setup.bash'
[2.520s] INFO:colcon.colcon_core.shell:Creating prefix chain script '/home/leok/learm_ws/install/setup.bash'
[2.548s] INFO:colcon.colcon_core.shell:Creating prefix script '/home/leok/learm_ws/install/local_setup.zsh'
[2.550s] INFO:colcon.colcon_core.shell:Creating prefix chain script '/home/leok/learm_ws/install/setup.zsh'
