[0.400s] Invoking command in '/home/wsl-ubuntu/learm_ws/src/learm_ros2_moveit_config': AMENT_PREFIX_PATH=/home/wsl-ubuntu/learm_ws/install/learm_ros2:${AMENT_PREFIX_PATH} PYTHONPATH=/home/wsl-ubuntu/learm_ws/build/learm_ros2_moveit_config/prefix_override:/home/wsl-ubuntu/learm_ws/install/learm_ros2_moveit_config/lib/python3.10/site-packages:/home/wsl-ubuntu/learm_ws/install/learm_ros2/lib/python3.10/site-packages:${PYTHONPATH} /usr/bin/python3 setup.py egg_info --egg-base ../../build/learm_ros2_moveit_config build --build-base /home/wsl-ubuntu/learm_ws/build/learm_ros2_moveit_config/build install --record /home/wsl-ubuntu/learm_ws/build/learm_ros2_moveit_config/install.log --single-version-externally-managed
[0.485s] running egg_info
[0.485s] creating ../../build/learm_ros2_moveit_config/learm_ros2_moveit_config.egg-info
[0.490s] writing ../../build/learm_ros2_moveit_config/learm_ros2_moveit_config.egg-info/PKG-INFO
[0.491s] writing dependency_links to ../../build/learm_ros2_moveit_config/learm_ros2_moveit_config.egg-info/dependency_links.txt
[0.491s] writing requirements to ../../build/learm_ros2_moveit_config/learm_ros2_moveit_config.egg-info/requires.txt
[0.491s] writing top-level names to ../../build/learm_ros2_moveit_config/learm_ros2_moveit_config.egg-info/top_level.txt
[0.491s] writing manifest file '../../build/learm_ros2_moveit_config/learm_ros2_moveit_config.egg-info/SOURCES.txt'
[0.502s] reading manifest file '../../build/learm_ros2_moveit_config/learm_ros2_moveit_config.egg-info/SOURCES.txt'
[0.502s] writing manifest file '../../build/learm_ros2_moveit_config/learm_ros2_moveit_config.egg-info/SOURCES.txt'
[0.502s] running build
[0.502s] running build_py
[0.503s] creating /home/wsl-ubuntu/learm_ws/build/learm_ros2_moveit_config/build
[0.503s] creating /home/wsl-ubuntu/learm_ws/build/learm_ros2_moveit_config/build/lib
[0.503s] creating /home/wsl-ubuntu/learm_ws/build/learm_ros2_moveit_config/build/lib/learm_ros2_moveit_config
[0.503s] copying learm_ros2_moveit_config/__init__.py -> /home/wsl-ubuntu/learm_ws/build/learm_ros2_moveit_config/build/lib/learm_ros2_moveit_config
[0.503s] running install
[0.503s] /home/wsl-ubuntu/.local/lib/python3.10/site-packages/setuptools/_distutils/cmd.py:66: SetuptoolsDeprecationWarning: setup.py install is deprecated.
[0.503s] !!
[0.503s] 
[0.503s]         ********************************************************************************
[0.503s]         Please avoid running ``setup.py`` directly.
[0.503s]         Instead, use pypa/build, pypa/installer or other
[0.503s]         standards-based tools.
[0.503s] 
[0.503s]         See https://blog.ganssle.io/articles/2021/10/setup-py-deprecated.html for details.
[0.503s]         ********************************************************************************
[0.503s] 
[0.503s] !!
[0.503s]   self.initialize_options()
[0.505s] running install_lib
[0.510s] creating /home/wsl-ubuntu/learm_ws/install/learm_ros2_moveit_config/lib/python3.10/site-packages/learm_ros2_moveit_config
[0.511s] copying /home/wsl-ubuntu/learm_ws/build/learm_ros2_moveit_config/build/lib/learm_ros2_moveit_config/__init__.py -> /home/wsl-ubuntu/learm_ws/install/learm_ros2_moveit_config/lib/python3.10/site-packages/learm_ros2_moveit_config
[0.511s] byte-compiling /home/wsl-ubuntu/learm_ws/install/learm_ros2_moveit_config/lib/python3.10/site-packages/learm_ros2_moveit_config/__init__.py to __init__.cpython-310.pyc
[0.511s] running install_data
[0.516s] creating /home/wsl-ubuntu/learm_ws/install/learm_ros2_moveit_config/share/ament_index
[0.516s] creating /home/wsl-ubuntu/learm_ws/install/learm_ros2_moveit_config/share/ament_index/resource_index
[0.516s] creating /home/wsl-ubuntu/learm_ws/install/learm_ros2_moveit_config/share/ament_index/resource_index/packages
[0.517s] copying resource/learm_ros2_moveit_config -> /home/wsl-ubuntu/learm_ws/install/learm_ros2_moveit_config/share/ament_index/resource_index/packages
[0.517s] copying package.xml -> /home/wsl-ubuntu/learm_ws/install/learm_ros2_moveit_config/share/learm_ros2_moveit_config
[0.517s] creating /home/wsl-ubuntu/learm_ws/install/learm_ros2_moveit_config/share/learm_ros2_moveit_config/launch
[0.517s] copying launch/planning_context.launch -> /home/wsl-ubuntu/learm_ws/install/learm_ros2_moveit_config/share/learm_ros2_moveit_config/launch
[0.517s] copying launch/default_warehouse_db.launch -> /home/wsl-ubuntu/learm_ws/install/learm_ros2_moveit_config/share/learm_ros2_moveit_config/launch
[0.517s] copying launch/demo.launch -> /home/wsl-ubuntu/learm_ws/install/learm_ros2_moveit_config/share/learm_ros2_moveit_config/launch
[0.517s] copying launch/demo_gazebo.launch -> /home/wsl-ubuntu/learm_ws/install/learm_ros2_moveit_config/share/learm_ros2_moveit_config/launch
[0.518s] copying launch/warehouse_settings.launch.xml -> /home/wsl-ubuntu/learm_ws/install/learm_ros2_moveit_config/share/learm_ros2_moveit_config/launch
[0.518s] copying launch/run_benchmark_ompl.launch -> /home/wsl-ubuntu/learm_ws/install/learm_ros2_moveit_config/share/learm_ros2_moveit_config/launch
[0.518s] copying launch/LeArm_moveit_sensor_manager.launch.xml -> /home/wsl-ubuntu/learm_ws/install/learm_ros2_moveit_config/share/learm_ros2_moveit_config/launch
[0.518s] copying launch/ompl-chomp_planning_pipeline.launch.xml -> /home/wsl-ubuntu/learm_ws/install/learm_ros2_moveit_config/share/learm_ros2_moveit_config/launch
[0.518s] copying launch/setup_assistant.launch -> /home/wsl-ubuntu/learm_ws/install/learm_ros2_moveit_config/share/learm_ros2_moveit_config/launch
[0.518s] copying launch/warehouse.launch -> /home/wsl-ubuntu/learm_ws/install/learm_ros2_moveit_config/share/learm_ros2_moveit_config/launch
[0.518s] copying launch/ompl_planning_pipeline.launch.xml -> /home/wsl-ubuntu/learm_ws/install/learm_ros2_moveit_config/share/learm_ros2_moveit_config/launch
[0.518s] copying launch/stomp_planning_pipeline.launch.xml -> /home/wsl-ubuntu/learm_ws/install/learm_ros2_moveit_config/share/learm_ros2_moveit_config/launch
[0.518s] copying launch/pilz_industrial_motion_planner_planning_pipeline.launch.xml -> /home/wsl-ubuntu/learm_ws/install/learm_ros2_moveit_config/share/learm_ros2_moveit_config/launch
[0.518s] copying launch/simple_moveit_controller_manager.launch.xml -> /home/wsl-ubuntu/learm_ws/install/learm_ros2_moveit_config/share/learm_ros2_moveit_config/launch
[0.519s] copying launch/moveit.rviz -> /home/wsl-ubuntu/learm_ws/install/learm_ros2_moveit_config/share/learm_ros2_moveit_config/launch
[0.519s] copying launch/chomp_planning_pipeline.launch.xml -> /home/wsl-ubuntu/learm_ws/install/learm_ros2_moveit_config/share/learm_ros2_moveit_config/launch
[0.519s] copying launch/joystick_control.launch -> /home/wsl-ubuntu/learm_ws/install/learm_ros2_moveit_config/share/learm_ros2_moveit_config/launch
[0.519s] copying launch/ros_control_moveit_controller_manager.launch.xml -> /home/wsl-ubuntu/learm_ws/install/learm_ros2_moveit_config/share/learm_ros2_moveit_config/launch
[0.519s] copying launch/move_group.launch -> /home/wsl-ubuntu/learm_ws/install/learm_ros2_moveit_config/share/learm_ros2_moveit_config/launch
[0.519s] copying launch/fake_moveit_controller_manager.launch.xml -> /home/wsl-ubuntu/learm_ws/install/learm_ros2_moveit_config/share/learm_ros2_moveit_config/launch
[0.519s] copying launch/ros_controllers.launch -> /home/wsl-ubuntu/learm_ws/install/learm_ros2_moveit_config/share/learm_ros2_moveit_config/launch
[0.520s] copying launch/demo2.launch -> /home/wsl-ubuntu/learm_ws/install/learm_ros2_moveit_config/share/learm_ros2_moveit_config/launch
[0.520s] copying launch/gazebo.launch -> /home/wsl-ubuntu/learm_ws/install/learm_ros2_moveit_config/share/learm_ros2_moveit_config/launch
[0.520s] copying launch/moveit_rviz.launch -> /home/wsl-ubuntu/learm_ws/install/learm_ros2_moveit_config/share/learm_ros2_moveit_config/launch
[0.520s] copying launch/planning_pipeline.launch.xml -> /home/wsl-ubuntu/learm_ws/install/learm_ros2_moveit_config/share/learm_ros2_moveit_config/launch
[0.520s] copying launch/sensor_manager.launch.xml -> /home/wsl-ubuntu/learm_ws/install/learm_ros2_moveit_config/share/learm_ros2_moveit_config/launch
[0.520s] copying launch/demo2.launch.py -> /home/wsl-ubuntu/learm_ws/install/learm_ros2_moveit_config/share/learm_ros2_moveit_config/launch
[0.520s] copying launch/trajectory_execution.launch.xml -> /home/wsl-ubuntu/learm_ws/install/learm_ros2_moveit_config/share/learm_ros2_moveit_config/launch
[0.520s] creating /home/wsl-ubuntu/learm_ws/install/learm_ros2_moveit_config/share/learm_ros2_moveit_config/config
[0.521s] copying config/chomp_planning.yaml -> /home/wsl-ubuntu/learm_ws/install/learm_ros2_moveit_config/share/learm_ros2_moveit_config/config
[0.521s] copying config/gazebo_controllers.yaml -> /home/wsl-ubuntu/learm_ws/install/learm_ros2_moveit_config/share/learm_ros2_moveit_config/config
[0.521s] copying config/simple_moveit_controllers.yaml -> /home/wsl-ubuntu/learm_ws/install/learm_ros2_moveit_config/share/learm_ros2_moveit_config/config
[0.521s] copying config/cartesian_limits.yaml -> /home/wsl-ubuntu/learm_ws/install/learm_ros2_moveit_config/share/learm_ros2_moveit_config/config
[0.521s] copying config/sensors_3d.yaml -> /home/wsl-ubuntu/learm_ws/install/learm_ros2_moveit_config/share/learm_ros2_moveit_config/config
[0.521s] copying config/LeArm.srdf -> /home/wsl-ubuntu/learm_ws/install/learm_ros2_moveit_config/share/learm_ros2_moveit_config/config
[0.521s] copying config/stomp_planning.yaml -> /home/wsl-ubuntu/learm_ws/install/learm_ros2_moveit_config/share/learm_ros2_moveit_config/config
[0.521s] running install_egg_info
[0.526s] Copying ../../build/learm_ros2_moveit_config/learm_ros2_moveit_config.egg-info to /home/wsl-ubuntu/learm_ws/install/learm_ros2_moveit_config/lib/python3.10/site-packages/learm_ros2_moveit_config-0.0.0-py3.10.egg-info
[0.526s] running install_scripts
[0.582s] writing list of installed files to '/home/wsl-ubuntu/learm_ws/build/learm_ros2_moveit_config/install.log'
[0.594s] Invoked command in '/home/wsl-ubuntu/learm_ws/src/learm_ros2_moveit_config' returned '0': AMENT_PREFIX_PATH=/home/wsl-ubuntu/learm_ws/install/learm_ros2:${AMENT_PREFIX_PATH} PYTHONPATH=/home/wsl-ubuntu/learm_ws/build/learm_ros2_moveit_config/prefix_override:/home/wsl-ubuntu/learm_ws/install/learm_ros2_moveit_config/lib/python3.10/site-packages:/home/wsl-ubuntu/learm_ws/install/learm_ros2/lib/python3.10/site-packages:${PYTHONPATH} /usr/bin/python3 setup.py egg_info --egg-base ../../build/learm_ros2_moveit_config build --build-base /home/wsl-ubuntu/learm_ws/build/learm_ros2_moveit_config/build install --record /home/wsl-ubuntu/learm_ws/build/learm_ros2_moveit_config/install.log --single-version-externally-managed
