running egg_info
writing ../../build/learm_ros2/learm_ros2.egg-info/PKG-INFO
writing dependency_links to ../../build/learm_ros2/learm_ros2.egg-info/dependency_links.txt
writing entry points to ../../build/learm_ros2/learm_ros2.egg-info/entry_points.txt
writing requirements to ../../build/learm_ros2/learm_ros2.egg-info/requires.txt
writing top-level names to ../../build/learm_ros2/learm_ros2.egg-info/top_level.txt
reading manifest file '../../build/learm_ros2/learm_ros2.egg-info/SOURCES.txt'
writing manifest file '../../build/learm_ros2/learm_ros2.egg-info/SOURCES.txt'
running build
running build_py
copying learm_ros2/__init__.py -> /home/wsl-ubuntu/learm_ws/build/learm_ros2/build/lib/learm_ros2
copying learm_ros2/follower.py -> /home/wsl-ubuntu/learm_ws/build/learm_ros2/build/lib/learm_ros2
running install
running install_lib
running install_data
copying resource/learm_ros2 -> /home/wsl-ubuntu/learm_ws/install/learm_ros2/share/ament_index/resource_index/packages
copying package.xml -> /home/wsl-ubuntu/learm_ws/install/learm_ros2/share/learm_ros2
copying launch/run.launch.py -> /home/wsl-ubuntu/learm_ws/install/learm_ros2/share/learm_ros2/launch
copying launch/learm_moveit_mode1.launch.py -> /home/wsl-ubuntu/learm_ws/install/learm_ros2/share/learm_ros2/launch
copying launch/follower.launch.py -> /home/wsl-ubuntu/learm_ws/install/learm_ros2/share/learm_ros2/launch
copying launch/learm_moveit.launch.py -> /home/wsl-ubuntu/learm_ws/install/learm_ros2/share/learm_ros2/launch
running install_egg_info
removing '/home/wsl-ubuntu/learm_ws/install/learm_ros2/lib/python3.10/site-packages/learm_ros2-0.0.0-py3.10.egg-info' (and everything under it)
Copying ../../build/learm_ros2/learm_ros2.egg-info to /home/wsl-ubuntu/learm_ws/install/learm_ros2/lib/python3.10/site-packages/learm_ros2-0.0.0-py3.10.egg-info
running install_scripts
Installing follower script to /home/wsl-ubuntu/learm_ws/install/learm_ros2/lib/learm_ros2
writing list of installed files to '/home/wsl-ubuntu/learm_ws/build/learm_ros2/install.log'
