[0.541s] Invoking command in '/home/lk/learm_ws/build/urdf_example': CMAKE_PREFIX_PATH=${CMAKE_PREFIX_PATH}:/home/lk/learm_ws/install/learm_ros2_moveit_config:/home/lk/learm_ws/install/learm_ros2:/opt/ros/humble /usr/bin/cmake --build /home/lk/learm_ws/build/urdf_example -- -j12 -l12
[0.574s] Invoked command in '/home/lk/learm_ws/build/urdf_example' returned '0': CMAKE_PREFIX_PATH=${CMAKE_PREFIX_PATH}:/home/lk/learm_ws/install/learm_ros2_moveit_config:/home/lk/learm_ws/install/learm_ros2:/opt/ros/humble /usr/bin/cmake --build /home/lk/learm_ws/build/urdf_example -- -j12 -l12
[0.600s] Invoking command in '/home/lk/learm_ws/build/urdf_example': CMAKE_PREFIX_PATH=${CMAKE_PREFIX_PATH}:/home/lk/learm_ws/install/learm_ros2_moveit_config:/home/lk/learm_ws/install/learm_ros2:/opt/ros/humble /usr/bin/cmake --install /home/lk/learm_ws/build/urdf_example
[0.614s] -- Install configuration: ""
[0.614s] -- Up-to-date: /home/lk/learm_ws/install/urdf_example/share/urdf_example/description
[0.615s] -- Up-to-date: /home/lk/learm_ws/install/urdf_example/share/urdf_example/description/example_gazebo.xacro
[0.615s] -- Up-to-date: /home/lk/learm_ws/install/urdf_example/share/urdf_example/description/learm.urdf.xacro
[0.615s] -- Up-to-date: /home/lk/learm_ws/install/urdf_example/share/urdf_example/description/example_robot.urdf.xacro
[0.615s] -- Up-to-date: /home/lk/learm_ws/install/urdf_example/share/urdf_example/description/example_include.xacro
[0.616s] -- Up-to-date: /home/lk/learm_ws/install/urdf_example/share/urdf_example/launch
[0.616s] -- Up-to-date: /home/lk/learm_ws/install/urdf_example/share/urdf_example/launch/rsp_sim.launch.py
[0.616s] -- Up-to-date: /home/lk/learm_ws/install/urdf_example/share/urdf_example/launch/rsp.launch.py
[0.616s] -- Up-to-date: /home/lk/learm_ws/install/urdf_example/share/urdf_example/worlds
[0.617s] -- Up-to-date: /home/lk/learm_ws/install/urdf_example/share/urdf_example/worlds/test_world.world
[0.617s] -- Up-to-date: /home/lk/learm_ws/install/urdf_example/share/ament_index/resource_index/package_run_dependencies/urdf_example
[0.617s] -- Up-to-date: /home/lk/learm_ws/install/urdf_example/share/ament_index/resource_index/parent_prefix_path/urdf_example
[0.617s] -- Up-to-date: /home/lk/learm_ws/install/urdf_example/share/urdf_example/environment/ament_prefix_path.sh
[0.617s] -- Up-to-date: /home/lk/learm_ws/install/urdf_example/share/urdf_example/environment/ament_prefix_path.dsv
[0.618s] -- Up-to-date: /home/lk/learm_ws/install/urdf_example/share/urdf_example/environment/path.sh
[0.618s] -- Up-to-date: /home/lk/learm_ws/install/urdf_example/share/urdf_example/environment/path.dsv
[0.618s] -- Up-to-date: /home/lk/learm_ws/install/urdf_example/share/urdf_example/local_setup.bash
[0.618s] -- Up-to-date: /home/lk/learm_ws/install/urdf_example/share/urdf_example/local_setup.sh
[0.619s] -- Up-to-date: /home/lk/learm_ws/install/urdf_example/share/urdf_example/local_setup.zsh
[0.619s] -- Up-to-date: /home/lk/learm_ws/install/urdf_example/share/urdf_example/local_setup.dsv
[0.619s] -- Installing: /home/lk/learm_ws/install/urdf_example/share/urdf_example/package.dsv
[0.619s] -- Up-to-date: /home/lk/learm_ws/install/urdf_example/share/ament_index/resource_index/packages/urdf_example
[0.619s] -- Up-to-date: /home/lk/learm_ws/install/urdf_example/share/urdf_example/cmake/urdf_exampleConfig.cmake
[0.620s] -- Up-to-date: /home/lk/learm_ws/install/urdf_example/share/urdf_example/cmake/urdf_exampleConfig-version.cmake
[0.620s] -- Up-to-date: /home/lk/learm_ws/install/urdf_example/share/urdf_example/package.xml
[0.693s] Invoked command in '/home/lk/learm_ws/build/urdf_example' returned '0': CMAKE_PREFIX_PATH=${CMAKE_PREFIX_PATH}:/home/lk/learm_ws/install/learm_ros2_moveit_config:/home/lk/learm_ws/install/learm_ros2:/opt/ros/humble /usr/bin/cmake --install /home/lk/learm_ws/build/urdf_example
