[1.140s] Invoking command in '/home/lk/learm_ws/src/learm_ros2': PYTHONPATH=/home/lk/learm_ws/build/learm_ros2/prefix_override:/home/lk/learm_ws/install/learm_ros2/lib/python3.10/site-packages:${PYTHONPATH} /usr/bin/python3 setup.py egg_info --egg-base ../../build/learm_ros2 build --build-base /home/lk/learm_ws/build/learm_ros2/build install --record /home/lk/learm_ws/build/learm_ros2/install.log --single-version-externally-managed
[1.356s] running egg_info
[1.357s] writing ../../build/learm_ros2/learm_ros2.egg-info/PKG-INFO
[1.358s] writing dependency_links to ../../build/learm_ros2/learm_ros2.egg-info/dependency_links.txt
[1.358s] writing entry points to ../../build/learm_ros2/learm_ros2.egg-info/entry_points.txt
[1.358s] writing requirements to ../../build/learm_ros2/learm_ros2.egg-info/requires.txt
[1.358s] writing top-level names to ../../build/learm_ros2/learm_ros2.egg-info/top_level.txt
[1.359s] reading manifest file '../../build/learm_ros2/learm_ros2.egg-info/SOURCES.txt'
[1.360s] writing manifest file '../../build/learm_ros2/learm_ros2.egg-info/SOURCES.txt'
[1.360s] running build
[1.360s] running build_py
[1.361s] running install
[1.361s] /usr/lib/python3/dist-packages/setuptools/command/install.py:34: SetuptoolsDeprecationWarning: setup.py install is deprecated. Use build and pip and other standards-based tools.
[1.361s]   warnings.warn(
[1.361s] running install_lib
[1.362s] running install_data
[1.362s] running install_egg_info
[1.364s] removing '/home/lk/learm_ws/install/learm_ros2/lib/python3.10/site-packages/learm_ros2-0.0.0-py3.10.egg-info' (and everything under it)
[1.364s] Copying ../../build/learm_ros2/learm_ros2.egg-info to /home/lk/learm_ws/install/learm_ros2/lib/python3.10/site-packages/learm_ros2-0.0.0-py3.10.egg-info
[1.365s] running install_scripts
[1.383s] Installing follower script to /home/lk/learm_ws/install/learm_ros2/lib/learm_ros2
[1.383s] writing list of installed files to '/home/lk/learm_ws/build/learm_ros2/install.log'
[1.402s] Invoked command in '/home/lk/learm_ws/src/learm_ros2' returned '0': PYTHONPATH=/home/lk/learm_ws/build/learm_ros2/prefix_override:/home/lk/learm_ws/install/learm_ros2/lib/python3.10/site-packages:${PYTHONPATH} /usr/bin/python3 setup.py egg_info --egg-base ../../build/learm_ros2 build --build-base /home/lk/learm_ws/build/learm_ros2/build install --record /home/lk/learm_ws/build/learm_ros2/install.log --single-version-externally-managed
