[0.847s] DEBUG:colcon:Command line arguments: ['/usr/bin/colcon', 'build']
[0.847s] DEBUG:colcon:Parsed command line arguments: Namespace(log_base=None, log_level=None, verb_name='build', build_base='build', install_base='install', merge_install=False, symlink_install=False, test_result_base=None, continue_on_error=False, executor='parallel', parallel_workers=12, event_handlers=None, ignore_user_meta=False, metas=['./colcon.meta'], base_paths=['.'], packages_ignore=None, packages_ignore_regex=None, paths=None, packages_up_to=None, packages_up_to_regex=None, packages_above=None, packages_above_and_dependencies=None, packages_above_depth=None, packages_select_by_dep=None, packages_skip_by_dep=None, packages_skip_up_to=None, packages_select_build_failed=False, packages_skip_build_finished=False, packages_select_test_failures=False, packages_skip_test_passed=False, packages_select=None, packages_skip=None, packages_select_regex=None, packages_skip_regex=None, packages_start=None, packages_end=None, allow_overriding=[], cmake_args=None, cmake_target=None, cmake_target_skip_unavailable=False, cmake_clean_cache=False, cmake_clean_first=False, cmake_force_configure=False, ament_cmake_args=None, catkin_cmake_args=None, catkin_skip_building_tests=False, verb_parser=<colcon_defaults.argument_parser.defaults.DefaultArgumentsDecorator object at 0x7f483068ee60>, verb_extension=<colcon_core.verb.build.BuildVerb object at 0x7f4830ad76d0>, main=<bound method BuildVerb.main of <colcon_core.verb.build.BuildVerb object at 0x7f4830ad76d0>>)
[0.885s] Level 1:colcon.colcon_core.package_discovery:discover_packages(colcon_meta) check parameters
[0.886s] Level 1:colcon.colcon_core.package_discovery:discover_packages(recursive) check parameters
[0.886s] Level 1:colcon.colcon_core.package_discovery:discover_packages(ignore) check parameters
[0.886s] Level 1:colcon.colcon_core.package_discovery:discover_packages(path) check parameters
[0.886s] Level 1:colcon.colcon_core.package_discovery:discover_packages(colcon_meta) discover
[0.886s] Level 1:colcon.colcon_core.package_discovery:discover_packages(recursive) discover
[0.886s] INFO:colcon.colcon_core.package_discovery:Crawling recursively for packages in '/home/lk/learm_ws'
[0.886s] Level 1:colcon.colcon_core.package_identification:_identify(.) by extensions ['ignore', 'ignore_ament_install']
[0.886s] Level 1:colcon.colcon_core.package_identification:_identify(.) by extension 'ignore'
[0.886s] Level 1:colcon.colcon_core.package_identification:_identify(.) by extension 'ignore_ament_install'
[0.886s] Level 1:colcon.colcon_core.package_identification:_identify(.) by extensions ['colcon_pkg']
[0.886s] Level 1:colcon.colcon_core.package_identification:_identify(.) by extension 'colcon_pkg'
[0.886s] Level 1:colcon.colcon_core.package_identification:_identify(.) by extensions ['colcon_meta']
[0.886s] Level 1:colcon.colcon_core.package_identification:_identify(.) by extension 'colcon_meta'
[0.886s] Level 1:colcon.colcon_core.package_identification:_identify(.) by extensions ['ros']
[0.886s] Level 1:colcon.colcon_core.package_identification:_identify(.) by extension 'ros'
[0.894s] Level 1:colcon.colcon_core.package_identification:_identify(.) by extensions ['cmake', 'python']
[0.894s] Level 1:colcon.colcon_core.package_identification:_identify(.) by extension 'cmake'
[0.894s] Level 1:colcon.colcon_core.package_identification:_identify(.) by extension 'python'
[0.894s] Level 1:colcon.colcon_core.package_identification:_identify(.) by extensions ['python_setup_py']
[0.894s] Level 1:colcon.colcon_core.package_identification:_identify(.) by extension 'python_setup_py'
[0.894s] Level 1:colcon.colcon_core.package_identification:_identify(build) by extensions ['ignore', 'ignore_ament_install']
[0.895s] Level 1:colcon.colcon_core.package_identification:_identify(build) by extension 'ignore'
[0.895s] Level 1:colcon.colcon_core.package_identification:_identify(build) ignored
[0.895s] Level 1:colcon.colcon_core.package_identification:_identify(install) by extensions ['ignore', 'ignore_ament_install']
[0.895s] Level 1:colcon.colcon_core.package_identification:_identify(install) by extension 'ignore'
[0.895s] Level 1:colcon.colcon_core.package_identification:_identify(install) ignored
[0.895s] Level 1:colcon.colcon_core.package_identification:_identify(log) by extensions ['ignore', 'ignore_ament_install']
[0.895s] Level 1:colcon.colcon_core.package_identification:_identify(log) by extension 'ignore'
[0.895s] Level 1:colcon.colcon_core.package_identification:_identify(log) ignored
[0.895s] Level 1:colcon.colcon_core.package_identification:_identify(src) by extensions ['ignore', 'ignore_ament_install']
[0.895s] Level 1:colcon.colcon_core.package_identification:_identify(src) by extension 'ignore'
[0.895s] Level 1:colcon.colcon_core.package_identification:_identify(src) by extension 'ignore_ament_install'
[0.895s] Level 1:colcon.colcon_core.package_identification:_identify(src) by extensions ['colcon_pkg']
[0.895s] Level 1:colcon.colcon_core.package_identification:_identify(src) by extension 'colcon_pkg'
[0.895s] Level 1:colcon.colcon_core.package_identification:_identify(src) by extensions ['colcon_meta']
[0.895s] Level 1:colcon.colcon_core.package_identification:_identify(src) by extension 'colcon_meta'
[0.895s] Level 1:colcon.colcon_core.package_identification:_identify(src) by extensions ['ros']
[0.895s] Level 1:colcon.colcon_core.package_identification:_identify(src) by extension 'ros'
[0.895s] Level 1:colcon.colcon_core.package_identification:_identify(src) by extensions ['cmake', 'python']
[0.895s] Level 1:colcon.colcon_core.package_identification:_identify(src) by extension 'cmake'
[0.895s] Level 1:colcon.colcon_core.package_identification:_identify(src) by extension 'python'
[0.895s] Level 1:colcon.colcon_core.package_identification:_identify(src) by extensions ['python_setup_py']
[0.896s] Level 1:colcon.colcon_core.package_identification:_identify(src) by extension 'python_setup_py'
[0.896s] Level 1:colcon.colcon_core.package_identification:_identify(src/learm_ros2) by extensions ['ignore', 'ignore_ament_install']
[0.896s] Level 1:colcon.colcon_core.package_identification:_identify(src/learm_ros2) by extension 'ignore'
[0.896s] Level 1:colcon.colcon_core.package_identification:_identify(src/learm_ros2) by extension 'ignore_ament_install'
[0.896s] Level 1:colcon.colcon_core.package_identification:_identify(src/learm_ros2) by extensions ['colcon_pkg']
[0.896s] Level 1:colcon.colcon_core.package_identification:_identify(src/learm_ros2) by extension 'colcon_pkg'
[0.896s] Level 1:colcon.colcon_core.package_identification:_identify(src/learm_ros2) by extensions ['colcon_meta']
[0.896s] Level 1:colcon.colcon_core.package_identification:_identify(src/learm_ros2) by extension 'colcon_meta'
[0.896s] Level 1:colcon.colcon_core.package_identification:_identify(src/learm_ros2) by extensions ['ros']
[0.896s] Level 1:colcon.colcon_core.package_identification:_identify(src/learm_ros2) by extension 'ros'
[0.898s] DEBUG:colcon.colcon_core.package_identification:Package 'src/learm_ros2' with type 'ros.ament_python' and name 'learm_ros2'
[0.898s] Level 1:colcon.colcon_core.package_identification:_identify(src/learm_ros2_description) by extensions ['ignore', 'ignore_ament_install']
[0.898s] Level 1:colcon.colcon_core.package_identification:_identify(src/learm_ros2_description) by extension 'ignore'
[0.898s] Level 1:colcon.colcon_core.package_identification:_identify(src/learm_ros2_description) by extension 'ignore_ament_install'
[0.898s] Level 1:colcon.colcon_core.package_identification:_identify(src/learm_ros2_description) by extensions ['colcon_pkg']
[0.898s] Level 1:colcon.colcon_core.package_identification:_identify(src/learm_ros2_description) by extension 'colcon_pkg'
[0.898s] Level 1:colcon.colcon_core.package_identification:_identify(src/learm_ros2_description) by extensions ['colcon_meta']
[0.898s] Level 1:colcon.colcon_core.package_identification:_identify(src/learm_ros2_description) by extension 'colcon_meta'
[0.898s] Level 1:colcon.colcon_core.package_identification:_identify(src/learm_ros2_description) by extensions ['ros']
[0.898s] Level 1:colcon.colcon_core.package_identification:_identify(src/learm_ros2_description) by extension 'ros'
[0.898s] DEBUG:colcon.colcon_core.package_identification:Package 'src/learm_ros2_description' with type 'ros.ament_cmake' and name 'learm_ros2_description'
[0.899s] Level 1:colcon.colcon_core.package_identification:_identify(src/learm_ros2_moveit_config) by extensions ['ignore', 'ignore_ament_install']
[0.899s] Level 1:colcon.colcon_core.package_identification:_identify(src/learm_ros2_moveit_config) by extension 'ignore'
[0.899s] Level 1:colcon.colcon_core.package_identification:_identify(src/learm_ros2_moveit_config) by extension 'ignore_ament_install'
[0.899s] Level 1:colcon.colcon_core.package_identification:_identify(src/learm_ros2_moveit_config) by extensions ['colcon_pkg']
[0.899s] Level 1:colcon.colcon_core.package_identification:_identify(src/learm_ros2_moveit_config) by extension 'colcon_pkg'
[0.899s] Level 1:colcon.colcon_core.package_identification:_identify(src/learm_ros2_moveit_config) by extensions ['colcon_meta']
[0.899s] Level 1:colcon.colcon_core.package_identification:_identify(src/learm_ros2_moveit_config) by extension 'colcon_meta'
[0.899s] Level 1:colcon.colcon_core.package_identification:_identify(src/learm_ros2_moveit_config) by extensions ['ros']
[0.899s] Level 1:colcon.colcon_core.package_identification:_identify(src/learm_ros2_moveit_config) by extension 'ros'
[0.900s] DEBUG:colcon.colcon_core.package_identification:Package 'src/learm_ros2_moveit_config' with type 'ros.ament_python' and name 'learm_ros2_moveit_config'
[0.900s] Level 1:colcon.colcon_core.package_identification:_identify(src/urdf_example) by extensions ['ignore', 'ignore_ament_install']
[0.900s] Level 1:colcon.colcon_core.package_identification:_identify(src/urdf_example) by extension 'ignore'
[0.900s] Level 1:colcon.colcon_core.package_identification:_identify(src/urdf_example) by extension 'ignore_ament_install'
[0.900s] Level 1:colcon.colcon_core.package_identification:_identify(src/urdf_example) by extensions ['colcon_pkg']
[0.900s] Level 1:colcon.colcon_core.package_identification:_identify(src/urdf_example) by extension 'colcon_pkg'
[0.900s] Level 1:colcon.colcon_core.package_identification:_identify(src/urdf_example) by extensions ['colcon_meta']
[0.900s] Level 1:colcon.colcon_core.package_identification:_identify(src/urdf_example) by extension 'colcon_meta'
[0.900s] Level 1:colcon.colcon_core.package_identification:_identify(src/urdf_example) by extensions ['ros']
[0.900s] Level 1:colcon.colcon_core.package_identification:_identify(src/urdf_example) by extension 'ros'
[0.900s] DEBUG:colcon.colcon_core.package_identification:Package 'src/urdf_example' with type 'ros.ament_cmake' and name 'urdf_example'
[0.900s] Level 1:colcon.colcon_core.package_discovery:discover_packages(recursive) using defaults
[0.900s] Level 1:colcon.colcon_core.package_discovery:discover_packages(ignore) discover
[0.900s] Level 1:colcon.colcon_core.package_discovery:discover_packages(ignore) using defaults
[0.900s] Level 1:colcon.colcon_core.package_discovery:discover_packages(path) discover
[0.900s] Level 1:colcon.colcon_core.package_discovery:discover_packages(path) using defaults
[0.977s] Level 1:colcon.colcon_core.package_discovery:discover_packages(prefix_path) check parameters
[0.977s] Level 1:colcon.colcon_core.package_discovery:discover_packages(prefix_path) discover
[1.003s] DEBUG:colcon.colcon_installed_package_information.package_discovery:Found 385 installed packages in /opt/ros/humble
[1.005s] Level 1:colcon.colcon_core.package_discovery:discover_packages(prefix_path) using defaults
[1.097s] Level 5:colcon.colcon_core.verb:set package 'learm_ros2' build argument 'cmake_args' from command line to 'None'
[1.097s] Level 5:colcon.colcon_core.verb:set package 'learm_ros2' build argument 'cmake_target' from command line to 'None'
[1.097s] Level 5:colcon.colcon_core.verb:set package 'learm_ros2' build argument 'cmake_target_skip_unavailable' from command line to 'False'
[1.097s] Level 5:colcon.colcon_core.verb:set package 'learm_ros2' build argument 'cmake_clean_cache' from command line to 'False'
[1.097s] Level 5:colcon.colcon_core.verb:set package 'learm_ros2' build argument 'cmake_clean_first' from command line to 'False'
[1.097s] Level 5:colcon.colcon_core.verb:set package 'learm_ros2' build argument 'cmake_force_configure' from command line to 'False'
[1.097s] Level 5:colcon.colcon_core.verb:set package 'learm_ros2' build argument 'ament_cmake_args' from command line to 'None'
[1.097s] Level 5:colcon.colcon_core.verb:set package 'learm_ros2' build argument 'catkin_cmake_args' from command line to 'None'
[1.097s] Level 5:colcon.colcon_core.verb:set package 'learm_ros2' build argument 'catkin_skip_building_tests' from command line to 'False'
[1.097s] DEBUG:colcon.colcon_core.verb:Building package 'learm_ros2' with the following arguments: {'ament_cmake_args': None, 'build_base': '/home/lk/learm_ws/build/learm_ros2', 'catkin_cmake_args': None, 'catkin_skip_building_tests': False, 'cmake_args': None, 'cmake_clean_cache': False, 'cmake_clean_first': False, 'cmake_force_configure': False, 'cmake_target': None, 'cmake_target_skip_unavailable': False, 'install_base': '/home/lk/learm_ws/install/learm_ros2', 'merge_install': False, 'path': '/home/lk/learm_ws/src/learm_ros2', 'symlink_install': False, 'test_result_base': None}
[1.109s] Level 5:colcon.colcon_core.verb:set package 'learm_ros2_description' build argument 'cmake_args' from command line to 'None'
[1.109s] Level 5:colcon.colcon_core.verb:set package 'learm_ros2_description' build argument 'cmake_target' from command line to 'None'
[1.109s] Level 5:colcon.colcon_core.verb:set package 'learm_ros2_description' build argument 'cmake_target_skip_unavailable' from command line to 'False'
[1.109s] Level 5:colcon.colcon_core.verb:set package 'learm_ros2_description' build argument 'cmake_clean_cache' from command line to 'False'
[1.109s] Level 5:colcon.colcon_core.verb:set package 'learm_ros2_description' build argument 'cmake_clean_first' from command line to 'False'
[1.109s] Level 5:colcon.colcon_core.verb:set package 'learm_ros2_description' build argument 'cmake_force_configure' from command line to 'False'
[1.109s] Level 5:colcon.colcon_core.verb:set package 'learm_ros2_description' build argument 'ament_cmake_args' from command line to 'None'
[1.109s] Level 5:colcon.colcon_core.verb:set package 'learm_ros2_description' build argument 'catkin_cmake_args' from command line to 'None'
[1.109s] Level 5:colcon.colcon_core.verb:set package 'learm_ros2_description' build argument 'catkin_skip_building_tests' from command line to 'False'
[1.109s] DEBUG:colcon.colcon_core.verb:Building package 'learm_ros2_description' with the following arguments: {'ament_cmake_args': None, 'build_base': '/home/lk/learm_ws/build/learm_ros2_description', 'catkin_cmake_args': None, 'catkin_skip_building_tests': False, 'cmake_args': None, 'cmake_clean_cache': False, 'cmake_clean_first': False, 'cmake_force_configure': False, 'cmake_target': None, 'cmake_target_skip_unavailable': False, 'install_base': '/home/lk/learm_ws/install/learm_ros2_description', 'merge_install': False, 'path': '/home/lk/learm_ws/src/learm_ros2_description', 'symlink_install': False, 'test_result_base': None}
[1.123s] Level 5:colcon.colcon_core.verb:set package 'urdf_example' build argument 'cmake_args' from command line to 'None'
[1.123s] Level 5:colcon.colcon_core.verb:set package 'urdf_example' build argument 'cmake_target' from command line to 'None'
[1.123s] Level 5:colcon.colcon_core.verb:set package 'urdf_example' build argument 'cmake_target_skip_unavailable' from command line to 'False'
[1.123s] Level 5:colcon.colcon_core.verb:set package 'urdf_example' build argument 'cmake_clean_cache' from command line to 'False'
[1.123s] Level 5:colcon.colcon_core.verb:set package 'urdf_example' build argument 'cmake_clean_first' from command line to 'False'
[1.123s] Level 5:colcon.colcon_core.verb:set package 'urdf_example' build argument 'cmake_force_configure' from command line to 'False'
[1.123s] Level 5:colcon.colcon_core.verb:set package 'urdf_example' build argument 'ament_cmake_args' from command line to 'None'
[1.123s] Level 5:colcon.colcon_core.verb:set package 'urdf_example' build argument 'catkin_cmake_args' from command line to 'None'
[1.123s] Level 5:colcon.colcon_core.verb:set package 'urdf_example' build argument 'catkin_skip_building_tests' from command line to 'False'
[1.123s] DEBUG:colcon.colcon_core.verb:Building package 'urdf_example' with the following arguments: {'ament_cmake_args': None, 'build_base': '/home/lk/learm_ws/build/urdf_example', 'catkin_cmake_args': None, 'catkin_skip_building_tests': False, 'cmake_args': None, 'cmake_clean_cache': False, 'cmake_clean_first': False, 'cmake_force_configure': False, 'cmake_target': None, 'cmake_target_skip_unavailable': False, 'install_base': '/home/lk/learm_ws/install/urdf_example', 'merge_install': False, 'path': '/home/lk/learm_ws/src/urdf_example', 'symlink_install': False, 'test_result_base': None}
[1.136s] Level 5:colcon.colcon_core.verb:set package 'learm_ros2_moveit_config' build argument 'cmake_args' from command line to 'None'
[1.136s] Level 5:colcon.colcon_core.verb:set package 'learm_ros2_moveit_config' build argument 'cmake_target' from command line to 'None'
[1.136s] Level 5:colcon.colcon_core.verb:set package 'learm_ros2_moveit_config' build argument 'cmake_target_skip_unavailable' from command line to 'False'
[1.136s] Level 5:colcon.colcon_core.verb:set package 'learm_ros2_moveit_config' build argument 'cmake_clean_cache' from command line to 'False'
[1.136s] Level 5:colcon.colcon_core.verb:set package 'learm_ros2_moveit_config' build argument 'cmake_clean_first' from command line to 'False'
[1.136s] Level 5:colcon.colcon_core.verb:set package 'learm_ros2_moveit_config' build argument 'cmake_force_configure' from command line to 'False'
[1.136s] Level 5:colcon.colcon_core.verb:set package 'learm_ros2_moveit_config' build argument 'ament_cmake_args' from command line to 'None'
[1.136s] Level 5:colcon.colcon_core.verb:set package 'learm_ros2_moveit_config' build argument 'catkin_cmake_args' from command line to 'None'
[1.136s] Level 5:colcon.colcon_core.verb:set package 'learm_ros2_moveit_config' build argument 'catkin_skip_building_tests' from command line to 'False'
[1.136s] DEBUG:colcon.colcon_core.verb:Building package 'learm_ros2_moveit_config' with the following arguments: {'ament_cmake_args': None, 'build_base': '/home/lk/learm_ws/build/learm_ros2_moveit_config', 'catkin_cmake_args': None, 'catkin_skip_building_tests': False, 'cmake_args': None, 'cmake_clean_cache': False, 'cmake_clean_first': False, 'cmake_force_configure': False, 'cmake_target': None, 'cmake_target_skip_unavailable': False, 'install_base': '/home/lk/learm_ws/install/learm_ros2_moveit_config', 'merge_install': False, 'path': '/home/lk/learm_ws/src/learm_ros2_moveit_config', 'symlink_install': False, 'test_result_base': None}
[1.148s] INFO:colcon.colcon_core.executor:Executing jobs using 'parallel' executor
[1.161s] DEBUG:colcon.colcon_parallel_executor.executor.parallel:run_until_complete
[1.162s] INFO:colcon.colcon_ros.task.ament_python.build:Building ROS package in '/home/lk/learm_ws/src/learm_ros2' with build type 'ament_python'
[1.162s] Level 1:colcon.colcon_core.shell:create_environment_hook('learm_ros2', 'ament_prefix_path')
[1.178s] INFO:colcon.colcon_core.plugin_system:Skipping extension 'colcon_core.shell.bat': Not used on non-Windows systems
[1.179s] INFO:colcon.colcon_core.shell:Creating environment hook '/home/lk/learm_ws/install/learm_ros2/share/learm_ros2/hook/ament_prefix_path.ps1'
[1.179s] INFO:colcon.colcon_core.shell:Creating environment descriptor '/home/lk/learm_ws/install/learm_ros2/share/learm_ros2/hook/ament_prefix_path.dsv'
[1.179s] INFO:colcon.colcon_core.shell:Creating environment hook '/home/lk/learm_ws/install/learm_ros2/share/learm_ros2/hook/ament_prefix_path.sh'
[1.196s] INFO:colcon.colcon_core.shell:Skip shell extension 'powershell' for command environment: Not usable outside of PowerShell
[1.196s] DEBUG:colcon.colcon_core.shell:Skip shell extension 'dsv' for command environment
[1.224s] INFO:colcon.colcon_ros.task.ament_cmake.build:Building ROS package in '/home/lk/learm_ws/src/learm_ros2_description' with build type 'ament_cmake'
[1.224s] INFO:colcon.colcon_cmake.task.cmake.build:Building CMake package in '/home/lk/learm_ws/src/learm_ros2_description'
[1.240s] INFO:colcon.colcon_core.shell:Skip shell extension 'powershell' for command environment: Not usable outside of PowerShell
[1.240s] DEBUG:colcon.colcon_core.shell:Skip shell extension 'dsv' for command environment
[1.273s] INFO:colcon.colcon_ros.task.ament_cmake.build:Building ROS package in '/home/lk/learm_ws/src/urdf_example' with build type 'ament_cmake'
[1.273s] INFO:colcon.colcon_cmake.task.cmake.build:Building CMake package in '/home/lk/learm_ws/src/urdf_example'
[1.288s] INFO:colcon.colcon_core.shell:Skip shell extension 'powershell' for command environment: Not usable outside of PowerShell
[1.288s] DEBUG:colcon.colcon_core.shell:Skip shell extension 'dsv' for command environment
[1.521s] INFO:colcon.colcon_core.task.python.build:Building Python package in '/home/lk/learm_ws/src/learm_ros2'
[1.534s] INFO:colcon.colcon_core.shell:Skip shell extension 'powershell' for command environment: Not usable outside of PowerShell
[1.534s] DEBUG:colcon.colcon_core.shell:Skip shell extension 'dsv' for command environment
[1.564s] DEBUG:colcon.colcon_core.event_handler.log_command:Invoking command in '/home/lk/learm_ws/build/learm_ros2_description': CMAKE_PREFIX_PATH=/opt/ros/humble /usr/bin/cmake /home/lk/learm_ws/src/learm_ros2_description -DCMAKE_INSTALL_PREFIX=/home/lk/learm_ws/install/learm_ros2_description
[1.567s] DEBUG:colcon.colcon_core.event_handler.log_command:Invoking command in '/home/lk/learm_ws/build/urdf_example': CMAKE_PREFIX_PATH=/opt/ros/humble /usr/bin/cmake /home/lk/learm_ws/src/urdf_example -DCMAKE_INSTALL_PREFIX=/home/lk/learm_ws/install/urdf_example
[1.866s] DEBUG:colcon.colcon_core.event_handler.log_command:Invoking command in '/home/lk/learm_ws/src/learm_ros2': PYTHONPATH=/home/lk/learm_ws/build/learm_ros2/prefix_override:/home/lk/learm_ws/install/learm_ros2/lib/python3.10/site-packages:${PYTHONPATH} /usr/bin/python3 setup.py egg_info --egg-base ../../build/learm_ros2 build --build-base /home/lk/learm_ws/build/learm_ros2/build install --record /home/lk/learm_ws/build/learm_ros2/install.log --single-version-externally-managed
[2.145s] DEBUG:colcon.colcon_core.event_handler.log_command:Invoked command in '/home/lk/learm_ws/src/learm_ros2' returned '0': PYTHONPATH=/home/lk/learm_ws/build/learm_ros2/prefix_override:/home/lk/learm_ws/install/learm_ros2/lib/python3.10/site-packages:${PYTHONPATH} /usr/bin/python3 setup.py egg_info --egg-base ../../build/learm_ros2 build --build-base /home/lk/learm_ws/build/learm_ros2/build install --record /home/lk/learm_ws/build/learm_ros2/install.log --single-version-externally-managed
[2.160s] Level 1:colcon.colcon_core.environment:checking '/home/lk/learm_ws/install/learm_ros2' for CMake module files
[2.160s] Level 1:colcon.colcon_core.environment:checking '/home/lk/learm_ws/install/learm_ros2' for CMake config files
[2.161s] Level 1:colcon.colcon_core.environment:checking '/home/lk/learm_ws/install/learm_ros2/lib'
[2.161s] Level 1:colcon.colcon_core.environment:checking '/home/lk/learm_ws/install/learm_ros2/bin'
[2.161s] Level 1:colcon.colcon_core.environment:checking '/home/lk/learm_ws/install/learm_ros2/lib/pkgconfig/learm_ros2.pc'
[2.161s] Level 1:colcon.colcon_core.environment:checking '/home/lk/learm_ws/install/learm_ros2/lib/python3.10/site-packages'
[2.161s] Level 1:colcon.colcon_core.shell:create_environment_hook('learm_ros2', 'pythonpath')
[2.175s] INFO:colcon.colcon_core.shell:Creating environment hook '/home/lk/learm_ws/install/learm_ros2/share/learm_ros2/hook/pythonpath.ps1'
[2.175s] INFO:colcon.colcon_core.shell:Creating environment descriptor '/home/lk/learm_ws/install/learm_ros2/share/learm_ros2/hook/pythonpath.dsv'
[2.176s] INFO:colcon.colcon_core.shell:Creating environment hook '/home/lk/learm_ws/install/learm_ros2/share/learm_ros2/hook/pythonpath.sh'
[2.176s] Level 1:colcon.colcon_core.environment:checking '/home/lk/learm_ws/install/learm_ros2/bin'
[2.176s] Level 1:colcon.colcon_core.environment:create_environment_scripts_only(learm_ros2)
[2.190s] INFO:colcon.colcon_core.shell:Creating package script '/home/lk/learm_ws/install/learm_ros2/share/learm_ros2/package.ps1'
[2.190s] INFO:colcon.colcon_core.shell:Creating package descriptor '/home/lk/learm_ws/install/learm_ros2/share/learm_ros2/package.dsv'
[2.191s] INFO:colcon.colcon_core.shell:Creating package script '/home/lk/learm_ws/install/learm_ros2/share/learm_ros2/package.sh'
[2.191s] INFO:colcon.colcon_core.shell:Creating package script '/home/lk/learm_ws/install/learm_ros2/share/learm_ros2/package.bash'
[2.192s] INFO:colcon.colcon_core.shell:Creating package script '/home/lk/learm_ws/install/learm_ros2/share/learm_ros2/package.zsh'
[2.192s] Level 1:colcon.colcon_core.environment:create_file_with_runtime_dependencies(/home/lk/learm_ws/install/learm_ros2/share/colcon-core/packages/learm_ros2)
[2.193s] INFO:colcon.colcon_ros.task.ament_python.build:Building ROS package in '/home/lk/learm_ws/src/learm_ros2_moveit_config' with build type 'ament_python'
[2.193s] Level 1:colcon.colcon_core.shell:create_environment_hook('learm_ros2_moveit_config', 'ament_prefix_path')
[2.208s] INFO:colcon.colcon_core.shell:Creating environment hook '/home/lk/learm_ws/install/learm_ros2_moveit_config/share/learm_ros2_moveit_config/hook/ament_prefix_path.ps1'
[2.209s] INFO:colcon.colcon_core.shell:Creating environment descriptor '/home/lk/learm_ws/install/learm_ros2_moveit_config/share/learm_ros2_moveit_config/hook/ament_prefix_path.dsv'
[2.209s] INFO:colcon.colcon_core.shell:Creating environment hook '/home/lk/learm_ws/install/learm_ros2_moveit_config/share/learm_ros2_moveit_config/hook/ament_prefix_path.sh'
[2.225s] INFO:colcon.colcon_core.shell:Skip shell extension 'powershell' for command environment: Not usable outside of PowerShell
[2.225s] DEBUG:colcon.colcon_core.shell:Skip shell extension 'dsv' for command environment
[2.260s] DEBUG:colcon.colcon_core.event_handler.log_command:Invoked command in '/home/lk/learm_ws/build/urdf_example' returned '0': CMAKE_PREFIX_PATH=/opt/ros/humble /usr/bin/cmake /home/lk/learm_ws/src/urdf_example -DCMAKE_INSTALL_PREFIX=/home/lk/learm_ws/install/urdf_example
[2.260s] DEBUG:colcon.colcon_core.event_handler.log_command:Invoking command in '/home/lk/learm_ws/build/urdf_example': CMAKE_PREFIX_PATH=/opt/ros/humble /usr/bin/cmake --build /home/lk/learm_ws/build/urdf_example -- -j12 -l12
[2.261s] DEBUG:colcon.colcon_core.event_handler.log_command:Invoked command in '/home/lk/learm_ws/build/learm_ros2_description' returned '0': CMAKE_PREFIX_PATH=/opt/ros/humble /usr/bin/cmake /home/lk/learm_ws/src/learm_ros2_description -DCMAKE_INSTALL_PREFIX=/home/lk/learm_ws/install/learm_ros2_description
[2.261s] DEBUG:colcon.colcon_core.event_handler.log_command:Invoking command in '/home/lk/learm_ws/build/learm_ros2_description': CMAKE_PREFIX_PATH=/opt/ros/humble /usr/bin/cmake --build /home/lk/learm_ws/build/learm_ros2_description -- -j12 -l12
[2.483s] INFO:colcon.colcon_core.task.python.build:Building Python package in '/home/lk/learm_ws/src/learm_ros2_moveit_config'
[2.496s] INFO:colcon.colcon_core.shell:Skip shell extension 'powershell' for command environment: Not usable outside of PowerShell
[2.497s] DEBUG:colcon.colcon_core.shell:Skip shell extension 'dsv' for command environment
[2.526s] DEBUG:colcon.colcon_core.event_handler.log_command:Invoked command in '/home/lk/learm_ws/build/urdf_example' returned '0': CMAKE_PREFIX_PATH=/opt/ros/humble /usr/bin/cmake --build /home/lk/learm_ws/build/urdf_example -- -j12 -l12
[2.527s] DEBUG:colcon.colcon_core.event_handler.log_command:Invoked command in '/home/lk/learm_ws/build/learm_ros2_description' returned '0': CMAKE_PREFIX_PATH=/opt/ros/humble /usr/bin/cmake --build /home/lk/learm_ws/build/learm_ros2_description -- -j12 -l12
[2.553s] DEBUG:colcon.colcon_core.event_handler.log_command:Invoking command in '/home/lk/learm_ws/build/urdf_example': CMAKE_PREFIX_PATH=/opt/ros/humble /usr/bin/cmake --install /home/lk/learm_ws/build/urdf_example
[2.556s] DEBUG:colcon.colcon_core.event_handler.log_command:Invoking command in '/home/lk/learm_ws/build/learm_ros2_description': CMAKE_PREFIX_PATH=/opt/ros/humble /usr/bin/cmake --install /home/lk/learm_ws/build/learm_ros2_description
[2.565s] Level 1:colcon.colcon_core.environment:create_environment_scripts_only(urdf_example)
[2.568s] DEBUG:colcon.colcon_core.event_handler.log_command:Invoked command in '/home/lk/learm_ws/build/urdf_example' returned '0': CMAKE_PREFIX_PATH=/opt/ros/humble /usr/bin/cmake --install /home/lk/learm_ws/build/urdf_example
[2.584s] Level 1:colcon.colcon_core.environment:checking '/home/lk/learm_ws/install/urdf_example' for CMake module files
[2.584s] Level 1:colcon.colcon_core.environment:checking '/home/lk/learm_ws/install/urdf_example' for CMake config files
[2.585s] Level 1:colcon.colcon_core.shell:create_environment_hook('urdf_example', 'cmake_prefix_path')
[2.604s] INFO:colcon.colcon_core.shell:Creating environment hook '/home/lk/learm_ws/install/urdf_example/share/urdf_example/hook/cmake_prefix_path.ps1'
[2.604s] INFO:colcon.colcon_core.shell:Creating environment descriptor '/home/lk/learm_ws/install/urdf_example/share/urdf_example/hook/cmake_prefix_path.dsv'
[2.604s] INFO:colcon.colcon_core.shell:Creating environment hook '/home/lk/learm_ws/install/urdf_example/share/urdf_example/hook/cmake_prefix_path.sh'
[2.605s] Level 1:colcon.colcon_core.environment:checking '/home/lk/learm_ws/install/urdf_example/bin'
[2.605s] Level 1:colcon.colcon_core.environment:checking '/home/lk/learm_ws/install/urdf_example/lib/pkgconfig/urdf_example.pc'
[2.605s] Level 1:colcon.colcon_core.environment:checking '/home/lk/learm_ws/install/urdf_example/lib/python3.10/site-packages'
[2.605s] Level 1:colcon.colcon_core.environment:checking '/home/lk/learm_ws/install/urdf_example/bin'
[2.619s] INFO:colcon.colcon_core.shell:Creating package script '/home/lk/learm_ws/install/urdf_example/share/urdf_example/package.ps1'
[2.619s] INFO:colcon.colcon_core.shell:Creating package descriptor '/home/lk/learm_ws/install/urdf_example/share/urdf_example/package.dsv'
[2.619s] INFO:colcon.colcon_core.shell:Creating package script '/home/lk/learm_ws/install/urdf_example/share/urdf_example/package.sh'
[2.620s] INFO:colcon.colcon_core.shell:Creating package script '/home/lk/learm_ws/install/urdf_example/share/urdf_example/package.bash'
[2.620s] INFO:colcon.colcon_core.shell:Creating package script '/home/lk/learm_ws/install/urdf_example/share/urdf_example/package.zsh'
[2.620s] Level 1:colcon.colcon_core.environment:create_file_with_runtime_dependencies(/home/lk/learm_ws/install/urdf_example/share/colcon-core/packages/urdf_example)
[2.621s] Level 1:colcon.colcon_core.environment:create_environment_scripts_only(learm_ros2_description)
[2.622s] DEBUG:colcon.colcon_core.event_handler.log_command:Invoked command in '/home/lk/learm_ws/build/learm_ros2_description' returned '0': CMAKE_PREFIX_PATH=/opt/ros/humble /usr/bin/cmake --install /home/lk/learm_ws/build/learm_ros2_description
[2.635s] Level 1:colcon.colcon_core.environment:checking '/home/lk/learm_ws/install/learm_ros2_description' for CMake module files
[2.636s] Level 1:colcon.colcon_core.environment:checking '/home/lk/learm_ws/install/learm_ros2_description' for CMake config files
[2.636s] Level 1:colcon.colcon_core.shell:create_environment_hook('learm_ros2_description', 'cmake_prefix_path')
[2.649s] INFO:colcon.colcon_core.shell:Creating environment hook '/home/lk/learm_ws/install/learm_ros2_description/share/learm_ros2_description/hook/cmake_prefix_path.ps1'
[2.650s] INFO:colcon.colcon_core.shell:Creating environment descriptor '/home/lk/learm_ws/install/learm_ros2_description/share/learm_ros2_description/hook/cmake_prefix_path.dsv'
[2.650s] INFO:colcon.colcon_core.shell:Creating environment hook '/home/lk/learm_ws/install/learm_ros2_description/share/learm_ros2_description/hook/cmake_prefix_path.sh'
[2.650s] Level 1:colcon.colcon_core.environment:checking '/home/lk/learm_ws/install/learm_ros2_description/bin'
[2.650s] Level 1:colcon.colcon_core.environment:checking '/home/lk/learm_ws/install/learm_ros2_description/lib/pkgconfig/learm_ros2_description.pc'
[2.650s] Level 1:colcon.colcon_core.environment:checking '/home/lk/learm_ws/install/learm_ros2_description/lib/python3.10/site-packages'
[2.651s] Level 1:colcon.colcon_core.environment:checking '/home/lk/learm_ws/install/learm_ros2_description/bin'
[2.664s] INFO:colcon.colcon_core.shell:Creating package script '/home/lk/learm_ws/install/learm_ros2_description/share/learm_ros2_description/package.ps1'
[2.664s] INFO:colcon.colcon_core.shell:Creating package descriptor '/home/lk/learm_ws/install/learm_ros2_description/share/learm_ros2_description/package.dsv'
[2.665s] INFO:colcon.colcon_core.shell:Creating package script '/home/lk/learm_ws/install/learm_ros2_description/share/learm_ros2_description/package.sh'
[2.665s] INFO:colcon.colcon_core.shell:Creating package script '/home/lk/learm_ws/install/learm_ros2_description/share/learm_ros2_description/package.bash'
[2.665s] INFO:colcon.colcon_core.shell:Creating package script '/home/lk/learm_ws/install/learm_ros2_description/share/learm_ros2_description/package.zsh'
[2.665s] Level 1:colcon.colcon_core.environment:create_file_with_runtime_dependencies(/home/lk/learm_ws/install/learm_ros2_description/share/colcon-core/packages/learm_ros2_description)
[2.680s] Level 1:colcon.colcon_core.environment:create_environment_scripts_only(urdf_example)
[2.694s] Level 1:colcon.colcon_core.environment:checking '/home/lk/learm_ws/install/urdf_example' for CMake module files
[2.694s] Level 1:colcon.colcon_core.environment:checking '/home/lk/learm_ws/install/urdf_example' for CMake config files
[2.694s] Level 1:colcon.colcon_core.shell:create_environment_hook('urdf_example', 'cmake_prefix_path')
[2.708s] INFO:colcon.colcon_core.shell:Creating environment hook '/home/lk/learm_ws/install/urdf_example/share/urdf_example/hook/cmake_prefix_path.ps1'
[2.708s] INFO:colcon.colcon_core.shell:Creating environment descriptor '/home/lk/learm_ws/install/urdf_example/share/urdf_example/hook/cmake_prefix_path.dsv'
[2.709s] INFO:colcon.colcon_core.shell:Creating environment hook '/home/lk/learm_ws/install/urdf_example/share/urdf_example/hook/cmake_prefix_path.sh'
[2.709s] Level 1:colcon.colcon_core.environment:checking '/home/lk/learm_ws/install/urdf_example/bin'
[2.709s] Level 1:colcon.colcon_core.environment:checking '/home/lk/learm_ws/install/urdf_example/lib/pkgconfig/urdf_example.pc'
[2.709s] Level 1:colcon.colcon_core.environment:checking '/home/lk/learm_ws/install/urdf_example/lib/python3.10/site-packages'
[2.710s] Level 1:colcon.colcon_core.environment:checking '/home/lk/learm_ws/install/urdf_example/bin'
[2.723s] INFO:colcon.colcon_core.shell:Creating package script '/home/lk/learm_ws/install/urdf_example/share/urdf_example/package.ps1'
[2.723s] INFO:colcon.colcon_core.shell:Creating package descriptor '/home/lk/learm_ws/install/urdf_example/share/urdf_example/package.dsv'
[2.723s] INFO:colcon.colcon_core.shell:Creating package script '/home/lk/learm_ws/install/urdf_example/share/urdf_example/package.sh'
[2.724s] INFO:colcon.colcon_core.shell:Creating package script '/home/lk/learm_ws/install/urdf_example/share/urdf_example/package.bash'
[2.724s] INFO:colcon.colcon_core.shell:Creating package script '/home/lk/learm_ws/install/urdf_example/share/urdf_example/package.zsh'
[2.724s] Level 1:colcon.colcon_core.environment:create_file_with_runtime_dependencies(/home/lk/learm_ws/install/urdf_example/share/colcon-core/packages/urdf_example)
[2.739s] Level 1:colcon.colcon_core.environment:create_environment_scripts_only(learm_ros2_description)
[2.752s] Level 1:colcon.colcon_core.environment:checking '/home/lk/learm_ws/install/learm_ros2_description' for CMake module files
[2.752s] Level 1:colcon.colcon_core.environment:checking '/home/lk/learm_ws/install/learm_ros2_description' for CMake config files
[2.753s] Level 1:colcon.colcon_core.shell:create_environment_hook('learm_ros2_description', 'cmake_prefix_path')
[2.767s] INFO:colcon.colcon_core.shell:Creating environment hook '/home/lk/learm_ws/install/learm_ros2_description/share/learm_ros2_description/hook/cmake_prefix_path.ps1'
[2.767s] INFO:colcon.colcon_core.shell:Creating environment descriptor '/home/lk/learm_ws/install/learm_ros2_description/share/learm_ros2_description/hook/cmake_prefix_path.dsv'
[2.768s] INFO:colcon.colcon_core.shell:Creating environment hook '/home/lk/learm_ws/install/learm_ros2_description/share/learm_ros2_description/hook/cmake_prefix_path.sh'
[2.768s] Level 1:colcon.colcon_core.environment:checking '/home/lk/learm_ws/install/learm_ros2_description/bin'
[2.768s] Level 1:colcon.colcon_core.environment:checking '/home/lk/learm_ws/install/learm_ros2_description/lib/pkgconfig/learm_ros2_description.pc'
[2.768s] Level 1:colcon.colcon_core.environment:checking '/home/lk/learm_ws/install/learm_ros2_description/lib/python3.10/site-packages'
[2.768s] Level 1:colcon.colcon_core.environment:checking '/home/lk/learm_ws/install/learm_ros2_description/bin'
[2.782s] INFO:colcon.colcon_core.shell:Creating package script '/home/lk/learm_ws/install/learm_ros2_description/share/learm_ros2_description/package.ps1'
[2.782s] INFO:colcon.colcon_core.shell:Creating package descriptor '/home/lk/learm_ws/install/learm_ros2_description/share/learm_ros2_description/package.dsv'
[2.782s] INFO:colcon.colcon_core.shell:Creating package script '/home/lk/learm_ws/install/learm_ros2_description/share/learm_ros2_description/package.sh'
[2.783s] INFO:colcon.colcon_core.shell:Creating package script '/home/lk/learm_ws/install/learm_ros2_description/share/learm_ros2_description/package.bash'
[2.783s] INFO:colcon.colcon_core.shell:Creating package script '/home/lk/learm_ws/install/learm_ros2_description/share/learm_ros2_description/package.zsh'
[2.783s] Level 1:colcon.colcon_core.environment:create_file_with_runtime_dependencies(/home/lk/learm_ws/install/learm_ros2_description/share/colcon-core/packages/learm_ros2_description)
[2.853s] DEBUG:colcon.colcon_core.event_handler.log_command:Invoking command in '/home/lk/learm_ws/src/learm_ros2_moveit_config': AMENT_PREFIX_PATH=/home/lk/learm_ws/install/learm_ros2:${AMENT_PREFIX_PATH} PYTHONPATH=/home/lk/learm_ws/build/learm_ros2_moveit_config/prefix_override:/home/lk/learm_ws/install/learm_ros2_moveit_config/lib/python3.10/site-packages:/home/lk/learm_ws/install/learm_ros2/lib/python3.10/site-packages:${PYTHONPATH} /usr/bin/python3 setup.py egg_info --egg-base ../../build/learm_ros2_moveit_config build --build-base /home/lk/learm_ws/build/learm_ros2_moveit_config/build install --record /home/lk/learm_ws/build/learm_ros2_moveit_config/install.log --single-version-externally-managed
[3.106s] DEBUG:colcon.colcon_core.event_handler.log_command:Invoked command in '/home/lk/learm_ws/src/learm_ros2_moveit_config' returned '0': AMENT_PREFIX_PATH=/home/lk/learm_ws/install/learm_ros2:${AMENT_PREFIX_PATH} PYTHONPATH=/home/lk/learm_ws/build/learm_ros2_moveit_config/prefix_override:/home/lk/learm_ws/install/learm_ros2_moveit_config/lib/python3.10/site-packages:/home/lk/learm_ws/install/learm_ros2/lib/python3.10/site-packages:${PYTHONPATH} /usr/bin/python3 setup.py egg_info --egg-base ../../build/learm_ros2_moveit_config build --build-base /home/lk/learm_ws/build/learm_ros2_moveit_config/build install --record /home/lk/learm_ws/build/learm_ros2_moveit_config/install.log --single-version-externally-managed
[3.119s] Level 1:colcon.colcon_core.environment:checking '/home/lk/learm_ws/install/learm_ros2_moveit_config' for CMake module files
[3.120s] Level 1:colcon.colcon_core.environment:checking '/home/lk/learm_ws/install/learm_ros2_moveit_config' for CMake config files
[3.120s] Level 1:colcon.colcon_core.environment:checking '/home/lk/learm_ws/install/learm_ros2_moveit_config/lib'
[3.120s] Level 1:colcon.colcon_core.environment:checking '/home/lk/learm_ws/install/learm_ros2_moveit_config/bin'
[3.120s] Level 1:colcon.colcon_core.environment:checking '/home/lk/learm_ws/install/learm_ros2_moveit_config/lib/pkgconfig/learm_ros2_moveit_config.pc'
[3.120s] Level 1:colcon.colcon_core.environment:checking '/home/lk/learm_ws/install/learm_ros2_moveit_config/lib/python3.10/site-packages'
[3.120s] Level 1:colcon.colcon_core.shell:create_environment_hook('learm_ros2_moveit_config', 'pythonpath')
[3.133s] INFO:colcon.colcon_core.shell:Creating environment hook '/home/lk/learm_ws/install/learm_ros2_moveit_config/share/learm_ros2_moveit_config/hook/pythonpath.ps1'
[3.133s] INFO:colcon.colcon_core.shell:Creating environment descriptor '/home/lk/learm_ws/install/learm_ros2_moveit_config/share/learm_ros2_moveit_config/hook/pythonpath.dsv'
[3.134s] INFO:colcon.colcon_core.shell:Creating environment hook '/home/lk/learm_ws/install/learm_ros2_moveit_config/share/learm_ros2_moveit_config/hook/pythonpath.sh'
[3.134s] Level 1:colcon.colcon_core.environment:checking '/home/lk/learm_ws/install/learm_ros2_moveit_config/bin'
[3.134s] Level 1:colcon.colcon_core.environment:create_environment_scripts_only(learm_ros2_moveit_config)
[3.147s] INFO:colcon.colcon_core.shell:Creating package script '/home/lk/learm_ws/install/learm_ros2_moveit_config/share/learm_ros2_moveit_config/package.ps1'
[3.147s] INFO:colcon.colcon_core.shell:Creating package descriptor '/home/lk/learm_ws/install/learm_ros2_moveit_config/share/learm_ros2_moveit_config/package.dsv'
[3.147s] INFO:colcon.colcon_core.shell:Creating package script '/home/lk/learm_ws/install/learm_ros2_moveit_config/share/learm_ros2_moveit_config/package.sh'
[3.148s] INFO:colcon.colcon_core.shell:Creating package script '/home/lk/learm_ws/install/learm_ros2_moveit_config/share/learm_ros2_moveit_config/package.bash'
[3.148s] INFO:colcon.colcon_core.shell:Creating package script '/home/lk/learm_ws/install/learm_ros2_moveit_config/share/learm_ros2_moveit_config/package.zsh'
[3.148s] Level 1:colcon.colcon_core.environment:create_file_with_runtime_dependencies(/home/lk/learm_ws/install/learm_ros2_moveit_config/share/colcon-core/packages/learm_ros2_moveit_config)
[3.148s] DEBUG:colcon.colcon_parallel_executor.executor.parallel:closing loop
[3.149s] DEBUG:colcon.colcon_parallel_executor.executor.parallel:loop closed
[3.149s] DEBUG:colcon.colcon_parallel_executor.executor.parallel:run_until_complete finished with '0'
[3.149s] DEBUG:colcon.colcon_core.event_reactor:joining thread
[3.167s] INFO:colcon.colcon_core.plugin_system:Skipping extension 'colcon_notification.desktop_notification.terminal_notifier': Not used on non-Darwin systems
[3.167s] INFO:colcon.colcon_core.plugin_system:Skipping extension 'colcon_notification.desktop_notification.win32': Not used on non-Windows systems
[3.167s] INFO:colcon.colcon_notification.desktop_notification:Sending desktop notification using 'notify2'
[3.177s] DEBUG:colcon.colcon_core.event_reactor:joined thread
[3.196s] INFO:colcon.colcon_core.shell:Creating prefix script '/home/lk/learm_ws/install/local_setup.ps1'
[3.197s] INFO:colcon.colcon_core.shell:Creating prefix util module '/home/lk/learm_ws/install/_local_setup_util_ps1.py'
[3.199s] INFO:colcon.colcon_core.shell:Creating prefix chain script '/home/lk/learm_ws/install/setup.ps1'
[3.219s] INFO:colcon.colcon_core.shell:Creating prefix script '/home/lk/learm_ws/install/local_setup.sh'
[3.220s] INFO:colcon.colcon_core.shell:Creating prefix util module '/home/lk/learm_ws/install/_local_setup_util_sh.py'
[3.220s] INFO:colcon.colcon_core.shell:Creating prefix chain script '/home/lk/learm_ws/install/setup.sh'
[3.242s] INFO:colcon.colcon_core.shell:Creating prefix script '/home/lk/learm_ws/install/local_setup.bash'
[3.242s] INFO:colcon.colcon_core.shell:Creating prefix chain script '/home/lk/learm_ws/install/setup.bash'
[3.258s] INFO:colcon.colcon_core.shell:Creating prefix script '/home/lk/learm_ws/install/local_setup.zsh'
[3.258s] INFO:colcon.colcon_core.shell:Creating prefix chain script '/home/lk/learm_ws/install/setup.zsh'
