[0.776s] Invoking command in '/home/lk/learm_ws/src/learm_ros2': PYTHONPATH=/home/lk/learm_ws/build/learm_ros2/prefix_override:/home/lk/learm_ws/install/learm_ros2/lib/python3.10/site-packages:${PYTHONPATH} /usr/bin/python3 setup.py egg_info --egg-base ../../build/learm_ros2 build --build-base /home/lk/learm_ws/build/learm_ros2/build install --record /home/lk/learm_ws/build/learm_ros2/install.log --single-version-externally-managed
[0.987s] running egg_info
[0.988s] writing ../../build/learm_ros2/learm_ros2.egg-info/PKG-INFO
[0.988s] writing dependency_links to ../../build/learm_ros2/learm_ros2.egg-info/dependency_links.txt
[0.989s] writing entry points to ../../build/learm_ros2/learm_ros2.egg-info/entry_points.txt
[0.989s] writing requirements to ../../build/learm_ros2/learm_ros2.egg-info/requires.txt
[0.989s] writing top-level names to ../../build/learm_ros2/learm_ros2.egg-info/top_level.txt
[0.990s] reading manifest file '../../build/learm_ros2/learm_ros2.egg-info/SOURCES.txt'
[0.992s] writing manifest file '../../build/learm_ros2/learm_ros2.egg-info/SOURCES.txt'
[0.992s] running build
[0.992s] running build_py
[0.992s] running install
[0.992s] /usr/lib/python3/dist-packages/setuptools/command/install.py:34: SetuptoolsDeprecationWarning: setup.py install is deprecated. Use build and pip and other standards-based tools.
[0.993s]   warnings.warn(
[0.993s] running install_lib
[0.994s] running install_data
[0.994s] running install_egg_info
[0.996s] removing '/home/lk/learm_ws/install/learm_ros2/lib/python3.10/site-packages/learm_ros2-0.0.0-py3.10.egg-info' (and everything under it)
[0.996s] Copying ../../build/learm_ros2/learm_ros2.egg-info to /home/lk/learm_ws/install/learm_ros2/lib/python3.10/site-packages/learm_ros2-0.0.0-py3.10.egg-info
[0.997s] running install_scripts
[1.013s] Installing follower script to /home/lk/learm_ws/install/learm_ros2/lib/learm_ros2
[1.013s] writing list of installed files to '/home/lk/learm_ws/build/learm_ros2/install.log'
[1.032s] Invoked command in '/home/lk/learm_ws/src/learm_ros2' returned '0': PYTHONPATH=/home/lk/learm_ws/build/learm_ros2/prefix_override:/home/lk/learm_ws/install/learm_ros2/lib/python3.10/site-packages:${PYTHONPATH} /usr/bin/python3 setup.py egg_info --egg-base ../../build/learm_ros2 build --build-base /home/lk/learm_ws/build/learm_ros2/build install --record /home/lk/learm_ws/build/learm_ros2/install.log --single-version-externally-managed
