[0.339s] Invoking command in '/home/lk/learm_ws/build/learm_ros2_description': CMAKE_PREFIX_PATH=/opt/ros/humble /usr/bin/cmake /home/lk/learm_ws/src/learm_ros2_description -DCMAKE_INSTALL_PREFIX=/home/lk/learm_ws/install/learm_ros2_description
[0.443s] -- The C compiler identification is GNU 11.4.0
[0.526s] -- The CXX compiler identification is GNU 11.4.0
[0.537s] -- Detecting C compiler ABI info
[0.599s] -- Detecting C compiler ABI info - done
[0.606s] -- Check for working C compiler: /usr/bin/cc - skipped
[0.606s] -- Detecting C compile features
[0.607s] -- Detecting C compile features - done
[0.611s] -- Detecting CXX compiler ABI info
[0.682s] -- Detecting CXX compiler ABI info - done
[0.695s] -- Check for working CXX compiler: /usr/bin/c++ - skipped
[0.696s] -- Detecting CXX compile features
[0.696s] -- Detecting CXX compile features - done
[0.699s] -- Found ament_cmake: 1.3.5 (/opt/ros/humble/share/ament_cmake/cmake)
[0.843s] -- Found Python3: /usr/bin/python3.10 (found version "3.10.12") found components: Interpreter 
[0.992s] -- Configuring done
[0.994s] -- Generating done
[0.995s] -- Build files have been written to: /home/lk/learm_ws/build/learm_ros2_description
[1.036s] Invoked command in '/home/lk/learm_ws/build/learm_ros2_description' returned '0': CMAKE_PREFIX_PATH=/opt/ros/humble /usr/bin/cmake /home/lk/learm_ws/src/learm_ros2_description -DCMAKE_INSTALL_PREFIX=/home/lk/learm_ws/install/learm_ros2_description
[1.037s] Invoking command in '/home/lk/learm_ws/build/learm_ros2_description': CMAKE_PREFIX_PATH=/opt/ros/humble /usr/bin/cmake --build /home/lk/learm_ws/build/learm_ros2_description -- -j12 -l12
[1.303s] Invoked command in '/home/lk/learm_ws/build/learm_ros2_description' returned '0': CMAKE_PREFIX_PATH=/opt/ros/humble /usr/bin/cmake --build /home/lk/learm_ws/build/learm_ros2_description -- -j12 -l12
[1.332s] Invoking command in '/home/lk/learm_ws/build/learm_ros2_description': CMAKE_PREFIX_PATH=/opt/ros/humble /usr/bin/cmake --install /home/lk/learm_ws/build/learm_ros2_description
[1.338s] -- Install configuration: ""
[1.339s] -- Installing: /home/lk/learm_ws/install/learm_ros2_description/share/learm_ros2_description/config
[1.339s] -- Installing: /home/lk/learm_ws/install/learm_ros2_description/share/learm_ros2_description/config/learm_servo.yaml
[1.339s] -- Installing: /home/lk/learm_ws/install/learm_ros2_description/share/learm_ros2_description/config/fake_controllers.yaml
[1.339s] -- Installing: /home/lk/learm_ws/install/learm_ros2_description/share/learm_ros2_description/config/ros_controllers.yaml
[1.339s] -- Installing: /home/lk/learm_ws/install/learm_ros2_description/share/learm_ros2_description/config/controllers.yaml
[1.340s] -- Installing: /home/lk/learm_ws/install/learm_ros2_description/share/learm_ros2_description/config/ompl_planning.yaml
[1.340s] -- Installing: /home/lk/learm_ws/install/learm_ros2_description/share/learm_ros2_description/config/kinematics.yaml
[1.340s] -- Installing: /home/lk/learm_ws/install/learm_ros2_description/share/learm_ros2_description/config/joint_limits.yaml
[1.341s] -- Installing: /home/lk/learm_ws/install/learm_ros2_description/share/learm_ros2_description/meshes
[1.341s] -- Installing: /home/lk/learm_ws/install/learm_ros2_description/share/learm_ros2_description/meshes/hand.stl
[1.344s] -- Installing: /home/lk/learm_ws/install/learm_ros2_description/share/learm_ros2_description/meshes/tendon.stl
[1.344s] -- Installing: /home/lk/learm_ws/install/learm_ros2_description/share/learm_ros2_description/meshes/base.stl
[1.347s] -- Installing: /home/lk/learm_ws/install/learm_ros2_description/share/learm_ros2_description/meshes/shoulder.stl
[1.350s] -- Installing: /home/lk/learm_ws/install/learm_ros2_description/share/learm_ros2_description/meshes/README.md
[1.351s] -- Installing: /home/lk/learm_ws/install/learm_ros2_description/share/learm_ros2_description/meshes/finger.stl
[1.351s] -- Installing: /home/lk/learm_ws/install/learm_ros2_description/share/learm_ros2_description/meshes/wrist.stl
[1.356s] -- Installing: /home/lk/learm_ws/install/learm_ros2_description/share/learm_ros2_description/meshes/humerus.stl
[1.358s] -- Installing: /home/lk/learm_ws/install/learm_ros2_description/share/learm_ros2_description/meshes/forearm.stl
[1.360s] -- Installing: /home/lk/learm_ws/install/learm_ros2_description/share/learm_ros2_description/meshes/carpal-left.stl
[1.360s] -- Installing: /home/lk/learm_ws/install/learm_ros2_description/share/learm_ros2_description/meshes/carpal-right.stl
[1.361s] -- Installing: /home/lk/learm_ws/install/learm_ros2_description/share/learm_ros2_description/rviz
[1.361s] -- Installing: /home/lk/learm_ws/install/learm_ros2_description/share/learm_ros2_description/rviz/view_robot.rviz
[1.362s] -- Installing: /home/lk/learm_ws/install/learm_ros2_description/share/learm_ros2_description/rviz/learm.rviz
[1.362s] -- Installing: /home/lk/learm_ws/install/learm_ros2_description/share/learm_ros2_description/srdf
[1.362s] -- Installing: /home/lk/learm_ws/install/learm_ros2_description/share/learm_ros2_description/srdf/learm.srdf
[1.362s] -- Installing: /home/lk/learm_ws/install/learm_ros2_description/share/learm_ros2_description/srdf/learm.srdf.xacro
[1.363s] -- Installing: /home/lk/learm_ws/install/learm_ros2_description/share/learm_ros2_description/urdf
[1.363s] -- Installing: /home/lk/learm_ws/install/learm_ros2_description/share/learm_ros2_description/urdf/learm.urdf.xacro
[1.363s] -- Installing: /home/lk/learm_ws/install/learm_ros2_description/share/learm_ros2_description/urdf/learm.urdf
[1.363s] -- Installing: /home/lk/learm_ws/install/learm_ros2_description/share/ament_index/resource_index/package_run_dependencies/learm_ros2_description
[1.364s] -- Installing: /home/lk/learm_ws/install/learm_ros2_description/share/ament_index/resource_index/parent_prefix_path/learm_ros2_description
[1.364s] -- Installing: /home/lk/learm_ws/install/learm_ros2_description/share/learm_ros2_description/environment/ament_prefix_path.sh
[1.364s] -- Installing: /home/lk/learm_ws/install/learm_ros2_description/share/learm_ros2_description/environment/ament_prefix_path.dsv
[1.364s] -- Installing: /home/lk/learm_ws/install/learm_ros2_description/share/learm_ros2_description/environment/path.sh
[1.365s] -- Installing: /home/lk/learm_ws/install/learm_ros2_description/share/learm_ros2_description/environment/path.dsv
[1.365s] -- Installing: /home/lk/learm_ws/install/learm_ros2_description/share/learm_ros2_description/local_setup.bash
[1.365s] -- Installing: /home/lk/learm_ws/install/learm_ros2_description/share/learm_ros2_description/local_setup.sh
[1.365s] -- Installing: /home/lk/learm_ws/install/learm_ros2_description/share/learm_ros2_description/local_setup.zsh
[1.366s] -- Installing: /home/lk/learm_ws/install/learm_ros2_description/share/learm_ros2_description/local_setup.dsv
[1.366s] -- Installing: /home/lk/learm_ws/install/learm_ros2_description/share/learm_ros2_description/package.dsv
[1.366s] -- Installing: /home/lk/learm_ws/install/learm_ros2_description/share/ament_index/resource_index/packages/learm_ros2_description
[1.366s] -- Installing: /home/lk/learm_ws/install/learm_ros2_description/share/learm_ros2_description/cmake/learm_ros2_descriptionConfig.cmake
[1.366s] -- Installing: /home/lk/learm_ws/install/learm_ros2_description/share/learm_ros2_description/cmake/learm_ros2_descriptionConfig-version.cmake
[1.367s] -- Installing: /home/lk/learm_ws/install/learm_ros2_description/share/learm_ros2_description/package.xml
[1.397s] Invoked command in '/home/lk/learm_ws/build/learm_ros2_description' returned '0': CMAKE_PREFIX_PATH=/opt/ros/humble /usr/bin/cmake --install /home/lk/learm_ws/build/learm_ros2_description
