[0.640s] Invoking command in '/home/lk/learm_ws/src/learm_ros2_moveit_config': AMENT_PREFIX_PATH=/home/lk/learm_ws/install/learm_ros2:${AMENT_PREFIX_PATH} PYTHONPATH=/home/lk/learm_ws/build/learm_ros2_moveit_config/prefix_override:/home/lk/learm_ws/install/learm_ros2_moveit_config/lib/python3.10/site-packages:/home/lk/learm_ws/install/learm_ros2/lib/python3.10/site-packages:${PYTHONPATH} /usr/bin/python3 setup.py egg_info --egg-base ../../build/learm_ros2_moveit_config build --build-base /home/lk/learm_ws/build/learm_ros2_moveit_config/build install --record /home/lk/learm_ws/build/learm_ros2_moveit_config/install.log --single-version-externally-managed
[0.851s] running egg_info
[0.852s] writing ../../build/learm_ros2_moveit_config/learm_ros2_moveit_config.egg-info/PKG-INFO
[0.852s] writing dependency_links to ../../build/learm_ros2_moveit_config/learm_ros2_moveit_config.egg-info/dependency_links.txt
[0.852s] writing entry points to ../../build/learm_ros2_moveit_config/learm_ros2_moveit_config.egg-info/entry_points.txt
[0.853s] writing requirements to ../../build/learm_ros2_moveit_config/learm_ros2_moveit_config.egg-info/requires.txt
[0.853s] writing top-level names to ../../build/learm_ros2_moveit_config/learm_ros2_moveit_config.egg-info/top_level.txt
[0.854s] reading manifest file '../../build/learm_ros2_moveit_config/learm_ros2_moveit_config.egg-info/SOURCES.txt'
[0.856s] writing manifest file '../../build/learm_ros2_moveit_config/learm_ros2_moveit_config.egg-info/SOURCES.txt'
[0.856s] running build
[0.856s] running build_py
[0.856s] running install
[0.856s] /usr/lib/python3/dist-packages/setuptools/command/install.py:34: SetuptoolsDeprecationWarning: setup.py install is deprecated. Use build and pip and other standards-based tools.
[0.856s]   warnings.warn(
[0.857s] running install_lib
[0.857s] running install_data
[0.858s] running install_egg_info
[0.860s] removing '/home/lk/learm_ws/install/learm_ros2_moveit_config/lib/python3.10/site-packages/learm_ros2_moveit_config-0.0.0-py3.10.egg-info' (and everything under it)
[0.861s] Copying ../../build/learm_ros2_moveit_config/learm_ros2_moveit_config.egg-info to /home/lk/learm_ws/install/learm_ros2_moveit_config/lib/python3.10/site-packages/learm_ros2_moveit_config-0.0.0-py3.10.egg-info
[0.862s] running install_scripts
[0.877s] writing list of installed files to '/home/lk/learm_ws/build/learm_ros2_moveit_config/install.log'
[0.893s] Invoked command in '/home/lk/learm_ws/src/learm_ros2_moveit_config' returned '0': AMENT_PREFIX_PATH=/home/lk/learm_ws/install/learm_ros2:${AMENT_PREFIX_PATH} PYTHONPATH=/home/lk/learm_ws/build/learm_ros2_moveit_config/prefix_override:/home/lk/learm_ws/install/learm_ros2_moveit_config/lib/python3.10/site-packages:/home/lk/learm_ws/install/learm_ros2/lib/python3.10/site-packages:${PYTHONPATH} /usr/bin/python3 setup.py egg_info --egg-base ../../build/learm_ros2_moveit_config build --build-base /home/lk/learm_ws/build/learm_ros2_moveit_config/build install --record /home/lk/learm_ws/build/learm_ros2_moveit_config/install.log --single-version-externally-managed
