[0.161s] Invoking command in '/home/wsl-ubuntu/learm_ws/build/learm_ros2_description': CMAKE_PREFIX_PATH=${CMAKE_PREFIX_PATH}:/home/wsl-ubuntu/learm_ws/install/learm_ros2_moveit_config:/home/wsl-ubuntu/learm_ws/install/learm_ros2:/opt/ros/humble /usr/bin/cmake --build /home/wsl-ubuntu/learm_ws/build/learm_ros2_description -- -j12 -l12
[0.173s] Invoked command in '/home/wsl-ubuntu/learm_ws/build/learm_ros2_description' returned '0': CMAKE_PREFIX_PATH=${CMAKE_PREFIX_PATH}:/home/wsl-ubuntu/learm_ws/install/learm_ros2_moveit_config:/home/wsl-ubuntu/learm_ws/install/learm_ros2:/opt/ros/humble /usr/bin/cmake --build /home/wsl-ubuntu/learm_ws/build/learm_ros2_description -- -j12 -l12
[0.185s] Invoking command in '/home/wsl-ubuntu/learm_ws/build/learm_ros2_description': CMAKE_PREFIX_PATH=${CMAKE_PREFIX_PATH}:/home/wsl-ubuntu/learm_ws/install/learm_ros2_moveit_config:/home/wsl-ubuntu/learm_ws/install/learm_ros2:/opt/ros/humble /usr/bin/cmake --install /home/wsl-ubuntu/learm_ws/build/learm_ros2_description
[0.187s] -- Install configuration: ""
[0.187s] -- Up-to-date: /home/wsl-ubuntu/learm_ws/install/learm_ros2_description/share/learm_ros2_description/config
[0.188s] -- Up-to-date: /home/wsl-ubuntu/learm_ws/install/learm_ros2_description/share/learm_ros2_description/config/controllers.yaml
[0.188s] -- Up-to-date: /home/wsl-ubuntu/learm_ws/install/learm_ros2_description/share/learm_ros2_description/config/kinematics.yaml
[0.188s] -- Up-to-date: /home/wsl-ubuntu/learm_ws/install/learm_ros2_description/share/learm_ros2_description/config/learm_servo.yaml
[0.188s] -- Up-to-date: /home/wsl-ubuntu/learm_ws/install/learm_ros2_description/share/learm_ros2_description/config/joint_limits.yaml
[0.188s] -- Up-to-date: /home/wsl-ubuntu/learm_ws/install/learm_ros2_description/share/learm_ros2_description/config/ros_controllers.yaml
[0.188s] -- Up-to-date: /home/wsl-ubuntu/learm_ws/install/learm_ros2_description/share/learm_ros2_description/config/fake_controllers.yaml
[0.188s] -- Up-to-date: /home/wsl-ubuntu/learm_ws/install/learm_ros2_description/share/learm_ros2_description/config/ompl_planning.yaml
[0.188s] -- Up-to-date: /home/wsl-ubuntu/learm_ws/install/learm_ros2_description/share/learm_ros2_description/meshes
[0.189s] -- Up-to-date: /home/wsl-ubuntu/learm_ws/install/learm_ros2_description/share/learm_ros2_description/meshes/carpal-right.stl
[0.189s] -- Up-to-date: /home/wsl-ubuntu/learm_ws/install/learm_ros2_description/share/learm_ros2_description/meshes/hand.stl
[0.189s] -- Up-to-date: /home/wsl-ubuntu/learm_ws/install/learm_ros2_description/share/learm_ros2_description/meshes/tendon.stl
[0.189s] -- Up-to-date: /home/wsl-ubuntu/learm_ws/install/learm_ros2_description/share/learm_ros2_description/meshes/carpal-left.stl
[0.189s] -- Up-to-date: /home/wsl-ubuntu/learm_ws/install/learm_ros2_description/share/learm_ros2_description/meshes/finger.stl
[0.189s] -- Up-to-date: /home/wsl-ubuntu/learm_ws/install/learm_ros2_description/share/learm_ros2_description/meshes/forearm.stl
[0.190s] -- Up-to-date: /home/wsl-ubuntu/learm_ws/install/learm_ros2_description/share/learm_ros2_description/meshes/README.md
[0.190s] -- Up-to-date: /home/wsl-ubuntu/learm_ws/install/learm_ros2_description/share/learm_ros2_description/meshes/base.stl
[0.190s] -- Up-to-date: /home/wsl-ubuntu/learm_ws/install/learm_ros2_description/share/learm_ros2_description/meshes/shoulder.stl
[0.190s] -- Up-to-date: /home/wsl-ubuntu/learm_ws/install/learm_ros2_description/share/learm_ros2_description/meshes/wrist.stl
[0.190s] -- Up-to-date: /home/wsl-ubuntu/learm_ws/install/learm_ros2_description/share/learm_ros2_description/meshes/humerus.stl
[0.191s] -- Up-to-date: /home/wsl-ubuntu/learm_ws/install/learm_ros2_description/share/learm_ros2_description/rviz
[0.191s] -- Up-to-date: /home/wsl-ubuntu/learm_ws/install/learm_ros2_description/share/learm_ros2_description/rviz/view_robot.rviz
[0.191s] -- Up-to-date: /home/wsl-ubuntu/learm_ws/install/learm_ros2_description/share/learm_ros2_description/rviz/learm.rviz
[0.191s] -- Up-to-date: /home/wsl-ubuntu/learm_ws/install/learm_ros2_description/share/learm_ros2_description/srdf
[0.192s] -- Up-to-date: /home/wsl-ubuntu/learm_ws/install/learm_ros2_description/share/learm_ros2_description/srdf/learm.srdf.xacro
[0.192s] -- Up-to-date: /home/wsl-ubuntu/learm_ws/install/learm_ros2_description/share/learm_ros2_description/srdf/learm.srdf
[0.193s] -- Up-to-date: /home/wsl-ubuntu/learm_ws/install/learm_ros2_description/share/learm_ros2_description/urdf
[0.193s] -- Up-to-date: /home/wsl-ubuntu/learm_ws/install/learm_ros2_description/share/learm_ros2_description/urdf/learm.urdf.xacro
[0.194s] -- Up-to-date: /home/wsl-ubuntu/learm_ws/install/learm_ros2_description/share/learm_ros2_description/urdf/learm.urdf
[0.194s] -- Up-to-date: /home/wsl-ubuntu/learm_ws/install/learm_ros2_description/share/ament_index/resource_index/package_run_dependencies/learm_ros2_description
[0.194s] -- Up-to-date: /home/wsl-ubuntu/learm_ws/install/learm_ros2_description/share/ament_index/resource_index/parent_prefix_path/learm_ros2_description
[0.194s] -- Up-to-date: /home/wsl-ubuntu/learm_ws/install/learm_ros2_description/share/learm_ros2_description/environment/ament_prefix_path.sh
[0.194s] -- Up-to-date: /home/wsl-ubuntu/learm_ws/install/learm_ros2_description/share/learm_ros2_description/environment/ament_prefix_path.dsv
[0.195s] -- Up-to-date: /home/wsl-ubuntu/learm_ws/install/learm_ros2_description/share/learm_ros2_description/environment/path.sh
[0.195s] -- Up-to-date: /home/wsl-ubuntu/learm_ws/install/learm_ros2_description/share/learm_ros2_description/environment/path.dsv
[0.195s] -- Up-to-date: /home/wsl-ubuntu/learm_ws/install/learm_ros2_description/share/learm_ros2_description/local_setup.bash
[0.195s] -- Up-to-date: /home/wsl-ubuntu/learm_ws/install/learm_ros2_description/share/learm_ros2_description/local_setup.sh
[0.195s] -- Up-to-date: /home/wsl-ubuntu/learm_ws/install/learm_ros2_description/share/learm_ros2_description/local_setup.zsh
[0.195s] -- Up-to-date: /home/wsl-ubuntu/learm_ws/install/learm_ros2_description/share/learm_ros2_description/local_setup.dsv
[0.195s] -- Up-to-date: /home/wsl-ubuntu/learm_ws/install/learm_ros2_description/share/learm_ros2_description/package.dsv
[0.195s] -- Up-to-date: /home/wsl-ubuntu/learm_ws/install/learm_ros2_description/share/ament_index/resource_index/packages/learm_ros2_description
[0.196s] -- Up-to-date: /home/wsl-ubuntu/learm_ws/install/learm_ros2_description/share/learm_ros2_description/cmake/learm_ros2_descriptionConfig.cmake
[0.196s] -- Up-to-date: /home/wsl-ubuntu/learm_ws/install/learm_ros2_description/share/learm_ros2_description/cmake/learm_ros2_descriptionConfig-version.cmake
[0.196s] -- Up-to-date: /home/wsl-ubuntu/learm_ws/install/learm_ros2_description/share/learm_ros2_description/package.xml
[0.201s] Invoked command in '/home/wsl-ubuntu/learm_ws/build/learm_ros2_description' returned '0': CMAKE_PREFIX_PATH=${CMAKE_PREFIX_PATH}:/home/wsl-ubuntu/learm_ws/install/learm_ros2_moveit_config:/home/wsl-ubuntu/learm_ws/install/learm_ros2:/opt/ros/humble /usr/bin/cmake --install /home/wsl-ubuntu/learm_ws/build/learm_ros2_description
