[0.461s] Invoking command in '/home/wsl-ubuntu/learm_ws/src/learm_ros2': PYTHONPATH=/home/wsl-ubuntu/learm_ws/build/learm_ros2/prefix_override:/home/wsl-ubuntu/learm_ws/install/learm_ros2/lib/python3.10/site-packages:${PYTHONPATH} /usr/bin/python3 setup.py egg_info --egg-base ../../build/learm_ros2 build --build-base /home/wsl-ubuntu/learm_ws/build/learm_ros2/build install --record /home/wsl-ubuntu/learm_ws/build/learm_ros2/install.log --single-version-externally-managed
[0.546s] running egg_info
[0.551s] writing ../../build/learm_ros2/learm_ros2.egg-info/PKG-INFO
[0.551s] writing dependency_links to ../../build/learm_ros2/learm_ros2.egg-info/dependency_links.txt
[0.552s] writing entry points to ../../build/learm_ros2/learm_ros2.egg-info/entry_points.txt
[0.552s] writing requirements to ../../build/learm_ros2/learm_ros2.egg-info/requires.txt
[0.552s] writing top-level names to ../../build/learm_ros2/learm_ros2.egg-info/top_level.txt
[0.562s] reading manifest file '../../build/learm_ros2/learm_ros2.egg-info/SOURCES.txt'
[0.563s] writing manifest file '../../build/learm_ros2/learm_ros2.egg-info/SOURCES.txt'
[0.563s] running build
[0.563s] running build_py
[0.563s] copying learm_ros2/__init__.py -> /home/wsl-ubuntu/learm_ws/build/learm_ros2/build/lib/learm_ros2
[0.563s] copying learm_ros2/follower.py -> /home/wsl-ubuntu/learm_ws/build/learm_ros2/build/lib/learm_ros2
[0.563s] running install
[0.563s] /home/wsl-ubuntu/.local/lib/python3.10/site-packages/setuptools/_distutils/cmd.py:66: SetuptoolsDeprecationWarning: setup.py install is deprecated.
[0.563s] !!
[0.564s] 
[0.564s]         ********************************************************************************
[0.564s]         Please avoid running ``setup.py`` directly.
[0.564s]         Instead, use pypa/build, pypa/installer or other
[0.564s]         standards-based tools.
[0.564s] 
[0.564s]         See https://blog.ganssle.io/articles/2021/10/setup-py-deprecated.html for details.
[0.564s]         ********************************************************************************
[0.564s] 
[0.564s] !!
[0.564s]   self.initialize_options()
[0.566s] running install_lib
[0.571s] running install_data
[0.576s] copying resource/learm_ros2 -> /home/wsl-ubuntu/learm_ws/install/learm_ros2/share/ament_index/resource_index/packages
[0.576s] copying package.xml -> /home/wsl-ubuntu/learm_ws/install/learm_ros2/share/learm_ros2
[0.577s] copying launch/run.launch.py -> /home/wsl-ubuntu/learm_ws/install/learm_ros2/share/learm_ros2/launch
[0.577s] copying launch/learm_moveit_mode1.launch.py -> /home/wsl-ubuntu/learm_ws/install/learm_ros2/share/learm_ros2/launch
[0.577s] copying launch/follower.launch.py -> /home/wsl-ubuntu/learm_ws/install/learm_ros2/share/learm_ros2/launch
[0.577s] copying launch/learm_moveit.launch.py -> /home/wsl-ubuntu/learm_ws/install/learm_ros2/share/learm_ros2/launch
[0.577s] running install_egg_info
[0.582s] removing '/home/wsl-ubuntu/learm_ws/install/learm_ros2/lib/python3.10/site-packages/learm_ros2-0.0.0-py3.10.egg-info' (and everything under it)
[0.583s] Copying ../../build/learm_ros2/learm_ros2.egg-info to /home/wsl-ubuntu/learm_ws/install/learm_ros2/lib/python3.10/site-packages/learm_ros2-0.0.0-py3.10.egg-info
[0.583s] running install_scripts
[0.636s] Installing follower script to /home/wsl-ubuntu/learm_ws/install/learm_ros2/lib/learm_ros2
[0.636s] writing list of installed files to '/home/wsl-ubuntu/learm_ws/build/learm_ros2/install.log'
[0.648s] Invoked command in '/home/wsl-ubuntu/learm_ws/src/learm_ros2' returned '0': PYTHONPATH=/home/wsl-ubuntu/learm_ws/build/learm_ros2/prefix_override:/home/wsl-ubuntu/learm_ws/install/learm_ros2/lib/python3.10/site-packages:${PYTHONPATH} /usr/bin/python3 setup.py egg_info --egg-base ../../build/learm_ros2 build --build-base /home/wsl-ubuntu/learm_ws/build/learm_ros2/build install --record /home/wsl-ubuntu/learm_ws/build/learm_ros2/install.log --single-version-externally-managed
