[0.304s] Invoking command in '/home/lk/learm_ws/build/urdf_example': CMAKE_PREFIX_PATH=/opt/ros/humble /usr/bin/cmake --build /home/lk/learm_ws/build/urdf_example -- -j12 -l12
[0.360s] Invoked command in '/home/lk/learm_ws/build/urdf_example' returned '0': CMAKE_PREFIX_PATH=/opt/ros/humble /usr/bin/cmake --build /home/lk/learm_ws/build/urdf_example -- -j12 -l12
[0.387s] Invoking command in '/home/lk/learm_ws/build/urdf_example': CMAKE_PREFIX_PATH=/opt/ros/humble /usr/bin/cmake --install /home/lk/learm_ws/build/urdf_example
[0.394s] -- Install configuration: ""
[0.396s] -- Up-to-date: /home/lk/learm_ws/install/urdf_example/share/urdf_example/description
[0.396s] -- Up-to-date: /home/lk/learm_ws/install/urdf_example/share/urdf_example/description/example_gazebo.xacro
[0.397s] -- Up-to-date: /home/lk/learm_ws/install/urdf_example/share/urdf_example/description/learm.urdf.xacro
[0.397s] -- Up-to-date: /home/lk/learm_ws/install/urdf_example/share/urdf_example/description/example_robot.urdf.xacro
[0.397s] -- Up-to-date: /home/lk/learm_ws/install/urdf_example/share/urdf_example/description/example_include.xacro
[0.398s] -- Up-to-date: /home/lk/learm_ws/install/urdf_example/share/urdf_example/launch
[0.399s] -- Up-to-date: /home/lk/learm_ws/install/urdf_example/share/urdf_example/launch/rsp_sim.launch.py
[0.399s] -- Up-to-date: /home/lk/learm_ws/install/urdf_example/share/urdf_example/launch/rsp.launch.py
[0.399s] -- Up-to-date: /home/lk/learm_ws/install/urdf_example/share/urdf_example/worlds
[0.399s] -- Up-to-date: /home/lk/learm_ws/install/urdf_example/share/urdf_example/worlds/test_world.world
[0.401s] -- Up-to-date: /home/lk/learm_ws/install/urdf_example/share/ament_index/resource_index/package_run_dependencies/urdf_example
[0.401s] -- Up-to-date: /home/lk/learm_ws/install/urdf_example/share/ament_index/resource_index/parent_prefix_path/urdf_example
[0.401s] -- Up-to-date: /home/lk/learm_ws/install/urdf_example/share/urdf_example/environment/ament_prefix_path.sh
[0.401s] -- Up-to-date: /home/lk/learm_ws/install/urdf_example/share/urdf_example/environment/ament_prefix_path.dsv
[0.401s] -- Up-to-date: /home/lk/learm_ws/install/urdf_example/share/urdf_example/environment/path.sh
[0.402s] -- Up-to-date: /home/lk/learm_ws/install/urdf_example/share/urdf_example/environment/path.dsv
[0.402s] -- Up-to-date: /home/lk/learm_ws/install/urdf_example/share/urdf_example/local_setup.bash
[0.402s] -- Up-to-date: /home/lk/learm_ws/install/urdf_example/share/urdf_example/local_setup.sh
[0.402s] -- Up-to-date: /home/lk/learm_ws/install/urdf_example/share/urdf_example/local_setup.zsh
[0.403s] -- Up-to-date: /home/lk/learm_ws/install/urdf_example/share/urdf_example/local_setup.dsv
[0.403s] -- Installing: /home/lk/learm_ws/install/urdf_example/share/urdf_example/package.dsv
[0.404s] -- Up-to-date: /home/lk/learm_ws/install/urdf_example/share/ament_index/resource_index/packages/urdf_example
[0.405s] -- Up-to-date: /home/lk/learm_ws/install/urdf_example/share/urdf_example/cmake/urdf_exampleConfig.cmake
[0.405s] -- Up-to-date: /home/lk/learm_ws/install/urdf_example/share/urdf_example/cmake/urdf_exampleConfig-version.cmake
[0.405s] -- Up-to-date: /home/lk/learm_ws/install/urdf_example/share/urdf_example/package.xml
[0.406s] Invoked command in '/home/lk/learm_ws/build/urdf_example' returned '0': CMAKE_PREFIX_PATH=/opt/ros/humble /usr/bin/cmake --install /home/lk/learm_ws/build/urdf_example
