[0.024s] Invoking command in '/home/wsl-ubuntu/learm_ws/build/urdf_example': CMAKE_PREFIX_PATH=/opt/ros/humble /usr/bin/cmake /home/wsl-ubuntu/learm_ws/src/urdf_example -DCMAKE_INSTALL_PREFIX=/home/wsl-ubuntu/learm_ws/install/urdf_example
[0.108s] -- The C compiler identification is GNU 11.4.0
[0.419s] -- The CXX compiler identification is GNU 11.4.0
[0.655s] -- Detecting C compiler ABI info
[0.742s] -- Detecting C compiler ABI info - done
[0.746s] -- Check for working C compiler: /usr/bin/cc - skipped
[0.746s] -- Detecting C compile features
[0.746s] -- Detecting C compile features - done
[0.747s] -- Detecting CXX compiler ABI info
[0.837s] -- Detecting CXX compiler ABI info - done
[0.841s] -- Check for working CXX compiler: /usr/bin/c++ - skipped
[0.841s] -- Detecting CXX compile features
[0.842s] -- Detecting CXX compile features - done
[0.846s] -- Found ament_cmake: 1.3.5 (/opt/ros/humble/share/ament_cmake/cmake)
[0.923s] -- Found Python3: /usr/bin/python3.10 (found version "3.10.12") found components: Interpreter 
[0.985s] -- Found ament_lint_auto: 0.12.8 (/opt/ros/humble/share/ament_lint_auto/cmake)
[1.033s] -- Added test 'copyright' to check source files copyright and LICENSE
[1.036s] -- Added test 'flake8' to check Python code syntax and style conventions
[1.036s] -- Added test 'lint_cmake' to check CMake code style
[1.037s] -- Added test 'pep257' to check Python code against some of the docstring style conventions in PEP 257
[1.039s] -- Added test 'xmllint' to check XML markup files
[1.040s] -- Configuring done
[1.042s] -- Generating done
[1.043s] -- Build files have been written to: /home/wsl-ubuntu/learm_ws/build/urdf_example
[1.045s] Invoked command in '/home/wsl-ubuntu/learm_ws/build/urdf_example' returned '0': CMAKE_PREFIX_PATH=/opt/ros/humble /usr/bin/cmake /home/wsl-ubuntu/learm_ws/src/urdf_example -DCMAKE_INSTALL_PREFIX=/home/wsl-ubuntu/learm_ws/install/urdf_example
[1.047s] Invoking command in '/home/wsl-ubuntu/learm_ws/build/urdf_example': CMAKE_PREFIX_PATH=/opt/ros/humble /usr/bin/cmake --build /home/wsl-ubuntu/learm_ws/build/urdf_example -- -j12 -l12
[1.060s] Invoked command in '/home/wsl-ubuntu/learm_ws/build/urdf_example' returned '0': CMAKE_PREFIX_PATH=/opt/ros/humble /usr/bin/cmake --build /home/wsl-ubuntu/learm_ws/build/urdf_example -- -j12 -l12
[1.073s] Invoking command in '/home/wsl-ubuntu/learm_ws/build/urdf_example': CMAKE_PREFIX_PATH=/opt/ros/humble /usr/bin/cmake --install /home/wsl-ubuntu/learm_ws/build/urdf_example
[1.076s] -- Install configuration: ""
[1.076s] -- Installing: /home/wsl-ubuntu/learm_ws/install/urdf_example/share/urdf_example/description
[1.076s] -- Installing: /home/wsl-ubuntu/learm_ws/install/urdf_example/share/urdf_example/description/example_include.xacro
[1.076s] -- Installing: /home/wsl-ubuntu/learm_ws/install/urdf_example/share/urdf_example/description/example_robot.urdf.xacro
[1.077s] -- Installing: /home/wsl-ubuntu/learm_ws/install/urdf_example/share/urdf_example/description/example_gazebo.xacro
[1.077s] -- Installing: /home/wsl-ubuntu/learm_ws/install/urdf_example/share/urdf_example/launch
[1.077s] -- Installing: /home/wsl-ubuntu/learm_ws/install/urdf_example/share/urdf_example/launch/rsp.launch.py
[1.077s] -- Installing: /home/wsl-ubuntu/learm_ws/install/urdf_example/share/urdf_example/launch/rsp_sim.launch.py
[1.077s] -- Installing: /home/wsl-ubuntu/learm_ws/install/urdf_example/share/urdf_example/worlds
[1.077s] -- Installing: /home/wsl-ubuntu/learm_ws/install/urdf_example/share/urdf_example/worlds/test_world.world
[1.077s] -- Installing: /home/wsl-ubuntu/learm_ws/install/urdf_example/share/ament_index/resource_index/package_run_dependencies/urdf_example
[1.077s] -- Installing: /home/wsl-ubuntu/learm_ws/install/urdf_example/share/ament_index/resource_index/parent_prefix_path/urdf_example
[1.077s] -- Installing: /home/wsl-ubuntu/learm_ws/install/urdf_example/share/urdf_example/environment/ament_prefix_path.sh
[1.077s] -- Installing: /home/wsl-ubuntu/learm_ws/install/urdf_example/share/urdf_example/environment/ament_prefix_path.dsv
[1.078s] -- Installing: /home/wsl-ubuntu/learm_ws/install/urdf_example/share/urdf_example/environment/path.sh
[1.078s] -- Installing: /home/wsl-ubuntu/learm_ws/install/urdf_example/share/urdf_example/environment/path.dsv
[1.078s] -- Installing: /home/wsl-ubuntu/learm_ws/install/urdf_example/share/urdf_example/local_setup.bash
[1.078s] -- Installing: /home/wsl-ubuntu/learm_ws/install/urdf_example/share/urdf_example/local_setup.sh
[1.078s] -- Installing: /home/wsl-ubuntu/learm_ws/install/urdf_example/share/urdf_example/local_setup.zsh
[1.078s] -- Installing: /home/wsl-ubuntu/learm_ws/install/urdf_example/share/urdf_example/local_setup.dsv
[1.078s] -- Installing: /home/wsl-ubuntu/learm_ws/install/urdf_example/share/urdf_example/package.dsv
[1.078s] -- Installing: /home/wsl-ubuntu/learm_ws/install/urdf_example/share/ament_index/resource_index/packages/urdf_example
[1.078s] -- Installing: /home/wsl-ubuntu/learm_ws/install/urdf_example/share/urdf_example/cmake/urdf_exampleConfig.cmake
[1.079s] -- Installing: /home/wsl-ubuntu/learm_ws/install/urdf_example/share/urdf_example/cmake/urdf_exampleConfig-version.cmake
[1.079s] -- Installing: /home/wsl-ubuntu/learm_ws/install/urdf_example/share/urdf_example/package.xml
[1.079s] Invoked command in '/home/wsl-ubuntu/learm_ws/build/urdf_example' returned '0': CMAKE_PREFIX_PATH=/opt/ros/humble /usr/bin/cmake --install /home/wsl-ubuntu/learm_ws/build/urdf_example
