[0.438s] Invoking command in '/home/wsl-ubuntu/learm_ws/src/learm_ros2': PYTHONPATH=/home/wsl-ubuntu/learm_ws/build/learm_ros2/prefix_override:/home/wsl-ubuntu/learm_ws/install/learm_ros2/lib/python3.10/site-packages:${PYTHONPATH} /usr/bin/python3 setup.py egg_info --egg-base ../../build/learm_ros2 build --build-base /home/wsl-ubuntu/learm_ws/build/learm_ros2/build install --record /home/wsl-ubuntu/learm_ws/build/learm_ros2/install.log --single-version-externally-managed
[0.538s] running egg_info
[0.538s] creating ../../build/learm_ros2/learm_ros2.egg-info
[0.544s] writing ../../build/learm_ros2/learm_ros2.egg-info/PKG-INFO
[0.544s] writing dependency_links to ../../build/learm_ros2/learm_ros2.egg-info/dependency_links.txt
[0.544s] writing entry points to ../../build/learm_ros2/learm_ros2.egg-info/entry_points.txt
[0.544s] writing requirements to ../../build/learm_ros2/learm_ros2.egg-info/requires.txt
[0.544s] writing top-level names to ../../build/learm_ros2/learm_ros2.egg-info/top_level.txt
[0.544s] writing manifest file '../../build/learm_ros2/learm_ros2.egg-info/SOURCES.txt'
[0.556s] reading manifest file '../../build/learm_ros2/learm_ros2.egg-info/SOURCES.txt'
[0.557s] writing manifest file '../../build/learm_ros2/learm_ros2.egg-info/SOURCES.txt'
[0.557s] running build
[0.557s] running build_py
[0.557s] creating /home/wsl-ubuntu/learm_ws/build/learm_ros2/build
[0.557s] creating /home/wsl-ubuntu/learm_ws/build/learm_ros2/build/lib
[0.557s] creating /home/wsl-ubuntu/learm_ws/build/learm_ros2/build/lib/learm_ros2
[0.558s] copying learm_ros2/__init__.py -> /home/wsl-ubuntu/learm_ws/build/learm_ros2/build/lib/learm_ros2
[0.558s] copying learm_ros2/follower.py -> /home/wsl-ubuntu/learm_ws/build/learm_ros2/build/lib/learm_ros2
[0.558s] running install
[0.558s] /home/wsl-ubuntu/.local/lib/python3.10/site-packages/setuptools/_distutils/cmd.py:66: SetuptoolsDeprecationWarning: setup.py install is deprecated.
[0.558s] !!
[0.559s] 
[0.559s]         ********************************************************************************
[0.559s]         Please avoid running ``setup.py`` directly.
[0.559s]         Instead, use pypa/build, pypa/installer or other
[0.559s]         standards-based tools.
[0.559s] 
[0.559s]         See https://blog.ganssle.io/articles/2021/10/setup-py-deprecated.html for details.
[0.559s]         ********************************************************************************
[0.559s] 
[0.560s] !!
[0.560s]   self.initialize_options()
[0.561s] running install_lib
[0.569s] creating /home/wsl-ubuntu/learm_ws/install/learm_ros2/lib/python3.10/site-packages/learm_ros2
[0.569s] copying /home/wsl-ubuntu/learm_ws/build/learm_ros2/build/lib/learm_ros2/__init__.py -> /home/wsl-ubuntu/learm_ws/install/learm_ros2/lib/python3.10/site-packages/learm_ros2
[0.569s] copying /home/wsl-ubuntu/learm_ws/build/learm_ros2/build/lib/learm_ros2/follower.py -> /home/wsl-ubuntu/learm_ws/install/learm_ros2/lib/python3.10/site-packages/learm_ros2
[0.570s] byte-compiling /home/wsl-ubuntu/learm_ws/install/learm_ros2/lib/python3.10/site-packages/learm_ros2/__init__.py to __init__.cpython-310.pyc
[0.570s] byte-compiling /home/wsl-ubuntu/learm_ws/install/learm_ros2/lib/python3.10/site-packages/learm_ros2/follower.py to follower.cpython-310.pyc
[0.570s] running install_data
[0.577s] creating /home/wsl-ubuntu/learm_ws/install/learm_ros2/share/ament_index
[0.577s] creating /home/wsl-ubuntu/learm_ws/install/learm_ros2/share/ament_index/resource_index
[0.577s] creating /home/wsl-ubuntu/learm_ws/install/learm_ros2/share/ament_index/resource_index/packages
[0.577s] copying resource/learm_ros2 -> /home/wsl-ubuntu/learm_ws/install/learm_ros2/share/ament_index/resource_index/packages
[0.578s] copying package.xml -> /home/wsl-ubuntu/learm_ws/install/learm_ros2/share/learm_ros2
[0.578s] creating /home/wsl-ubuntu/learm_ws/install/learm_ros2/share/learm_ros2/launch
[0.578s] copying launch/run.launch.py -> /home/wsl-ubuntu/learm_ws/install/learm_ros2/share/learm_ros2/launch
[0.578s] copying launch/learm_moveit_mode1.launch.py -> /home/wsl-ubuntu/learm_ws/install/learm_ros2/share/learm_ros2/launch
[0.578s] copying launch/follower.launch.py -> /home/wsl-ubuntu/learm_ws/install/learm_ros2/share/learm_ros2/launch
[0.578s] copying launch/learm_moveit.launch.py -> /home/wsl-ubuntu/learm_ws/install/learm_ros2/share/learm_ros2/launch
[0.578s] running install_egg_info
[0.585s] Copying ../../build/learm_ros2/learm_ros2.egg-info to /home/wsl-ubuntu/learm_ws/install/learm_ros2/lib/python3.10/site-packages/learm_ros2-0.0.0-py3.10.egg-info
[0.585s] running install_scripts
[0.641s] Installing follower script to /home/wsl-ubuntu/learm_ws/install/learm_ros2/lib/learm_ros2
[0.641s] writing list of installed files to '/home/wsl-ubuntu/learm_ws/build/learm_ros2/install.log'
[0.656s] Invoked command in '/home/wsl-ubuntu/learm_ws/src/learm_ros2' returned '0': PYTHONPATH=/home/wsl-ubuntu/learm_ws/build/learm_ros2/prefix_override:/home/wsl-ubuntu/learm_ws/install/learm_ros2/lib/python3.10/site-packages:${PYTHONPATH} /usr/bin/python3 setup.py egg_info --egg-base ../../build/learm_ros2 build --build-base /home/wsl-ubuntu/learm_ws/build/learm_ros2/build install --record /home/wsl-ubuntu/learm_ws/build/learm_ros2/install.log --single-version-externally-managed
