[0.154s] Invoking command in '/home/wsl-ubuntu/learm_ws/build/learm_ros2_description': CMAKE_PREFIX_PATH=${CMAKE_PREFIX_PATH}:/opt/ros/humble /usr/bin/cmake /home/wsl-ubuntu/learm_ws/src/learm_ros2_description -DCMAKE_INSTALL_PREFIX=/home/wsl-ubuntu/learm_ws/install/learm_ros2_description
[0.199s] -- The C compiler identification is GNU 11.4.0
[0.374s] -- The CXX compiler identification is GNU 11.4.0
[0.502s] -- Detecting C compiler ABI info
[0.559s] -- Detecting C compiler ABI info - done
[0.563s] -- Check for working C compiler: /usr/bin/cc - skipped
[0.563s] -- Detecting C compile features
[0.563s] -- Detecting C compile features - done
[0.564s] -- Detecting CXX compiler ABI info
[0.620s] -- Detecting CXX compiler ABI info - done
[0.623s] -- Check for working CXX compiler: /usr/bin/c++ - skipped
[0.624s] -- Detecting CXX compile features
[0.624s] -- Detecting CXX compile features - done
[0.625s] -- Found ament_cmake: 1.3.5 (/opt/ros/humble/share/ament_cmake/cmake)
[0.793s] -- Found Python3: /usr/bin/python3.10 (found version "3.10.12") found components: Interpreter 
[0.870s] -- Configuring done
[0.872s] -- Generating done
[0.873s] -- Build files have been written to: /home/wsl-ubuntu/learm_ws/build/learm_ros2_description
[0.874s] Invoked command in '/home/wsl-ubuntu/learm_ws/build/learm_ros2_description' returned '0': CMAKE_PREFIX_PATH=${CMAKE_PREFIX_PATH}:/opt/ros/humble /usr/bin/cmake /home/wsl-ubuntu/learm_ws/src/learm_ros2_description -DCMAKE_INSTALL_PREFIX=/home/wsl-ubuntu/learm_ws/install/learm_ros2_description
[0.875s] Invoking command in '/home/wsl-ubuntu/learm_ws/build/learm_ros2_description': CMAKE_PREFIX_PATH=${CMAKE_PREFIX_PATH}:/opt/ros/humble /usr/bin/cmake --build /home/wsl-ubuntu/learm_ws/build/learm_ros2_description -- -j12 -l12
[0.892s] Invoked command in '/home/wsl-ubuntu/learm_ws/build/learm_ros2_description' returned '0': CMAKE_PREFIX_PATH=${CMAKE_PREFIX_PATH}:/opt/ros/humble /usr/bin/cmake --build /home/wsl-ubuntu/learm_ws/build/learm_ros2_description -- -j12 -l12
[0.907s] Invoking command in '/home/wsl-ubuntu/learm_ws/build/learm_ros2_description': CMAKE_PREFIX_PATH=${CMAKE_PREFIX_PATH}:/opt/ros/humble /usr/bin/cmake --install /home/wsl-ubuntu/learm_ws/build/learm_ros2_description
[0.911s] -- Install configuration: ""
[0.911s] -- Installing: /home/wsl-ubuntu/learm_ws/install/learm_ros2_description/share/learm_ros2_description/config
[0.911s] -- Installing: /home/wsl-ubuntu/learm_ws/install/learm_ros2_description/share/learm_ros2_description/config/controllers.yaml
[0.911s] -- Installing: /home/wsl-ubuntu/learm_ws/install/learm_ros2_description/share/learm_ros2_description/config/kinematics.yaml
[0.911s] -- Installing: /home/wsl-ubuntu/learm_ws/install/learm_ros2_description/share/learm_ros2_description/config/learm_servo.yaml
[0.911s] -- Installing: /home/wsl-ubuntu/learm_ws/install/learm_ros2_description/share/learm_ros2_description/config/joint_limits.yaml
[0.911s] -- Installing: /home/wsl-ubuntu/learm_ws/install/learm_ros2_description/share/learm_ros2_description/config/ros_controllers.yaml
[0.911s] -- Installing: /home/wsl-ubuntu/learm_ws/install/learm_ros2_description/share/learm_ros2_description/config/fake_controllers.yaml
[0.911s] -- Installing: /home/wsl-ubuntu/learm_ws/install/learm_ros2_description/share/learm_ros2_description/config/ompl_planning.yaml
[0.912s] -- Installing: /home/wsl-ubuntu/learm_ws/install/learm_ros2_description/share/learm_ros2_description/meshes
[0.912s] -- Installing: /home/wsl-ubuntu/learm_ws/install/learm_ros2_description/share/learm_ros2_description/meshes/carpal-right.stl
[0.912s] -- Installing: /home/wsl-ubuntu/learm_ws/install/learm_ros2_description/share/learm_ros2_description/meshes/hand.stl
[0.916s] -- Installing: /home/wsl-ubuntu/learm_ws/install/learm_ros2_description/share/learm_ros2_description/meshes/tendon.stl
[0.916s] -- Installing: /home/wsl-ubuntu/learm_ws/install/learm_ros2_description/share/learm_ros2_description/meshes/carpal-left.stl
[0.917s] -- Installing: /home/wsl-ubuntu/learm_ws/install/learm_ros2_description/share/learm_ros2_description/meshes/finger.stl
[0.917s] -- Installing: /home/wsl-ubuntu/learm_ws/install/learm_ros2_description/share/learm_ros2_description/meshes/forearm.stl
[0.918s] -- Installing: /home/wsl-ubuntu/learm_ws/install/learm_ros2_description/share/learm_ros2_description/meshes/README.md
[0.918s] -- Installing: /home/wsl-ubuntu/learm_ws/install/learm_ros2_description/share/learm_ros2_description/meshes/base.stl
[0.922s] -- Installing: /home/wsl-ubuntu/learm_ws/install/learm_ros2_description/share/learm_ros2_description/meshes/shoulder.stl
[0.923s] -- Installing: /home/wsl-ubuntu/learm_ws/install/learm_ros2_description/share/learm_ros2_description/meshes/wrist.stl
[0.926s] -- Installing: /home/wsl-ubuntu/learm_ws/install/learm_ros2_description/share/learm_ros2_description/meshes/humerus.stl
[0.929s] -- Installing: /home/wsl-ubuntu/learm_ws/install/learm_ros2_description/share/learm_ros2_description/rviz
[0.929s] -- Installing: /home/wsl-ubuntu/learm_ws/install/learm_ros2_description/share/learm_ros2_description/rviz/view_robot.rviz
[0.931s] -- Installing: /home/wsl-ubuntu/learm_ws/install/learm_ros2_description/share/learm_ros2_description/rviz/learm.rviz
[0.932s] -- Installing: /home/wsl-ubuntu/learm_ws/install/learm_ros2_description/share/learm_ros2_description/srdf
[0.932s] -- Installing: /home/wsl-ubuntu/learm_ws/install/learm_ros2_description/share/learm_ros2_description/srdf/learm.srdf.xacro
[0.933s] -- Installing: /home/wsl-ubuntu/learm_ws/install/learm_ros2_description/share/learm_ros2_description/srdf/learm.srdf
[0.933s] -- Installing: /home/wsl-ubuntu/learm_ws/install/learm_ros2_description/share/learm_ros2_description/urdf
[0.934s] -- Installing: /home/wsl-ubuntu/learm_ws/install/learm_ros2_description/share/learm_ros2_description/urdf/learm.urdf.xacro
[0.934s] -- Installing: /home/wsl-ubuntu/learm_ws/install/learm_ros2_description/share/learm_ros2_description/urdf/learm.urdf
[0.934s] -- Installing: /home/wsl-ubuntu/learm_ws/install/learm_ros2_description/share/ament_index/resource_index/package_run_dependencies/learm_ros2_description
[0.935s] -- Installing: /home/wsl-ubuntu/learm_ws/install/learm_ros2_description/share/ament_index/resource_index/parent_prefix_path/learm_ros2_description
[0.935s] -- Installing: /home/wsl-ubuntu/learm_ws/install/learm_ros2_description/share/learm_ros2_description/environment/ament_prefix_path.sh
[0.935s] -- Installing: /home/wsl-ubuntu/learm_ws/install/learm_ros2_description/share/learm_ros2_description/environment/ament_prefix_path.dsv
[0.935s] -- Installing: /home/wsl-ubuntu/learm_ws/install/learm_ros2_description/share/learm_ros2_description/environment/path.sh
[0.935s] -- Installing: /home/wsl-ubuntu/learm_ws/install/learm_ros2_description/share/learm_ros2_description/environment/path.dsv
[0.935s] -- Installing: /home/wsl-ubuntu/learm_ws/install/learm_ros2_description/share/learm_ros2_description/local_setup.bash
[0.935s] -- Installing: /home/wsl-ubuntu/learm_ws/install/learm_ros2_description/share/learm_ros2_description/local_setup.sh
[0.935s] -- Installing: /home/wsl-ubuntu/learm_ws/install/learm_ros2_description/share/learm_ros2_description/local_setup.zsh
[0.935s] -- Installing: /home/wsl-ubuntu/learm_ws/install/learm_ros2_description/share/learm_ros2_description/local_setup.dsv
[0.936s] -- Installing: /home/wsl-ubuntu/learm_ws/install/learm_ros2_description/share/learm_ros2_description/package.dsv
[0.936s] -- Installing: /home/wsl-ubuntu/learm_ws/install/learm_ros2_description/share/ament_index/resource_index/packages/learm_ros2_description
[0.936s] -- Installing: /home/wsl-ubuntu/learm_ws/install/learm_ros2_description/share/learm_ros2_description/cmake/learm_ros2_descriptionConfig.cmake
[0.936s] -- Installing: /home/wsl-ubuntu/learm_ws/install/learm_ros2_description/share/learm_ros2_description/cmake/learm_ros2_descriptionConfig-version.cmake
[0.936s] -- Installing: /home/wsl-ubuntu/learm_ws/install/learm_ros2_description/share/learm_ros2_description/package.xml
[0.948s] Invoked command in '/home/wsl-ubuntu/learm_ws/build/learm_ros2_description' returned '0': CMAKE_PREFIX_PATH=${CMAKE_PREFIX_PATH}:/opt/ros/humble /usr/bin/cmake --install /home/wsl-ubuntu/learm_ws/build/learm_ros2_description
