-- Install configuration: ""
-- Up-to-date: /home/lk/learm_ws/install/learm_ros2_description/share/learm_ros2_description/config
-- Up-to-date: /home/lk/learm_ws/install/learm_ros2_description/share/learm_ros2_description/config/learm_servo.yaml
-- Up-to-date: /home/lk/learm_ws/install/learm_ros2_description/share/learm_ros2_description/config/fake_controllers.yaml
-- Up-to-date: /home/lk/learm_ws/install/learm_ros2_description/share/learm_ros2_description/config/ros_controllers.yaml
-- Up-to-date: /home/lk/learm_ws/install/learm_ros2_description/share/learm_ros2_description/config/controllers.yaml
-- Up-to-date: /home/lk/learm_ws/install/learm_ros2_description/share/learm_ros2_description/config/ompl_planning.yaml
-- Up-to-date: /home/lk/learm_ws/install/learm_ros2_description/share/learm_ros2_description/config/kinematics.yaml
-- Up-to-date: /home/lk/learm_ws/install/learm_ros2_description/share/learm_ros2_description/config/joint_limits.yaml
-- Up-to-date: /home/lk/learm_ws/install/learm_ros2_description/share/learm_ros2_description/meshes
-- Up-to-date: /home/lk/learm_ws/install/learm_ros2_description/share/learm_ros2_description/meshes/hand.stl
-- Up-to-date: /home/lk/learm_ws/install/learm_ros2_description/share/learm_ros2_description/meshes/tendon.stl
-- Up-to-date: /home/lk/learm_ws/install/learm_ros2_description/share/learm_ros2_description/meshes/base.stl
-- Up-to-date: /home/lk/learm_ws/install/learm_ros2_description/share/learm_ros2_description/meshes/shoulder.stl
-- Up-to-date: /home/lk/learm_ws/install/learm_ros2_description/share/learm_ros2_description/meshes/README.md
-- Up-to-date: /home/lk/learm_ws/install/learm_ros2_description/share/learm_ros2_description/meshes/finger.stl
-- Up-to-date: /home/lk/learm_ws/install/learm_ros2_description/share/learm_ros2_description/meshes/wrist.stl
-- Up-to-date: /home/lk/learm_ws/install/learm_ros2_description/share/learm_ros2_description/meshes/humerus.stl
-- Up-to-date: /home/lk/learm_ws/install/learm_ros2_description/share/learm_ros2_description/meshes/forearm.stl
-- Up-to-date: /home/lk/learm_ws/install/learm_ros2_description/share/learm_ros2_description/meshes/carpal-left.stl
-- Up-to-date: /home/lk/learm_ws/install/learm_ros2_description/share/learm_ros2_description/meshes/carpal-right.stl
-- Up-to-date: /home/lk/learm_ws/install/learm_ros2_description/share/learm_ros2_description/rviz
-- Up-to-date: /home/lk/learm_ws/install/learm_ros2_description/share/learm_ros2_description/rviz/view_robot.rviz
-- Up-to-date: /home/lk/learm_ws/install/learm_ros2_description/share/learm_ros2_description/rviz/learm.rviz
-- Up-to-date: /home/lk/learm_ws/install/learm_ros2_description/share/learm_ros2_description/srdf
-- Up-to-date: /home/lk/learm_ws/install/learm_ros2_description/share/learm_ros2_description/srdf/learm.srdf
-- Up-to-date: /home/lk/learm_ws/install/learm_ros2_description/share/learm_ros2_description/srdf/learm.srdf.xacro
-- Up-to-date: /home/lk/learm_ws/install/learm_ros2_description/share/learm_ros2_description/urdf
-- Installing: /home/lk/learm_ws/install/learm_ros2_description/share/learm_ros2_description/urdf/learm.urdf.xacro
-- Installing: /home/lk/learm_ws/install/learm_ros2_description/share/learm_ros2_description/urdf/learm.urdf
-- Up-to-date: /home/lk/learm_ws/install/learm_ros2_description/share/ament_index/resource_index/package_run_dependencies/learm_ros2_description
-- Up-to-date: /home/lk/learm_ws/install/learm_ros2_description/share/ament_index/resource_index/parent_prefix_path/learm_ros2_description
-- Up-to-date: /home/lk/learm_ws/install/learm_ros2_description/share/learm_ros2_description/environment/ament_prefix_path.sh
-- Up-to-date: /home/lk/learm_ws/install/learm_ros2_description/share/learm_ros2_description/environment/ament_prefix_path.dsv
-- Up-to-date: /home/lk/learm_ws/install/learm_ros2_description/share/learm_ros2_description/environment/path.sh
-- Up-to-date: /home/lk/learm_ws/install/learm_ros2_description/share/learm_ros2_description/environment/path.dsv
-- Up-to-date: /home/lk/learm_ws/install/learm_ros2_description/share/learm_ros2_description/local_setup.bash
-- Up-to-date: /home/lk/learm_ws/install/learm_ros2_description/share/learm_ros2_description/local_setup.sh
-- Up-to-date: /home/lk/learm_ws/install/learm_ros2_description/share/learm_ros2_description/local_setup.zsh
-- Up-to-date: /home/lk/learm_ws/install/learm_ros2_description/share/learm_ros2_description/local_setup.dsv
-- Installing: /home/lk/learm_ws/install/learm_ros2_description/share/learm_ros2_description/package.dsv
-- Up-to-date: /home/lk/learm_ws/install/learm_ros2_description/share/ament_index/resource_index/packages/learm_ros2_description
-- Up-to-date: /home/lk/learm_ws/install/learm_ros2_description/share/learm_ros2_description/cmake/learm_ros2_descriptionConfig.cmake
-- Up-to-date: /home/lk/learm_ws/install/learm_ros2_description/share/learm_ros2_description/cmake/learm_ros2_descriptionConfig-version.cmake
-- Up-to-date: /home/lk/learm_ws/install/learm_ros2_description/share/learm_ros2_description/package.xml
