[0.627s] Invoking command in '/home/lk/learm_ws/build/learm_ros2_description': CMAKE_PREFIX_PATH=${CMAKE_PREFIX_PATH}:/home/lk/learm_ws/install/learm_ros2_moveit_config:/home/lk/learm_ws/install/learm_ros2:/opt/ros/humble /usr/bin/cmake --build /home/lk/learm_ws/build/learm_ros2_description -- -j12 -l12
[0.661s] Invoked command in '/home/lk/learm_ws/build/learm_ros2_description' returned '0': CMAKE_PREFIX_PATH=${CMAKE_PREFIX_PATH}:/home/lk/learm_ws/install/learm_ros2_moveit_config:/home/lk/learm_ws/install/learm_ros2:/opt/ros/humble /usr/bin/cmake --build /home/lk/learm_ws/build/learm_ros2_description -- -j12 -l12
[0.688s] Invoking command in '/home/lk/learm_ws/build/learm_ros2_description': CMAKE_PREFIX_PATH=${CMAKE_PREFIX_PATH}:/home/lk/learm_ws/install/learm_ros2_moveit_config:/home/lk/learm_ws/install/learm_ros2:/opt/ros/humble /usr/bin/cmake --install /home/lk/learm_ws/build/learm_ros2_description
[0.695s] -- Install configuration: ""
[0.695s] -- Up-to-date: /home/lk/learm_ws/install/learm_ros2_description/share/learm_ros2_description/config
[0.695s] -- Up-to-date: /home/lk/learm_ws/install/learm_ros2_description/share/learm_ros2_description/config/learm_servo.yaml
[0.695s] -- Up-to-date: /home/lk/learm_ws/install/learm_ros2_description/share/learm_ros2_description/config/fake_controllers.yaml
[0.695s] -- Up-to-date: /home/lk/learm_ws/install/learm_ros2_description/share/learm_ros2_description/config/ros_controllers.yaml
[0.696s] -- Up-to-date: /home/lk/learm_ws/install/learm_ros2_description/share/learm_ros2_description/config/controllers.yaml
[0.696s] -- Up-to-date: /home/lk/learm_ws/install/learm_ros2_description/share/learm_ros2_description/config/ompl_planning.yaml
[0.696s] -- Up-to-date: /home/lk/learm_ws/install/learm_ros2_description/share/learm_ros2_description/config/kinematics.yaml
[0.696s] -- Up-to-date: /home/lk/learm_ws/install/learm_ros2_description/share/learm_ros2_description/config/joint_limits.yaml
[0.696s] -- Up-to-date: /home/lk/learm_ws/install/learm_ros2_description/share/learm_ros2_description/meshes
[0.696s] -- Up-to-date: /home/lk/learm_ws/install/learm_ros2_description/share/learm_ros2_description/meshes/hand.stl
[0.696s] -- Up-to-date: /home/lk/learm_ws/install/learm_ros2_description/share/learm_ros2_description/meshes/tendon.stl
[0.696s] -- Up-to-date: /home/lk/learm_ws/install/learm_ros2_description/share/learm_ros2_description/meshes/base.stl
[0.697s] -- Up-to-date: /home/lk/learm_ws/install/learm_ros2_description/share/learm_ros2_description/meshes/shoulder.stl
[0.697s] -- Up-to-date: /home/lk/learm_ws/install/learm_ros2_description/share/learm_ros2_description/meshes/README.md
[0.697s] -- Up-to-date: /home/lk/learm_ws/install/learm_ros2_description/share/learm_ros2_description/meshes/finger.stl
[0.697s] -- Up-to-date: /home/lk/learm_ws/install/learm_ros2_description/share/learm_ros2_description/meshes/wrist.stl
[0.697s] -- Up-to-date: /home/lk/learm_ws/install/learm_ros2_description/share/learm_ros2_description/meshes/humerus.stl
[0.698s] -- Up-to-date: /home/lk/learm_ws/install/learm_ros2_description/share/learm_ros2_description/meshes/forearm.stl
[0.698s] -- Up-to-date: /home/lk/learm_ws/install/learm_ros2_description/share/learm_ros2_description/meshes/carpal-left.stl
[0.699s] -- Up-to-date: /home/lk/learm_ws/install/learm_ros2_description/share/learm_ros2_description/meshes/carpal-right.stl
[0.699s] -- Up-to-date: /home/lk/learm_ws/install/learm_ros2_description/share/learm_ros2_description/rviz
[0.699s] -- Up-to-date: /home/lk/learm_ws/install/learm_ros2_description/share/learm_ros2_description/rviz/view_robot.rviz
[0.699s] -- Up-to-date: /home/lk/learm_ws/install/learm_ros2_description/share/learm_ros2_description/rviz/learm.rviz
[0.699s] -- Up-to-date: /home/lk/learm_ws/install/learm_ros2_description/share/learm_ros2_description/srdf
[0.700s] -- Up-to-date: /home/lk/learm_ws/install/learm_ros2_description/share/learm_ros2_description/srdf/learm.srdf
[0.700s] -- Up-to-date: /home/lk/learm_ws/install/learm_ros2_description/share/learm_ros2_description/srdf/learm.srdf.xacro
[0.700s] -- Up-to-date: /home/lk/learm_ws/install/learm_ros2_description/share/learm_ros2_description/urdf
[0.700s] -- Installing: /home/lk/learm_ws/install/learm_ros2_description/share/learm_ros2_description/urdf/learm.urdf.xacro
[0.701s] -- Installing: /home/lk/learm_ws/install/learm_ros2_description/share/learm_ros2_description/urdf/learm.urdf
[0.701s] -- Up-to-date: /home/lk/learm_ws/install/learm_ros2_description/share/ament_index/resource_index/package_run_dependencies/learm_ros2_description
[0.701s] -- Up-to-date: /home/lk/learm_ws/install/learm_ros2_description/share/ament_index/resource_index/parent_prefix_path/learm_ros2_description
[0.701s] -- Up-to-date: /home/lk/learm_ws/install/learm_ros2_description/share/learm_ros2_description/environment/ament_prefix_path.sh
[0.701s] -- Up-to-date: /home/lk/learm_ws/install/learm_ros2_description/share/learm_ros2_description/environment/ament_prefix_path.dsv
[0.702s] -- Up-to-date: /home/lk/learm_ws/install/learm_ros2_description/share/learm_ros2_description/environment/path.sh
[0.702s] -- Up-to-date: /home/lk/learm_ws/install/learm_ros2_description/share/learm_ros2_description/environment/path.dsv
[0.702s] -- Up-to-date: /home/lk/learm_ws/install/learm_ros2_description/share/learm_ros2_description/local_setup.bash
[0.702s] -- Up-to-date: /home/lk/learm_ws/install/learm_ros2_description/share/learm_ros2_description/local_setup.sh
[0.703s] -- Up-to-date: /home/lk/learm_ws/install/learm_ros2_description/share/learm_ros2_description/local_setup.zsh
[0.703s] -- Up-to-date: /home/lk/learm_ws/install/learm_ros2_description/share/learm_ros2_description/local_setup.dsv
[0.703s] -- Installing: /home/lk/learm_ws/install/learm_ros2_description/share/learm_ros2_description/package.dsv
[0.703s] -- Up-to-date: /home/lk/learm_ws/install/learm_ros2_description/share/ament_index/resource_index/packages/learm_ros2_description
[0.704s] -- Up-to-date: /home/lk/learm_ws/install/learm_ros2_description/share/learm_ros2_description/cmake/learm_ros2_descriptionConfig.cmake
[0.704s] -- Up-to-date: /home/lk/learm_ws/install/learm_ros2_description/share/learm_ros2_description/cmake/learm_ros2_descriptionConfig-version.cmake
[0.704s] -- Up-to-date: /home/lk/learm_ws/install/learm_ros2_description/share/learm_ros2_description/package.xml
[0.711s] Invoked command in '/home/lk/learm_ws/build/learm_ros2_description' returned '0': CMAKE_PREFIX_PATH=${CMAKE_PREFIX_PATH}:/home/lk/learm_ws/install/learm_ros2_moveit_config:/home/lk/learm_ws/install/learm_ros2:/opt/ros/humble /usr/bin/cmake --install /home/lk/learm_ws/build/learm_ros2_description
