running egg_info
creating ../../build/learm_ros2/learm_ros2.egg-info
writing ../../build/learm_ros2/learm_ros2.egg-info/PKG-INFO
writing dependency_links to ../../build/learm_ros2/learm_ros2.egg-info/dependency_links.txt
writing entry points to ../../build/learm_ros2/learm_ros2.egg-info/entry_points.txt
writing requirements to ../../build/learm_ros2/learm_ros2.egg-info/requires.txt
writing top-level names to ../../build/learm_ros2/learm_ros2.egg-info/top_level.txt
writing manifest file '../../build/learm_ros2/learm_ros2.egg-info/SOURCES.txt'
reading manifest file '../../build/learm_ros2/learm_ros2.egg-info/SOURCES.txt'
writing manifest file '../../build/learm_ros2/learm_ros2.egg-info/SOURCES.txt'
running build
running build_py
creating /home/lk/learm_ws/build/learm_ros2/build
creating /home/lk/learm_ws/build/learm_ros2/build/lib
creating /home/lk/learm_ws/build/learm_ros2/build/lib/learm_ros2
copying learm_ros2/__init__.py -> /home/lk/learm_ws/build/learm_ros2/build/lib/learm_ros2
copying learm_ros2/follower.py -> /home/lk/learm_ws/build/learm_ros2/build/lib/learm_ros2
running install
running install_lib
creating /home/lk/learm_ws/install/learm_ros2/lib/python3.10/site-packages/learm_ros2
copying /home/lk/learm_ws/build/learm_ros2/build/lib/learm_ros2/__init__.py -> /home/lk/learm_ws/install/learm_ros2/lib/python3.10/site-packages/learm_ros2
copying /home/lk/learm_ws/build/learm_ros2/build/lib/learm_ros2/follower.py -> /home/lk/learm_ws/install/learm_ros2/lib/python3.10/site-packages/learm_ros2
byte-compiling /home/lk/learm_ws/install/learm_ros2/lib/python3.10/site-packages/learm_ros2/__init__.py to __init__.cpython-310.pyc
byte-compiling /home/lk/learm_ws/install/learm_ros2/lib/python3.10/site-packages/learm_ros2/follower.py to follower.cpython-310.pyc
running install_data
creating /home/lk/learm_ws/install/learm_ros2/share/ament_index
creating /home/lk/learm_ws/install/learm_ros2/share/ament_index/resource_index
creating /home/lk/learm_ws/install/learm_ros2/share/ament_index/resource_index/packages
copying resource/learm_ros2 -> /home/lk/learm_ws/install/learm_ros2/share/ament_index/resource_index/packages
copying package.xml -> /home/lk/learm_ws/install/learm_ros2/share/learm_ros2
creating /home/lk/learm_ws/install/learm_ros2/share/learm_ros2/launch
copying launch/learm_moveit.launch.py -> /home/lk/learm_ws/install/learm_ros2/share/learm_ros2/launch
copying launch/run.launch.py -> /home/lk/learm_ws/install/learm_ros2/share/learm_ros2/launch
copying launch/follower.launch.py -> /home/lk/learm_ws/install/learm_ros2/share/learm_ros2/launch
copying launch/learm_moveit_mode1.launch.py -> /home/lk/learm_ws/install/learm_ros2/share/learm_ros2/launch
running install_egg_info
Copying ../../build/learm_ros2/learm_ros2.egg-info to /home/lk/learm_ws/install/learm_ros2/lib/python3.10/site-packages/learm_ros2-0.0.0-py3.10.egg-info
running install_scripts
Installing follower script to /home/lk/learm_ws/install/learm_ros2/lib/learm_ros2
writing list of installed files to '/home/lk/learm_ws/build/learm_ros2/install.log'
