[0.804s] Invoking command in '/home/lk/learm_ws/src/learm_ros2': PYTHONPATH=/home/lk/learm_ws/build/learm_ros2/prefix_override:/home/lk/learm_ws/install/learm_ros2/lib/python3.10/site-packages:${PYTHONPATH} /usr/bin/python3 setup.py egg_info --egg-base ../../build/learm_ros2 build --build-base /home/lk/learm_ws/build/learm_ros2/build install --record /home/lk/learm_ws/build/learm_ros2/install.log --single-version-externally-managed
[0.999s] running egg_info
[1.000s] writing ../../build/learm_ros2/learm_ros2.egg-info/PKG-INFO
[1.000s] writing dependency_links to ../../build/learm_ros2/learm_ros2.egg-info/dependency_links.txt
[1.001s] writing entry points to ../../build/learm_ros2/learm_ros2.egg-info/entry_points.txt
[1.001s] writing requirements to ../../build/learm_ros2/learm_ros2.egg-info/requires.txt
[1.001s] writing top-level names to ../../build/learm_ros2/learm_ros2.egg-info/top_level.txt
[1.002s] reading manifest file '../../build/learm_ros2/learm_ros2.egg-info/SOURCES.txt'
[1.003s] writing manifest file '../../build/learm_ros2/learm_ros2.egg-info/SOURCES.txt'
[1.004s] running build
[1.004s] running build_py
[1.004s] running install
[1.005s] /usr/lib/python3/dist-packages/setuptools/command/install.py:34: SetuptoolsDeprecationWarning: setup.py install is deprecated. Use build and pip and other standards-based tools.
[1.005s]   warnings.warn(
[1.005s] running install_lib
[1.006s] running install_data
[1.007s] running install_egg_info
[1.008s] removing '/home/lk/learm_ws/install/learm_ros2/lib/python3.10/site-packages/learm_ros2-0.0.0-py3.10.egg-info' (and everything under it)
[1.008s] Copying ../../build/learm_ros2/learm_ros2.egg-info to /home/lk/learm_ws/install/learm_ros2/lib/python3.10/site-packages/learm_ros2-0.0.0-py3.10.egg-info
[1.009s] running install_scripts
[1.025s] Installing follower script to /home/lk/learm_ws/install/learm_ros2/lib/learm_ros2
[1.025s] writing list of installed files to '/home/lk/learm_ws/build/learm_ros2/install.log'
[1.044s] Invoked command in '/home/lk/learm_ws/src/learm_ros2' returned '0': PYTHONPATH=/home/lk/learm_ws/build/learm_ros2/prefix_override:/home/lk/learm_ws/install/learm_ros2/lib/python3.10/site-packages:${PYTHONPATH} /usr/bin/python3 setup.py egg_info --egg-base ../../build/learm_ros2 build --build-base /home/lk/learm_ws/build/learm_ros2/build install --record /home/lk/learm_ws/build/learm_ros2/install.log --single-version-externally-managed
