/home/wsl-ubuntu/learm_ws/install/learm_ros2_moveit_config/lib/python3.10/site-packages/learm_ros2_moveit_config/__init__.py
/home/wsl-ubuntu/learm_ws/install/learm_ros2_moveit_config/lib/python3.10/site-packages/learm_ros2_moveit_config/__pycache__/__init__.cpython-310.pyc
/home/wsl-ubuntu/learm_ws/install/learm_ros2_moveit_config/share/ament_index/resource_index/packages/learm_ros2_moveit_config
/home/wsl-ubuntu/learm_ws/install/learm_ros2_moveit_config/share/learm_ros2_moveit_config/package.xml
/home/wsl-ubuntu/learm_ws/install/learm_ros2_moveit_config/share/learm_ros2_moveit_config/launch/planning_context.launch
/home/wsl-ubuntu/learm_ws/install/learm_ros2_moveit_config/share/learm_ros2_moveit_config/launch/default_warehouse_db.launch
/home/wsl-ubuntu/learm_ws/install/learm_ros2_moveit_config/share/learm_ros2_moveit_config/launch/demo.launch
/home/wsl-ubuntu/learm_ws/install/learm_ros2_moveit_config/share/learm_ros2_moveit_config/launch/demo_gazebo.launch
/home/wsl-ubuntu/learm_ws/install/learm_ros2_moveit_config/share/learm_ros2_moveit_config/launch/warehouse_settings.launch.xml
/home/wsl-ubuntu/learm_ws/install/learm_ros2_moveit_config/share/learm_ros2_moveit_config/launch/run_benchmark_ompl.launch
/home/wsl-ubuntu/learm_ws/install/learm_ros2_moveit_config/share/learm_ros2_moveit_config/launch/LeArm_moveit_sensor_manager.launch.xml
/home/wsl-ubuntu/learm_ws/install/learm_ros2_moveit_config/share/learm_ros2_moveit_config/launch/ompl-chomp_planning_pipeline.launch.xml
/home/wsl-ubuntu/learm_ws/install/learm_ros2_moveit_config/share/learm_ros2_moveit_config/launch/setup_assistant.launch
/home/wsl-ubuntu/learm_ws/install/learm_ros2_moveit_config/share/learm_ros2_moveit_config/launch/warehouse.launch
/home/wsl-ubuntu/learm_ws/install/learm_ros2_moveit_config/share/learm_ros2_moveit_config/launch/ompl_planning_pipeline.launch.xml
/home/wsl-ubuntu/learm_ws/install/learm_ros2_moveit_config/share/learm_ros2_moveit_config/launch/stomp_planning_pipeline.launch.xml
/home/wsl-ubuntu/learm_ws/install/learm_ros2_moveit_config/share/learm_ros2_moveit_config/launch/pilz_industrial_motion_planner_planning_pipeline.launch.xml
/home/wsl-ubuntu/learm_ws/install/learm_ros2_moveit_config/share/learm_ros2_moveit_config/launch/simple_moveit_controller_manager.launch.xml
/home/wsl-ubuntu/learm_ws/install/learm_ros2_moveit_config/share/learm_ros2_moveit_config/launch/moveit.rviz
/home/wsl-ubuntu/learm_ws/install/learm_ros2_moveit_config/share/learm_ros2_moveit_config/launch/chomp_planning_pipeline.launch.xml
/home/wsl-ubuntu/learm_ws/install/learm_ros2_moveit_config/share/learm_ros2_moveit_config/launch/joystick_control.launch
/home/wsl-ubuntu/learm_ws/install/learm_ros2_moveit_config/share/learm_ros2_moveit_config/launch/ros_control_moveit_controller_manager.launch.xml
/home/wsl-ubuntu/learm_ws/install/learm_ros2_moveit_config/share/learm_ros2_moveit_config/launch/move_group.launch
/home/wsl-ubuntu/learm_ws/install/learm_ros2_moveit_config/share/learm_ros2_moveit_config/launch/fake_moveit_controller_manager.launch.xml
/home/wsl-ubuntu/learm_ws/install/learm_ros2_moveit_config/share/learm_ros2_moveit_config/launch/ros_controllers.launch
/home/wsl-ubuntu/learm_ws/install/learm_ros2_moveit_config/share/learm_ros2_moveit_config/launch/demo2.launch
/home/wsl-ubuntu/learm_ws/install/learm_ros2_moveit_config/share/learm_ros2_moveit_config/launch/gazebo.launch
/home/wsl-ubuntu/learm_ws/install/learm_ros2_moveit_config/share/learm_ros2_moveit_config/launch/moveit_rviz.launch
/home/wsl-ubuntu/learm_ws/install/learm_ros2_moveit_config/share/learm_ros2_moveit_config/launch/planning_pipeline.launch.xml
/home/wsl-ubuntu/learm_ws/install/learm_ros2_moveit_config/share/learm_ros2_moveit_config/launch/sensor_manager.launch.xml
/home/wsl-ubuntu/learm_ws/install/learm_ros2_moveit_config/share/learm_ros2_moveit_config/launch/demo2.launch.py
/home/wsl-ubuntu/learm_ws/install/learm_ros2_moveit_config/share/learm_ros2_moveit_config/launch/trajectory_execution.launch.xml
/home/wsl-ubuntu/learm_ws/install/learm_ros2_moveit_config/share/learm_ros2_moveit_config/config/chomp_planning.yaml
/home/wsl-ubuntu/learm_ws/install/learm_ros2_moveit_config/share/learm_ros2_moveit_config/config/gazebo_controllers.yaml
/home/wsl-ubuntu/learm_ws/install/learm_ros2_moveit_config/share/learm_ros2_moveit_config/config/simple_moveit_controllers.yaml
/home/wsl-ubuntu/learm_ws/install/learm_ros2_moveit_config/share/learm_ros2_moveit_config/config/cartesian_limits.yaml
/home/wsl-ubuntu/learm_ws/install/learm_ros2_moveit_config/share/learm_ros2_moveit_config/config/sensors_3d.yaml
/home/wsl-ubuntu/learm_ws/install/learm_ros2_moveit_config/share/learm_ros2_moveit_config/config/LeArm.srdf
/home/wsl-ubuntu/learm_ws/install/learm_ros2_moveit_config/share/learm_ros2_moveit_config/config/stomp_planning.yaml
/home/wsl-ubuntu/learm_ws/install/learm_ros2_moveit_config/lib/python3.10/site-packages/learm_ros2_moveit_config-0.0.0-py3.10.egg-info/dependency_links.txt
/home/wsl-ubuntu/learm_ws/install/learm_ros2_moveit_config/lib/python3.10/site-packages/learm_ros2_moveit_config-0.0.0-py3.10.egg-info/PKG-INFO
/home/wsl-ubuntu/learm_ws/install/learm_ros2_moveit_config/lib/python3.10/site-packages/learm_ros2_moveit_config-0.0.0-py3.10.egg-info/SOURCES.txt
/home/wsl-ubuntu/learm_ws/install/learm_ros2_moveit_config/lib/python3.10/site-packages/learm_ros2_moveit_config-0.0.0-py3.10.egg-info/zip-safe
/home/wsl-ubuntu/learm_ws/install/learm_ros2_moveit_config/lib/python3.10/site-packages/learm_ros2_moveit_config-0.0.0-py3.10.egg-info/requires.txt
/home/wsl-ubuntu/learm_ws/install/learm_ros2_moveit_config/lib/python3.10/site-packages/learm_ros2_moveit_config-0.0.0-py3.10.egg-info/top_level.txt
