[0.295s] Invoking command in '/home/lk/learm_ws/build/urdf_example': CMAKE_PREFIX_PATH=/opt/ros/humble /usr/bin/cmake /home/lk/learm_ws/src/urdf_example -DCMAKE_INSTALL_PREFIX=/home/lk/learm_ws/install/urdf_example
[0.395s] -- The C compiler identification is GNU 11.4.0
[0.478s] -- The CXX compiler identification is GNU 11.4.0
[0.489s] -- Detecting C compiler ABI info
[0.551s] -- Detecting C compiler ABI info - done
[0.557s] -- Check for working C compiler: /usr/bin/cc - skipped
[0.558s] -- Detecting C compile features
[0.559s] -- Detecting C compile features - done
[0.562s] -- Detecting CXX compiler ABI info
[0.634s] -- Detecting CXX compiler ABI info - done
[0.641s] -- Check for working CXX compiler: /usr/bin/c++ - skipped
[0.641s] -- Detecting CXX compile features
[0.642s] -- Detecting CXX compile features - done
[0.646s] -- Found ament_cmake: 1.3.5 (/opt/ros/humble/share/ament_cmake/cmake)
[0.791s] -- Found Python3: /usr/bin/python3.10 (found version "3.10.12") found components: Interpreter 
[0.889s] -- Found ament_lint_auto: 0.12.8 (/opt/ros/humble/share/ament_lint_auto/cmake)
[0.968s] -- Added test 'copyright' to check source files copyright and LICENSE
[0.969s] -- Added test 'flake8' to check Python code syntax and style conventions
[0.970s] -- Added test 'lint_cmake' to check CMake code style
[0.970s] -- Added test 'pep257' to check Python code against some of the docstring style conventions in PEP 257
[0.972s] -- Added test 'xmllint' to check XML markup files
[0.973s] -- Configuring done
[0.975s] -- Generating done
[0.976s] -- Build files have been written to: /home/lk/learm_ws/build/urdf_example
[0.986s] Invoked command in '/home/lk/learm_ws/build/urdf_example' returned '0': CMAKE_PREFIX_PATH=/opt/ros/humble /usr/bin/cmake /home/lk/learm_ws/src/urdf_example -DCMAKE_INSTALL_PREFIX=/home/lk/learm_ws/install/urdf_example
[0.987s] Invoking command in '/home/lk/learm_ws/build/urdf_example': CMAKE_PREFIX_PATH=/opt/ros/humble /usr/bin/cmake --build /home/lk/learm_ws/build/urdf_example -- -j12 -l12
[1.253s] Invoked command in '/home/lk/learm_ws/build/urdf_example' returned '0': CMAKE_PREFIX_PATH=/opt/ros/humble /usr/bin/cmake --build /home/lk/learm_ws/build/urdf_example -- -j12 -l12
[1.280s] Invoking command in '/home/lk/learm_ws/build/urdf_example': CMAKE_PREFIX_PATH=/opt/ros/humble /usr/bin/cmake --install /home/lk/learm_ws/build/urdf_example
[1.288s] -- Install configuration: ""
[1.288s] -- Installing: /home/lk/learm_ws/install/urdf_example/share/urdf_example/description
[1.288s] -- Installing: /home/lk/learm_ws/install/urdf_example/share/urdf_example/description/example_gazebo.xacro
[1.288s] -- Installing: /home/lk/learm_ws/install/urdf_example/share/urdf_example/description/learm.urdf.xacro
[1.288s] -- Installing: /home/lk/learm_ws/install/urdf_example/share/urdf_example/description/example_robot.urdf.xacro
[1.288s] -- Installing: /home/lk/learm_ws/install/urdf_example/share/urdf_example/description/example_include.xacro
[1.288s] -- Installing: /home/lk/learm_ws/install/urdf_example/share/urdf_example/launch
[1.289s] -- Installing: /home/lk/learm_ws/install/urdf_example/share/urdf_example/launch/rsp_sim.launch.py
[1.289s] -- Installing: /home/lk/learm_ws/install/urdf_example/share/urdf_example/launch/rsp.launch.py
[1.289s] -- Installing: /home/lk/learm_ws/install/urdf_example/share/urdf_example/worlds
[1.289s] -- Installing: /home/lk/learm_ws/install/urdf_example/share/urdf_example/worlds/test_world.world
[1.289s] -- Installing: /home/lk/learm_ws/install/urdf_example/share/ament_index/resource_index/package_run_dependencies/urdf_example
[1.289s] -- Installing: /home/lk/learm_ws/install/urdf_example/share/ament_index/resource_index/parent_prefix_path/urdf_example
[1.290s] -- Installing: /home/lk/learm_ws/install/urdf_example/share/urdf_example/environment/ament_prefix_path.sh
[1.290s] -- Installing: /home/lk/learm_ws/install/urdf_example/share/urdf_example/environment/ament_prefix_path.dsv
[1.291s] -- Installing: /home/lk/learm_ws/install/urdf_example/share/urdf_example/environment/path.sh
[1.291s] -- Installing: /home/lk/learm_ws/install/urdf_example/share/urdf_example/environment/path.dsv
[1.291s] -- Installing: /home/lk/learm_ws/install/urdf_example/share/urdf_example/local_setup.bash
[1.291s] -- Installing: /home/lk/learm_ws/install/urdf_example/share/urdf_example/local_setup.sh
[1.292s] -- Installing: /home/lk/learm_ws/install/urdf_example/share/urdf_example/local_setup.zsh
[1.292s] -- Installing: /home/lk/learm_ws/install/urdf_example/share/urdf_example/local_setup.dsv
[1.293s] -- Installing: /home/lk/learm_ws/install/urdf_example/share/urdf_example/package.dsv
[1.293s] -- Installing: /home/lk/learm_ws/install/urdf_example/share/ament_index/resource_index/packages/urdf_example
[1.294s] -- Installing: /home/lk/learm_ws/install/urdf_example/share/urdf_example/cmake/urdf_exampleConfig.cmake
[1.294s] -- Installing: /home/lk/learm_ws/install/urdf_example/share/urdf_example/cmake/urdf_exampleConfig-version.cmake
[1.294s] -- Installing: /home/lk/learm_ws/install/urdf_example/share/urdf_example/package.xml
[1.295s] Invoked command in '/home/lk/learm_ws/build/urdf_example' returned '0': CMAKE_PREFIX_PATH=/opt/ros/humble /usr/bin/cmake --install /home/lk/learm_ws/build/urdf_example
