[0.134s] Invoking command in '/home/wsl-ubuntu/learm_ws/build/urdf_example': CMAKE_PREFIX_PATH=${CMAKE_PREFIX_PATH}:/opt/ros/humble /usr/bin/cmake /home/wsl-ubuntu/learm_ws/src/urdf_example -DCMAKE_INSTALL_PREFIX=/home/wsl-ubuntu/learm_ws/install/urdf_example
[0.176s] -- The C compiler identification is GNU 11.4.0
[0.351s] -- The CXX compiler identification is GNU 11.4.0
[0.474s] -- Detecting C compiler ABI info
[0.535s] -- Detecting C compiler ABI info - done
[0.539s] -- Check for working C compiler: /usr/bin/cc - skipped
[0.539s] -- Detecting C compile features
[0.539s] -- Detecting C compile features - done
[0.541s] -- Detecting CXX compiler ABI info
[0.597s] -- Detecting CXX compiler ABI info - done
[0.601s] -- Check for working CXX compiler: /usr/bin/c++ - skipped
[0.601s] -- Detecting CXX compile features
[0.601s] -- Detecting CXX compile features - done
[0.602s] -- Found ament_cmake: 1.3.5 (/opt/ros/humble/share/ament_cmake/cmake)
[0.761s] -- Found Python3: /usr/bin/python3.10 (found version "3.10.12") found components: Interpreter 
[0.801s] -- Found ament_lint_auto: 0.12.8 (/opt/ros/humble/share/ament_lint_auto/cmake)
[0.840s] -- Added test 'copyright' to check source files copyright and LICENSE
[0.841s] -- Added test 'flake8' to check Python code syntax and style conventions
[0.841s] -- Added test 'lint_cmake' to check CMake code style
[0.842s] -- Added test 'pep257' to check Python code against some of the docstring style conventions in PEP 257
[0.842s] -- Added test 'xmllint' to check XML markup files
[0.843s] -- Configuring done
[0.845s] -- Generating done
[0.845s] -- Build files have been written to: /home/wsl-ubuntu/learm_ws/build/urdf_example
[0.848s] Invoked command in '/home/wsl-ubuntu/learm_ws/build/urdf_example' returned '0': CMAKE_PREFIX_PATH=${CMAKE_PREFIX_PATH}:/opt/ros/humble /usr/bin/cmake /home/wsl-ubuntu/learm_ws/src/urdf_example -DCMAKE_INSTALL_PREFIX=/home/wsl-ubuntu/learm_ws/install/urdf_example
[0.850s] Invoking command in '/home/wsl-ubuntu/learm_ws/build/urdf_example': CMAKE_PREFIX_PATH=${CMAKE_PREFIX_PATH}:/opt/ros/humble /usr/bin/cmake --build /home/wsl-ubuntu/learm_ws/build/urdf_example -- -j12 -l12
[0.867s] Invoked command in '/home/wsl-ubuntu/learm_ws/build/urdf_example' returned '0': CMAKE_PREFIX_PATH=${CMAKE_PREFIX_PATH}:/opt/ros/humble /usr/bin/cmake --build /home/wsl-ubuntu/learm_ws/build/urdf_example -- -j12 -l12
[0.882s] Invoking command in '/home/wsl-ubuntu/learm_ws/build/urdf_example': CMAKE_PREFIX_PATH=${CMAKE_PREFIX_PATH}:/opt/ros/humble /usr/bin/cmake --install /home/wsl-ubuntu/learm_ws/build/urdf_example
[0.886s] -- Install configuration: ""
[0.886s] -- Installing: /home/wsl-ubuntu/learm_ws/install/urdf_example/share/urdf_example/description
[0.887s] -- Installing: /home/wsl-ubuntu/learm_ws/install/urdf_example/share/urdf_example/description/example_include.xacro
[0.887s] -- Installing: /home/wsl-ubuntu/learm_ws/install/urdf_example/share/urdf_example/description/example_robot.urdf.xacro
[0.887s] -- Installing: /home/wsl-ubuntu/learm_ws/install/urdf_example/share/urdf_example/description/learm.urdf.xacro
[0.887s] -- Installing: /home/wsl-ubuntu/learm_ws/install/urdf_example/share/urdf_example/description/example_gazebo.xacro
[0.887s] -- Installing: /home/wsl-ubuntu/learm_ws/install/urdf_example/share/urdf_example/launch
[0.888s] -- Installing: /home/wsl-ubuntu/learm_ws/install/urdf_example/share/urdf_example/launch/rsp.launch.py
[0.888s] -- Installing: /home/wsl-ubuntu/learm_ws/install/urdf_example/share/urdf_example/launch/rsp_sim.launch.py
[0.888s] -- Installing: /home/wsl-ubuntu/learm_ws/install/urdf_example/share/urdf_example/worlds
[0.888s] -- Installing: /home/wsl-ubuntu/learm_ws/install/urdf_example/share/urdf_example/worlds/test_world.world
[0.888s] -- Installing: /home/wsl-ubuntu/learm_ws/install/urdf_example/share/ament_index/resource_index/package_run_dependencies/urdf_example
[0.888s] -- Installing: /home/wsl-ubuntu/learm_ws/install/urdf_example/share/ament_index/resource_index/parent_prefix_path/urdf_example
[0.889s] -- Installing: /home/wsl-ubuntu/learm_ws/install/urdf_example/share/urdf_example/environment/ament_prefix_path.sh
[0.889s] -- Installing: /home/wsl-ubuntu/learm_ws/install/urdf_example/share/urdf_example/environment/ament_prefix_path.dsv
[0.889s] -- Installing: /home/wsl-ubuntu/learm_ws/install/urdf_example/share/urdf_example/environment/path.sh
[0.889s] -- Installing: /home/wsl-ubuntu/learm_ws/install/urdf_example/share/urdf_example/environment/path.dsv
[0.889s] -- Installing: /home/wsl-ubuntu/learm_ws/install/urdf_example/share/urdf_example/local_setup.bash
[0.889s] -- Installing: /home/wsl-ubuntu/learm_ws/install/urdf_example/share/urdf_example/local_setup.sh
[0.889s] -- Installing: /home/wsl-ubuntu/learm_ws/install/urdf_example/share/urdf_example/local_setup.zsh
[0.889s] -- Installing: /home/wsl-ubuntu/learm_ws/install/urdf_example/share/urdf_example/local_setup.dsv
[0.889s] -- Installing: /home/wsl-ubuntu/learm_ws/install/urdf_example/share/urdf_example/package.dsv
[0.890s] -- Installing: /home/wsl-ubuntu/learm_ws/install/urdf_example/share/ament_index/resource_index/packages/urdf_example
[0.890s] -- Installing: /home/wsl-ubuntu/learm_ws/install/urdf_example/share/urdf_example/cmake/urdf_exampleConfig.cmake
[0.890s] -- Installing: /home/wsl-ubuntu/learm_ws/install/urdf_example/share/urdf_example/cmake/urdf_exampleConfig-version.cmake
[0.890s] -- Installing: /home/wsl-ubuntu/learm_ws/install/urdf_example/share/urdf_example/package.xml
[0.892s] Invoked command in '/home/wsl-ubuntu/learm_ws/build/urdf_example' returned '0': CMAKE_PREFIX_PATH=${CMAKE_PREFIX_PATH}:/opt/ros/humble /usr/bin/cmake --install /home/wsl-ubuntu/learm_ws/build/urdf_example
