[0.600s] Invoking command in '/home/lk/learm_ws/src/learm_ros2_moveit_config': AMENT_PREFIX_PATH=/home/lk/learm_ws/install/learm_ros2:${AMENT_PREFIX_PATH} PYTHONPATH=/home/lk/learm_ws/build/learm_ros2_moveit_config/prefix_override:/home/lk/learm_ws/install/learm_ros2_moveit_config/lib/python3.10/site-packages:/home/lk/learm_ws/install/learm_ros2/lib/python3.10/site-packages:${PYTHONPATH} /usr/bin/python3 setup.py egg_info --egg-base ../../build/learm_ros2_moveit_config build --build-base /home/lk/learm_ws/build/learm_ros2_moveit_config/build install --record /home/lk/learm_ws/build/learm_ros2_moveit_config/install.log --single-version-externally-managed
[0.792s] running egg_info
[0.792s] writing ../../build/learm_ros2_moveit_config/learm_ros2_moveit_config.egg-info/PKG-INFO
[0.793s] writing dependency_links to ../../build/learm_ros2_moveit_config/learm_ros2_moveit_config.egg-info/dependency_links.txt
[0.793s] writing entry points to ../../build/learm_ros2_moveit_config/learm_ros2_moveit_config.egg-info/entry_points.txt
[0.793s] writing requirements to ../../build/learm_ros2_moveit_config/learm_ros2_moveit_config.egg-info/requires.txt
[0.793s] writing top-level names to ../../build/learm_ros2_moveit_config/learm_ros2_moveit_config.egg-info/top_level.txt
[0.795s] reading manifest file '../../build/learm_ros2_moveit_config/learm_ros2_moveit_config.egg-info/SOURCES.txt'
[0.797s] writing manifest file '../../build/learm_ros2_moveit_config/learm_ros2_moveit_config.egg-info/SOURCES.txt'
[0.797s] running build
[0.797s] running build_py
[0.797s] running install
[0.797s] /usr/lib/python3/dist-packages/setuptools/command/install.py:34: SetuptoolsDeprecationWarning: setup.py install is deprecated. Use build and pip and other standards-based tools.
[0.798s]   warnings.warn(
[0.798s] running install_lib
[0.799s] running install_data
[0.801s] running install_egg_info
[0.802s] removing '/home/lk/learm_ws/install/learm_ros2_moveit_config/lib/python3.10/site-packages/learm_ros2_moveit_config-0.0.0-py3.10.egg-info' (and everything under it)
[0.802s] Copying ../../build/learm_ros2_moveit_config/learm_ros2_moveit_config.egg-info to /home/lk/learm_ws/install/learm_ros2_moveit_config/lib/python3.10/site-packages/learm_ros2_moveit_config-0.0.0-py3.10.egg-info
[0.803s] running install_scripts
[0.819s] writing list of installed files to '/home/lk/learm_ws/build/learm_ros2_moveit_config/install.log'
[0.834s] Invoked command in '/home/lk/learm_ws/src/learm_ros2_moveit_config' returned '0': AMENT_PREFIX_PATH=/home/lk/learm_ws/install/learm_ros2:${AMENT_PREFIX_PATH} PYTHONPATH=/home/lk/learm_ws/build/learm_ros2_moveit_config/prefix_override:/home/lk/learm_ws/install/learm_ros2_moveit_config/lib/python3.10/site-packages:/home/lk/learm_ws/install/learm_ros2/lib/python3.10/site-packages:${PYTHONPATH} /usr/bin/python3 setup.py egg_info --egg-base ../../build/learm_ros2_moveit_config build --build-base /home/lk/learm_ws/build/learm_ros2_moveit_config/build install --record /home/lk/learm_ws/build/learm_ros2_moveit_config/install.log --single-version-externally-managed
